TimeQuest Timing Analyzer report for lab11
Thu May 12 11:44:34 2016
Quartus II 64-Bit Version 13.0.1 Build 232 06/12/2013 Service Pack 1 SJ Full Version


---------------------
; Table of Contents ;
---------------------
  1. Legal Notice
  2. TimeQuest Timing Analyzer Summary
  3. Parallel Compilation
  4. Clocks
  5. Slow Model Fmax Summary
  6. Slow Model Setup Summary
  7. Slow Model Hold Summary
  8. Slow Model Recovery Summary
  9. Slow Model Removal Summary
 10. Slow Model Minimum Pulse Width Summary
 11. Propagation Delay
 12. Minimum Propagation Delay
 13. Fast Model Setup Summary
 14. Fast Model Hold Summary
 15. Fast Model Recovery Summary
 16. Fast Model Removal Summary
 17. Fast Model Minimum Pulse Width Summary
 18. Propagation Delay
 19. Minimum Propagation Delay
 20. Multicorner Timing Analysis Summary
 21. Progagation Delay
 22. Minimum Progagation Delay
 23. Clock Transfers
 24. Report TCCS
 25. Report RSKM
 26. Unconstrained Paths
 27. TimeQuest Timing Analyzer Messages



----------------
; Legal Notice ;
----------------
Copyright (C) 1991-2013 Altera Corporation
Your use of Altera Corporation's design tools, logic functions 
and other software and tools, and its AMPP partner logic 
functions, and any output files from any of the foregoing 
(including device programming or simulation files), and any 
associated documentation or information are expressly subject 
to the terms and conditions of the Altera Program License 
Subscription Agreement, Altera MegaCore Function License 
Agreement, or other applicable license agreement, including, 
without limitation, that your use is for the sole purpose of 
programming logic devices manufactured by Altera and sold by 
Altera or its authorized distributors.  Please refer to the 
applicable agreement for further details.



+-----------------------------------------------------------------------------------------+
; TimeQuest Timing Analyzer Summary                                                       ;
+--------------------+--------------------------------------------------------------------+
; Quartus II Version ; Version 13.0.1 Build 232 06/12/2013 Service Pack 1 SJ Full Version ;
; Revision Name      ; lab11                                                              ;
; Device Family      ; Cyclone II                                                         ;
; Device Name        ; EP2C35F672C6                                                       ;
; Timing Models      ; Final                                                              ;
; Delay Model        ; Combined                                                           ;
; Rise/Fall Delays   ; Unavailable                                                        ;
+--------------------+--------------------------------------------------------------------+


+------------------------------------------+
; Parallel Compilation                     ;
+----------------------------+-------------+
; Processors                 ; Number      ;
+----------------------------+-------------+
; Number detected on machine ; 8           ;
; Maximum allowed            ; 4           ;
;                            ;             ;
; Average used               ; 1.00        ;
; Maximum used               ; 1           ;
;                            ;             ;
; Usage by Processor         ; % Time Used ;
;     Processor 1            ; 100.0%      ;
;     Processors 2-8         ;   0.0%      ;
+----------------------------+-------------+


----------
; Clocks ;
----------
No clocks to report.


---------------------------
; Slow Model Fmax Summary ;
---------------------------
No paths to report.


----------------------------
; Slow Model Setup Summary ;
----------------------------
No paths to report.


---------------------------
; Slow Model Hold Summary ;
---------------------------
No paths to report.


-------------------------------
; Slow Model Recovery Summary ;
-------------------------------
No paths to report.


------------------------------
; Slow Model Removal Summary ;
------------------------------
No paths to report.


------------------------------------------
; Slow Model Minimum Pulse Width Summary ;
------------------------------------------
No paths to report.


+----------------------------------------------------------+
; Propagation Delay                                        ;
+------------+-------------+-------+-------+-------+-------+
; Input Port ; Output Port ; RR    ; RF    ; FR    ; FF    ;
+------------+-------------+-------+-------+-------+-------+
; encrpt[0]  ; h3[0]       ; 9.200 ; 9.200 ; 9.200 ; 9.200 ;
; encrpt[0]  ; h3[1]       ; 9.201 ; 9.201 ; 9.201 ; 9.201 ;
; encrpt[0]  ; h3[2]       ;       ; 9.445 ; 9.445 ;       ;
; encrpt[0]  ; h3[3]       ; 9.484 ; 9.484 ; 9.484 ; 9.484 ;
; encrpt[0]  ; h3[4]       ; 9.201 ;       ;       ; 9.201 ;
; encrpt[0]  ; h3[5]       ; 9.262 ;       ;       ; 9.262 ;
; encrpt[0]  ; h3[6]       ; 9.203 ; 9.203 ; 9.203 ; 9.203 ;
; encrpt[1]  ; h3[0]       ; 9.154 ; 9.154 ; 9.154 ; 9.154 ;
; encrpt[1]  ; h3[1]       ; 9.189 ; 9.189 ; 9.189 ; 9.189 ;
; encrpt[1]  ; h3[2]       ; 9.458 ;       ;       ; 9.458 ;
; encrpt[1]  ; h3[3]       ; 9.470 ; 9.470 ; 9.470 ; 9.470 ;
; encrpt[1]  ; h3[4]       ;       ; 9.188 ; 9.188 ;       ;
; encrpt[1]  ; h3[5]       ; 9.250 ; 9.250 ; 9.250 ; 9.250 ;
; encrpt[1]  ; h3[6]       ; 9.191 ; 9.191 ; 9.191 ; 9.191 ;
; encrpt[2]  ; h3[0]       ; 9.020 ; 9.020 ; 9.020 ; 9.020 ;
; encrpt[2]  ; h3[1]       ; 9.021 ;       ;       ; 9.021 ;
; encrpt[2]  ; h3[2]       ; 9.278 ; 9.278 ; 9.278 ; 9.278 ;
; encrpt[2]  ; h3[3]       ; 9.301 ; 9.301 ; 9.301 ; 9.301 ;
; encrpt[2]  ; h3[4]       ; 9.008 ; 9.008 ; 9.008 ; 9.008 ;
; encrpt[2]  ; h3[5]       ; 9.070 ; 9.070 ; 9.070 ; 9.070 ;
; encrpt[2]  ; h3[6]       ; 9.010 ; 9.010 ; 9.010 ; 9.010 ;
; encrpt[3]  ; h3[0]       ; 8.920 ; 8.920 ; 8.920 ; 8.920 ;
; encrpt[3]  ; h3[1]       ; 8.921 ; 8.921 ; 8.921 ; 8.921 ;
; encrpt[3]  ; h3[2]       ; 9.184 ; 9.184 ; 9.184 ; 9.184 ;
; encrpt[3]  ; h3[3]       ; 9.200 ; 9.200 ; 9.200 ; 9.200 ;
; encrpt[3]  ; h3[4]       ;       ; 8.913 ; 8.913 ;       ;
; encrpt[3]  ; h3[5]       ; 8.975 ; 8.975 ; 8.975 ; 8.975 ;
; encrpt[3]  ; h3[6]       ; 8.915 ; 8.915 ; 8.915 ; 8.915 ;
; encrpt[4]  ; h2[0]       ; 9.006 ; 9.006 ; 9.006 ; 9.006 ;
; encrpt[4]  ; h2[1]       ; 8.858 ; 8.858 ; 8.858 ; 8.858 ;
; encrpt[4]  ; h2[2]       ;       ; 9.129 ; 9.129 ;       ;
; encrpt[4]  ; h2[3]       ; 9.100 ; 9.100 ; 9.100 ; 9.100 ;
; encrpt[4]  ; h2[4]       ; 8.864 ;       ;       ; 8.864 ;
; encrpt[4]  ; h2[5]       ; 9.089 ;       ;       ; 9.089 ;
; encrpt[4]  ; h2[6]       ; 8.874 ; 8.874 ; 8.874 ; 8.874 ;
; encrpt[5]  ; h2[0]       ; 9.111 ; 9.111 ; 9.111 ; 9.111 ;
; encrpt[5]  ; h2[1]       ; 8.967 ; 8.967 ; 8.967 ; 8.967 ;
; encrpt[5]  ; h2[2]       ; 9.254 ;       ;       ; 9.254 ;
; encrpt[5]  ; h2[3]       ; 9.200 ; 9.200 ; 9.200 ; 9.200 ;
; encrpt[5]  ; h2[4]       ;       ; 8.960 ; 8.960 ;       ;
; encrpt[5]  ; h2[5]       ; 9.186 ; 9.186 ; 9.186 ; 9.186 ;
; encrpt[5]  ; h2[6]       ; 8.977 ; 8.977 ; 8.977 ; 8.977 ;
; encrpt[6]  ; h2[0]       ; 9.250 ; 9.250 ; 9.250 ; 9.250 ;
; encrpt[6]  ; h2[1]       ; 9.105 ;       ;       ; 9.105 ;
; encrpt[6]  ; h2[2]       ; 9.392 ; 9.392 ; 9.392 ; 9.392 ;
; encrpt[6]  ; h2[3]       ; 9.337 ; 9.337 ; 9.337 ; 9.337 ;
; encrpt[6]  ; h2[4]       ; 9.094 ; 9.094 ; 9.094 ; 9.094 ;
; encrpt[6]  ; h2[5]       ; 9.321 ; 9.321 ; 9.321 ; 9.321 ;
; encrpt[6]  ; h2[6]       ; 9.116 ; 9.116 ; 9.116 ; 9.116 ;
; encrpt[7]  ; h2[0]       ; 9.122 ; 9.122 ; 9.122 ; 9.122 ;
; encrpt[7]  ; h2[1]       ; 8.979 ; 8.979 ; 8.979 ; 8.979 ;
; encrpt[7]  ; h2[2]       ; 9.278 ; 9.278 ; 9.278 ; 9.278 ;
; encrpt[7]  ; h2[3]       ; 9.198 ; 9.198 ; 9.198 ; 9.198 ;
; encrpt[7]  ; h2[4]       ;       ; 8.984 ; 8.984 ;       ;
; encrpt[7]  ; h2[5]       ; 9.211 ; 9.211 ; 9.211 ; 9.211 ;
; encrpt[7]  ; h2[6]       ; 8.990 ; 8.990 ; 8.990 ; 8.990 ;
; encrpt[8]  ; h1[0]       ; 9.220 ; 9.220 ; 9.220 ; 9.220 ;
; encrpt[8]  ; h1[1]       ; 9.252 ; 9.252 ; 9.252 ; 9.252 ;
; encrpt[8]  ; h1[2]       ;       ; 9.617 ; 9.617 ;       ;
; encrpt[8]  ; h1[3]       ; 9.211 ; 9.211 ; 9.211 ; 9.211 ;
; encrpt[8]  ; h1[4]       ; 9.230 ;       ;       ; 9.230 ;
; encrpt[8]  ; h1[5]       ; 9.571 ;       ;       ; 9.571 ;
; encrpt[8]  ; h1[6]       ; 9.232 ; 9.232 ; 9.232 ; 9.232 ;
; encrpt[9]  ; h1[0]       ; 9.075 ; 9.075 ; 9.075 ; 9.075 ;
; encrpt[9]  ; h1[1]       ; 9.107 ; 9.107 ; 9.107 ; 9.107 ;
; encrpt[9]  ; h1[2]       ; 9.485 ;       ;       ; 9.485 ;
; encrpt[9]  ; h1[3]       ; 9.061 ; 9.061 ; 9.061 ; 9.061 ;
; encrpt[9]  ; h1[4]       ;       ; 9.071 ; 9.071 ;       ;
; encrpt[9]  ; h1[5]       ; 9.417 ; 9.417 ; 9.417 ; 9.417 ;
; encrpt[9]  ; h1[6]       ; 9.079 ; 9.079 ; 9.079 ; 9.079 ;
; encrpt[10] ; h1[0]       ; 8.890 ; 8.890 ; 8.890 ; 8.890 ;
; encrpt[10] ; h1[1]       ; 8.921 ;       ;       ; 8.921 ;
; encrpt[10] ; h1[2]       ; 9.297 ; 9.297 ; 9.297 ; 9.297 ;
; encrpt[10] ; h1[3]       ; 8.877 ; 8.877 ; 8.877 ; 8.877 ;
; encrpt[10] ; h1[4]       ; 8.882 ; 8.882 ; 8.882 ; 8.882 ;
; encrpt[10] ; h1[5]       ; 9.228 ; 9.228 ; 9.228 ; 9.228 ;
; encrpt[10] ; h1[6]       ; 8.895 ; 8.895 ; 8.895 ; 8.895 ;
; encrpt[11] ; h1[0]       ; 9.178 ; 9.178 ; 9.178 ; 9.178 ;
; encrpt[11] ; h1[1]       ; 9.210 ; 9.210 ; 9.210 ; 9.210 ;
; encrpt[11] ; h1[2]       ; 9.573 ; 9.573 ; 9.573 ; 9.573 ;
; encrpt[11] ; h1[3]       ; 9.169 ; 9.169 ; 9.169 ; 9.169 ;
; encrpt[11] ; h1[4]       ;       ; 9.182 ; 9.182 ;       ;
; encrpt[11] ; h1[5]       ; 9.497 ; 9.497 ; 9.497 ; 9.497 ;
; encrpt[11] ; h1[6]       ; 9.186 ; 9.186 ; 9.186 ; 9.186 ;
; encrpt[12] ; h0[0]       ; 9.371 ; 9.371 ; 9.371 ; 9.371 ;
; encrpt[12] ; h0[1]       ; 9.481 ; 9.481 ; 9.481 ; 9.481 ;
; encrpt[12] ; h0[2]       ;       ; 9.168 ; 9.168 ;       ;
; encrpt[12] ; h0[3]       ; 9.452 ; 9.452 ; 9.452 ; 9.452 ;
; encrpt[12] ; h0[4]       ; 9.353 ;       ;       ; 9.353 ;
; encrpt[12] ; h0[5]       ; 9.496 ;       ;       ; 9.496 ;
; encrpt[12] ; h0[6]       ; 9.195 ; 9.195 ; 9.195 ; 9.195 ;
; encrpt[13] ; h0[0]       ; 9.084 ; 9.084 ; 9.084 ; 9.084 ;
; encrpt[13] ; h0[1]       ; 9.197 ; 9.197 ; 9.197 ; 9.197 ;
; encrpt[13] ; h0[2]       ; 8.917 ;       ;       ; 8.917 ;
; encrpt[13] ; h0[3]       ; 9.170 ; 9.170 ; 9.170 ; 9.170 ;
; encrpt[13] ; h0[4]       ;       ; 9.078 ; 9.078 ;       ;
; encrpt[13] ; h0[5]       ; 9.221 ; 9.221 ; 9.221 ; 9.221 ;
; encrpt[13] ; h0[6]       ; 8.919 ; 8.919 ; 8.919 ; 8.919 ;
; encrpt[14] ; h0[0]       ; 9.062 ; 9.062 ; 9.062 ; 9.062 ;
; encrpt[14] ; h0[1]       ; 9.176 ;       ;       ; 9.176 ;
; encrpt[14] ; h0[2]       ; 8.885 ; 8.885 ; 8.885 ; 8.885 ;
; encrpt[14] ; h0[3]       ; 9.142 ; 9.142 ; 9.142 ; 9.142 ;
; encrpt[14] ; h0[4]       ; 9.042 ; 9.042 ; 9.042 ; 9.042 ;
; encrpt[14] ; h0[5]       ; 9.186 ; 9.186 ; 9.186 ; 9.186 ;
; encrpt[14] ; h0[6]       ; 8.886 ; 8.886 ; 8.886 ; 8.886 ;
; encrpt[15] ; h0[0]       ; 8.924 ; 8.924 ; 8.924 ; 8.924 ;
; encrpt[15] ; h0[1]       ; 9.037 ; 9.037 ; 9.037 ; 9.037 ;
; encrpt[15] ; h0[2]       ; 8.751 ; 8.751 ; 8.751 ; 8.751 ;
; encrpt[15] ; h0[3]       ; 9.007 ; 9.007 ; 9.007 ; 9.007 ;
; encrpt[15] ; h0[4]       ;       ; 8.900 ; 8.900 ;       ;
; encrpt[15] ; h0[5]       ; 9.046 ; 9.046 ; 9.046 ; 9.046 ;
; encrpt[15] ; h0[6]       ; 8.743 ; 8.743 ; 8.743 ; 8.743 ;
+------------+-------------+-------+-------+-------+-------+


+----------------------------------------------------------+
; Minimum Propagation Delay                                ;
+------------+-------------+-------+-------+-------+-------+
; Input Port ; Output Port ; RR    ; RF    ; FR    ; FF    ;
+------------+-------------+-------+-------+-------+-------+
; encrpt[0]  ; h3[0]       ; 9.200 ; 9.200 ; 9.200 ; 9.200 ;
; encrpt[0]  ; h3[1]       ; 9.201 ; 9.201 ; 9.201 ; 9.201 ;
; encrpt[0]  ; h3[2]       ;       ; 9.445 ; 9.445 ;       ;
; encrpt[0]  ; h3[3]       ; 9.484 ; 9.484 ; 9.484 ; 9.484 ;
; encrpt[0]  ; h3[4]       ; 9.201 ;       ;       ; 9.201 ;
; encrpt[0]  ; h3[5]       ; 9.262 ;       ;       ; 9.262 ;
; encrpt[0]  ; h3[6]       ; 9.203 ; 9.203 ; 9.203 ; 9.203 ;
; encrpt[1]  ; h3[0]       ; 9.154 ; 9.154 ; 9.154 ; 9.154 ;
; encrpt[1]  ; h3[1]       ; 9.189 ; 9.189 ; 9.189 ; 9.189 ;
; encrpt[1]  ; h3[2]       ; 9.458 ;       ;       ; 9.458 ;
; encrpt[1]  ; h3[3]       ; 9.470 ; 9.470 ; 9.470 ; 9.470 ;
; encrpt[1]  ; h3[4]       ;       ; 9.188 ; 9.188 ;       ;
; encrpt[1]  ; h3[5]       ; 9.250 ; 9.250 ; 9.250 ; 9.250 ;
; encrpt[1]  ; h3[6]       ; 9.191 ; 9.191 ; 9.191 ; 9.191 ;
; encrpt[2]  ; h3[0]       ; 9.020 ; 9.020 ; 9.020 ; 9.020 ;
; encrpt[2]  ; h3[1]       ; 9.021 ;       ;       ; 9.021 ;
; encrpt[2]  ; h3[2]       ; 9.278 ; 9.278 ; 9.278 ; 9.278 ;
; encrpt[2]  ; h3[3]       ; 9.301 ; 9.301 ; 9.301 ; 9.301 ;
; encrpt[2]  ; h3[4]       ; 9.008 ; 9.008 ; 9.008 ; 9.008 ;
; encrpt[2]  ; h3[5]       ; 9.070 ; 9.070 ; 9.070 ; 9.070 ;
; encrpt[2]  ; h3[6]       ; 9.010 ; 9.010 ; 9.010 ; 9.010 ;
; encrpt[3]  ; h3[0]       ; 8.920 ; 8.920 ; 8.920 ; 8.920 ;
; encrpt[3]  ; h3[1]       ; 8.921 ; 8.921 ; 8.921 ; 8.921 ;
; encrpt[3]  ; h3[2]       ; 9.184 ; 9.184 ; 9.184 ; 9.184 ;
; encrpt[3]  ; h3[3]       ; 9.200 ; 9.200 ; 9.200 ; 9.200 ;
; encrpt[3]  ; h3[4]       ;       ; 8.913 ; 8.913 ;       ;
; encrpt[3]  ; h3[5]       ; 8.975 ; 8.975 ; 8.975 ; 8.975 ;
; encrpt[3]  ; h3[6]       ; 8.915 ; 8.915 ; 8.915 ; 8.915 ;
; encrpt[4]  ; h2[0]       ; 9.006 ; 9.006 ; 9.006 ; 9.006 ;
; encrpt[4]  ; h2[1]       ; 8.858 ; 8.858 ; 8.858 ; 8.858 ;
; encrpt[4]  ; h2[2]       ;       ; 9.129 ; 9.129 ;       ;
; encrpt[4]  ; h2[3]       ; 9.100 ; 9.100 ; 9.100 ; 9.100 ;
; encrpt[4]  ; h2[4]       ; 8.864 ;       ;       ; 8.864 ;
; encrpt[4]  ; h2[5]       ; 9.089 ;       ;       ; 9.089 ;
; encrpt[4]  ; h2[6]       ; 8.874 ; 8.874 ; 8.874 ; 8.874 ;
; encrpt[5]  ; h2[0]       ; 9.111 ; 9.111 ; 9.111 ; 9.111 ;
; encrpt[5]  ; h2[1]       ; 8.967 ; 8.967 ; 8.967 ; 8.967 ;
; encrpt[5]  ; h2[2]       ; 9.254 ;       ;       ; 9.254 ;
; encrpt[5]  ; h2[3]       ; 9.200 ; 9.200 ; 9.200 ; 9.200 ;
; encrpt[5]  ; h2[4]       ;       ; 8.960 ; 8.960 ;       ;
; encrpt[5]  ; h2[5]       ; 9.186 ; 9.186 ; 9.186 ; 9.186 ;
; encrpt[5]  ; h2[6]       ; 8.977 ; 8.977 ; 8.977 ; 8.977 ;
; encrpt[6]  ; h2[0]       ; 9.250 ; 9.250 ; 9.250 ; 9.250 ;
; encrpt[6]  ; h2[1]       ; 9.105 ;       ;       ; 9.105 ;
; encrpt[6]  ; h2[2]       ; 9.392 ; 9.392 ; 9.392 ; 9.392 ;
; encrpt[6]  ; h2[3]       ; 9.337 ; 9.337 ; 9.337 ; 9.337 ;
; encrpt[6]  ; h2[4]       ; 9.094 ; 9.094 ; 9.094 ; 9.094 ;
; encrpt[6]  ; h2[5]       ; 9.321 ; 9.321 ; 9.321 ; 9.321 ;
; encrpt[6]  ; h2[6]       ; 9.116 ; 9.116 ; 9.116 ; 9.116 ;
; encrpt[7]  ; h2[0]       ; 9.122 ; 9.122 ; 9.122 ; 9.122 ;
; encrpt[7]  ; h2[1]       ; 8.979 ; 8.979 ; 8.979 ; 8.979 ;
; encrpt[7]  ; h2[2]       ; 9.278 ; 9.278 ; 9.278 ; 9.278 ;
; encrpt[7]  ; h2[3]       ; 9.198 ; 9.198 ; 9.198 ; 9.198 ;
; encrpt[7]  ; h2[4]       ;       ; 8.984 ; 8.984 ;       ;
; encrpt[7]  ; h2[5]       ; 9.211 ; 9.211 ; 9.211 ; 9.211 ;
; encrpt[7]  ; h2[6]       ; 8.990 ; 8.990 ; 8.990 ; 8.990 ;
; encrpt[8]  ; h1[0]       ; 9.220 ; 9.220 ; 9.220 ; 9.220 ;
; encrpt[8]  ; h1[1]       ; 9.252 ; 9.252 ; 9.252 ; 9.252 ;
; encrpt[8]  ; h1[2]       ;       ; 9.617 ; 9.617 ;       ;
; encrpt[8]  ; h1[3]       ; 9.211 ; 9.211 ; 9.211 ; 9.211 ;
; encrpt[8]  ; h1[4]       ; 9.230 ;       ;       ; 9.230 ;
; encrpt[8]  ; h1[5]       ; 9.571 ;       ;       ; 9.571 ;
; encrpt[8]  ; h1[6]       ; 9.232 ; 9.232 ; 9.232 ; 9.232 ;
; encrpt[9]  ; h1[0]       ; 9.075 ; 9.075 ; 9.075 ; 9.075 ;
; encrpt[9]  ; h1[1]       ; 9.107 ; 9.107 ; 9.107 ; 9.107 ;
; encrpt[9]  ; h1[2]       ; 9.485 ;       ;       ; 9.485 ;
; encrpt[9]  ; h1[3]       ; 9.061 ; 9.061 ; 9.061 ; 9.061 ;
; encrpt[9]  ; h1[4]       ;       ; 9.071 ; 9.071 ;       ;
; encrpt[9]  ; h1[5]       ; 9.417 ; 9.417 ; 9.417 ; 9.417 ;
; encrpt[9]  ; h1[6]       ; 9.079 ; 9.079 ; 9.079 ; 9.079 ;
; encrpt[10] ; h1[0]       ; 8.890 ; 8.890 ; 8.890 ; 8.890 ;
; encrpt[10] ; h1[1]       ; 8.921 ;       ;       ; 8.921 ;
; encrpt[10] ; h1[2]       ; 9.297 ; 9.297 ; 9.297 ; 9.297 ;
; encrpt[10] ; h1[3]       ; 8.877 ; 8.877 ; 8.877 ; 8.877 ;
; encrpt[10] ; h1[4]       ; 8.882 ; 8.882 ; 8.882 ; 8.882 ;
; encrpt[10] ; h1[5]       ; 9.228 ; 9.228 ; 9.228 ; 9.228 ;
; encrpt[10] ; h1[6]       ; 8.895 ; 8.895 ; 8.895 ; 8.895 ;
; encrpt[11] ; h1[0]       ; 9.178 ; 9.178 ; 9.178 ; 9.178 ;
; encrpt[11] ; h1[1]       ; 9.210 ; 9.210 ; 9.210 ; 9.210 ;
; encrpt[11] ; h1[2]       ; 9.573 ; 9.573 ; 9.573 ; 9.573 ;
; encrpt[11] ; h1[3]       ; 9.169 ; 9.169 ; 9.169 ; 9.169 ;
; encrpt[11] ; h1[4]       ;       ; 9.182 ; 9.182 ;       ;
; encrpt[11] ; h1[5]       ; 9.497 ; 9.497 ; 9.497 ; 9.497 ;
; encrpt[11] ; h1[6]       ; 9.186 ; 9.186 ; 9.186 ; 9.186 ;
; encrpt[12] ; h0[0]       ; 9.371 ; 9.371 ; 9.371 ; 9.371 ;
; encrpt[12] ; h0[1]       ; 9.481 ; 9.481 ; 9.481 ; 9.481 ;
; encrpt[12] ; h0[2]       ;       ; 9.168 ; 9.168 ;       ;
; encrpt[12] ; h0[3]       ; 9.452 ; 9.452 ; 9.452 ; 9.452 ;
; encrpt[12] ; h0[4]       ; 9.353 ;       ;       ; 9.353 ;
; encrpt[12] ; h0[5]       ; 9.496 ;       ;       ; 9.496 ;
; encrpt[12] ; h0[6]       ; 9.195 ; 9.195 ; 9.195 ; 9.195 ;
; encrpt[13] ; h0[0]       ; 9.084 ; 9.084 ; 9.084 ; 9.084 ;
; encrpt[13] ; h0[1]       ; 9.197 ; 9.197 ; 9.197 ; 9.197 ;
; encrpt[13] ; h0[2]       ; 8.917 ;       ;       ; 8.917 ;
; encrpt[13] ; h0[3]       ; 9.170 ; 9.170 ; 9.170 ; 9.170 ;
; encrpt[13] ; h0[4]       ;       ; 9.078 ; 9.078 ;       ;
; encrpt[13] ; h0[5]       ; 9.221 ; 9.221 ; 9.221 ; 9.221 ;
; encrpt[13] ; h0[6]       ; 8.919 ; 8.919 ; 8.919 ; 8.919 ;
; encrpt[14] ; h0[0]       ; 9.062 ; 9.062 ; 9.062 ; 9.062 ;
; encrpt[14] ; h0[1]       ; 9.176 ;       ;       ; 9.176 ;
; encrpt[14] ; h0[2]       ; 8.885 ; 8.885 ; 8.885 ; 8.885 ;
; encrpt[14] ; h0[3]       ; 9.142 ; 9.142 ; 9.142 ; 9.142 ;
; encrpt[14] ; h0[4]       ; 9.042 ; 9.042 ; 9.042 ; 9.042 ;
; encrpt[14] ; h0[5]       ; 9.186 ; 9.186 ; 9.186 ; 9.186 ;
; encrpt[14] ; h0[6]       ; 8.886 ; 8.886 ; 8.886 ; 8.886 ;
; encrpt[15] ; h0[0]       ; 8.924 ; 8.924 ; 8.924 ; 8.924 ;
; encrpt[15] ; h0[1]       ; 9.037 ; 9.037 ; 9.037 ; 9.037 ;
; encrpt[15] ; h0[2]       ; 8.751 ; 8.751 ; 8.751 ; 8.751 ;
; encrpt[15] ; h0[3]       ; 9.007 ; 9.007 ; 9.007 ; 9.007 ;
; encrpt[15] ; h0[4]       ;       ; 8.900 ; 8.900 ;       ;
; encrpt[15] ; h0[5]       ; 9.046 ; 9.046 ; 9.046 ; 9.046 ;
; encrpt[15] ; h0[6]       ; 8.743 ; 8.743 ; 8.743 ; 8.743 ;
+------------+-------------+-------+-------+-------+-------+


----------------------------
; Fast Model Setup Summary ;
----------------------------
No paths to report.


---------------------------
; Fast Model Hold Summary ;
---------------------------
No paths to report.


-------------------------------
; Fast Model Recovery Summary ;
-------------------------------
No paths to report.


------------------------------
; Fast Model Removal Summary ;
------------------------------
No paths to report.


------------------------------------------
; Fast Model Minimum Pulse Width Summary ;
------------------------------------------
No paths to report.


+----------------------------------------------------------+
; Propagation Delay                                        ;
+------------+-------------+-------+-------+-------+-------+
; Input Port ; Output Port ; RR    ; RF    ; FR    ; FF    ;
+------------+-------------+-------+-------+-------+-------+
; encrpt[0]  ; h3[0]       ; 5.171 ; 5.171 ; 5.171 ; 5.171 ;
; encrpt[0]  ; h3[1]       ; 5.167 ; 5.167 ; 5.167 ; 5.167 ;
; encrpt[0]  ; h3[2]       ;       ; 5.276 ; 5.276 ;       ;
; encrpt[0]  ; h3[3]       ; 5.295 ; 5.295 ; 5.295 ; 5.295 ;
; encrpt[0]  ; h3[4]       ; 5.167 ;       ;       ; 5.167 ;
; encrpt[0]  ; h3[5]       ; 5.228 ;       ;       ; 5.228 ;
; encrpt[0]  ; h3[6]       ; 5.163 ; 5.163 ; 5.163 ; 5.163 ;
; encrpt[1]  ; h3[0]       ; 5.159 ; 5.159 ; 5.159 ; 5.159 ;
; encrpt[1]  ; h3[1]       ; 5.161 ; 5.161 ; 5.161 ; 5.161 ;
; encrpt[1]  ; h3[2]       ; 5.274 ;       ;       ; 5.274 ;
; encrpt[1]  ; h3[3]       ; 5.295 ; 5.295 ; 5.295 ; 5.295 ;
; encrpt[1]  ; h3[4]       ;       ; 5.160 ; 5.160 ;       ;
; encrpt[1]  ; h3[5]       ; 5.221 ; 5.221 ; 5.221 ; 5.221 ;
; encrpt[1]  ; h3[6]       ; 5.160 ; 5.160 ; 5.160 ; 5.160 ;
; encrpt[2]  ; h3[0]       ; 5.090 ; 5.090 ; 5.090 ; 5.090 ;
; encrpt[2]  ; h3[1]       ; 5.091 ;       ;       ; 5.091 ;
; encrpt[2]  ; h3[2]       ; 5.194 ; 5.194 ; 5.194 ; 5.194 ;
; encrpt[2]  ; h3[3]       ; 5.215 ; 5.215 ; 5.215 ; 5.215 ;
; encrpt[2]  ; h3[4]       ; 5.078 ; 5.078 ; 5.078 ; 5.078 ;
; encrpt[2]  ; h3[5]       ; 5.142 ; 5.142 ; 5.142 ; 5.142 ;
; encrpt[2]  ; h3[6]       ; 5.078 ; 5.078 ; 5.078 ; 5.078 ;
; encrpt[3]  ; h3[0]       ; 5.044 ; 5.044 ; 5.044 ; 5.044 ;
; encrpt[3]  ; h3[1]       ; 5.045 ; 5.045 ; 5.045 ; 5.045 ;
; encrpt[3]  ; h3[2]       ; 5.151 ; 5.151 ; 5.151 ; 5.151 ;
; encrpt[3]  ; h3[3]       ; 5.169 ; 5.169 ; 5.169 ; 5.169 ;
; encrpt[3]  ; h3[4]       ;       ; 5.037 ; 5.037 ;       ;
; encrpt[3]  ; h3[5]       ; 5.098 ; 5.098 ; 5.098 ; 5.098 ;
; encrpt[3]  ; h3[6]       ; 5.038 ; 5.038 ; 5.038 ; 5.038 ;
; encrpt[4]  ; h2[0]       ; 5.080 ; 5.080 ; 5.080 ; 5.080 ;
; encrpt[4]  ; h2[1]       ; 5.016 ; 5.016 ; 5.016 ; 5.016 ;
; encrpt[4]  ; h2[2]       ;       ; 5.152 ; 5.152 ;       ;
; encrpt[4]  ; h2[3]       ; 5.121 ; 5.121 ; 5.121 ; 5.121 ;
; encrpt[4]  ; h2[4]       ; 5.022 ;       ;       ; 5.022 ;
; encrpt[4]  ; h2[5]       ; 5.107 ;       ;       ; 5.107 ;
; encrpt[4]  ; h2[6]       ; 5.025 ; 5.025 ; 5.025 ; 5.025 ;
; encrpt[5]  ; h2[0]       ; 5.149 ; 5.149 ; 5.149 ; 5.149 ;
; encrpt[5]  ; h2[1]       ; 5.090 ; 5.090 ; 5.090 ; 5.090 ;
; encrpt[5]  ; h2[2]       ; 5.222 ;       ;       ; 5.222 ;
; encrpt[5]  ; h2[3]       ; 5.185 ; 5.185 ; 5.185 ; 5.185 ;
; encrpt[5]  ; h2[4]       ;       ; 5.084 ; 5.084 ;       ;
; encrpt[5]  ; h2[5]       ; 5.174 ; 5.174 ; 5.174 ; 5.174 ;
; encrpt[5]  ; h2[6]       ; 5.099 ; 5.099 ; 5.099 ; 5.099 ;
; encrpt[6]  ; h2[0]       ; 5.206 ; 5.206 ; 5.206 ; 5.206 ;
; encrpt[6]  ; h2[1]       ; 5.147 ;       ;       ; 5.147 ;
; encrpt[6]  ; h2[2]       ; 5.277 ; 5.277 ; 5.277 ; 5.277 ;
; encrpt[6]  ; h2[3]       ; 5.239 ; 5.239 ; 5.239 ; 5.239 ;
; encrpt[6]  ; h2[4]       ; 5.135 ; 5.135 ; 5.135 ; 5.135 ;
; encrpt[6]  ; h2[5]       ; 5.226 ; 5.226 ; 5.226 ; 5.226 ;
; encrpt[6]  ; h2[6]       ; 5.156 ; 5.156 ; 5.156 ; 5.156 ;
; encrpt[7]  ; h2[0]       ; 5.141 ; 5.141 ; 5.141 ; 5.141 ;
; encrpt[7]  ; h2[1]       ; 5.074 ; 5.074 ; 5.074 ; 5.074 ;
; encrpt[7]  ; h2[2]       ; 5.216 ; 5.216 ; 5.216 ; 5.216 ;
; encrpt[7]  ; h2[3]       ; 5.182 ; 5.182 ; 5.182 ; 5.182 ;
; encrpt[7]  ; h2[4]       ;       ; 5.083 ; 5.083 ;       ;
; encrpt[7]  ; h2[5]       ; 5.172 ; 5.172 ; 5.172 ; 5.172 ;
; encrpt[7]  ; h2[6]       ; 5.084 ; 5.084 ; 5.084 ; 5.084 ;
; encrpt[8]  ; h1[0]       ; 5.139 ; 5.139 ; 5.139 ; 5.139 ;
; encrpt[8]  ; h1[1]       ; 5.170 ; 5.170 ; 5.170 ; 5.170 ;
; encrpt[8]  ; h1[2]       ;       ; 5.387 ; 5.387 ;       ;
; encrpt[8]  ; h1[3]       ; 5.149 ; 5.149 ; 5.149 ; 5.149 ;
; encrpt[8]  ; h1[4]       ; 5.147 ;       ;       ; 5.147 ;
; encrpt[8]  ; h1[5]       ; 5.373 ;       ;       ; 5.373 ;
; encrpt[8]  ; h1[6]       ; 5.146 ; 5.146 ; 5.146 ; 5.146 ;
; encrpt[9]  ; h1[0]       ; 5.077 ; 5.077 ; 5.077 ; 5.077 ;
; encrpt[9]  ; h1[1]       ; 5.107 ; 5.107 ; 5.107 ; 5.107 ;
; encrpt[9]  ; h1[2]       ; 5.309 ;       ;       ; 5.309 ;
; encrpt[9]  ; h1[3]       ; 5.081 ; 5.081 ; 5.081 ; 5.081 ;
; encrpt[9]  ; h1[4]       ;       ; 5.073 ; 5.073 ;       ;
; encrpt[9]  ; h1[5]       ; 5.293 ; 5.293 ; 5.293 ; 5.293 ;
; encrpt[9]  ; h1[6]       ; 5.078 ; 5.078 ; 5.078 ; 5.078 ;
; encrpt[10] ; h1[0]       ; 5.014 ; 5.014 ; 5.014 ; 5.014 ;
; encrpt[10] ; h1[1]       ; 5.045 ;       ;       ; 5.045 ;
; encrpt[10] ; h1[2]       ; 5.242 ; 5.242 ; 5.242 ; 5.242 ;
; encrpt[10] ; h1[3]       ; 5.018 ; 5.018 ; 5.018 ; 5.018 ;
; encrpt[10] ; h1[4]       ; 5.006 ; 5.006 ; 5.006 ; 5.006 ;
; encrpt[10] ; h1[5]       ; 5.227 ; 5.227 ; 5.227 ; 5.227 ;
; encrpt[10] ; h1[6]       ; 5.015 ; 5.015 ; 5.015 ; 5.015 ;
; encrpt[11] ; h1[0]       ; 5.117 ; 5.117 ; 5.117 ; 5.117 ;
; encrpt[11] ; h1[1]       ; 5.148 ; 5.148 ; 5.148 ; 5.148 ;
; encrpt[11] ; h1[2]       ; 5.364 ; 5.364 ; 5.364 ; 5.364 ;
; encrpt[11] ; h1[3]       ; 5.126 ; 5.126 ; 5.126 ; 5.126 ;
; encrpt[11] ; h1[4]       ;       ; 5.121 ; 5.121 ;       ;
; encrpt[11] ; h1[5]       ; 5.342 ; 5.342 ; 5.342 ; 5.342 ;
; encrpt[11] ; h1[6]       ; 5.122 ; 5.122 ; 5.122 ; 5.122 ;
; encrpt[12] ; h0[0]       ; 5.216 ; 5.216 ; 5.216 ; 5.216 ;
; encrpt[12] ; h0[1]       ; 5.259 ; 5.259 ; 5.259 ; 5.259 ;
; encrpt[12] ; h0[2]       ;       ; 5.131 ; 5.131 ;       ;
; encrpt[12] ; h0[3]       ; 5.230 ; 5.230 ; 5.230 ; 5.230 ;
; encrpt[12] ; h0[4]       ; 5.202 ;       ;       ; 5.202 ;
; encrpt[12] ; h0[5]       ; 5.269 ;       ;       ; 5.269 ;
; encrpt[12] ; h0[6]       ; 5.132 ; 5.132 ; 5.132 ; 5.132 ;
; encrpt[13] ; h0[0]       ; 5.103 ; 5.103 ; 5.103 ; 5.103 ;
; encrpt[13] ; h0[1]       ; 5.154 ; 5.154 ; 5.154 ; 5.154 ;
; encrpt[13] ; h0[2]       ; 5.033 ;       ;       ; 5.033 ;
; encrpt[13] ; h0[3]       ; 5.126 ; 5.126 ; 5.126 ; 5.126 ;
; encrpt[13] ; h0[4]       ;       ; 5.101 ; 5.101 ;       ;
; encrpt[13] ; h0[5]       ; 5.174 ; 5.174 ; 5.174 ; 5.174 ;
; encrpt[13] ; h0[6]       ; 5.036 ; 5.036 ; 5.036 ; 5.036 ;
; encrpt[14] ; h0[0]       ; 5.090 ; 5.090 ; 5.090 ; 5.090 ;
; encrpt[14] ; h0[1]       ; 5.140 ;       ;       ; 5.140 ;
; encrpt[14] ; h0[2]       ; 5.009 ; 5.009 ; 5.009 ; 5.009 ;
; encrpt[14] ; h0[3]       ; 5.106 ; 5.106 ; 5.106 ; 5.106 ;
; encrpt[14] ; h0[4]       ; 5.070 ; 5.070 ; 5.070 ; 5.070 ;
; encrpt[14] ; h0[5]       ; 5.144 ; 5.144 ; 5.144 ; 5.144 ;
; encrpt[14] ; h0[6]       ; 5.007 ; 5.007 ; 5.007 ; 5.007 ;
; encrpt[15] ; h0[0]       ; 5.027 ; 5.027 ; 5.027 ; 5.027 ;
; encrpt[15] ; h0[1]       ; 5.073 ; 5.073 ; 5.073 ; 5.073 ;
; encrpt[15] ; h0[2]       ; 4.945 ; 4.945 ; 4.945 ; 4.945 ;
; encrpt[15] ; h0[3]       ; 5.042 ; 5.042 ; 5.042 ; 5.042 ;
; encrpt[15] ; h0[4]       ;       ; 5.001 ; 5.001 ;       ;
; encrpt[15] ; h0[5]       ; 5.080 ; 5.080 ; 5.080 ; 5.080 ;
; encrpt[15] ; h0[6]       ; 4.942 ; 4.942 ; 4.942 ; 4.942 ;
+------------+-------------+-------+-------+-------+-------+


+----------------------------------------------------------+
; Minimum Propagation Delay                                ;
+------------+-------------+-------+-------+-------+-------+
; Input Port ; Output Port ; RR    ; RF    ; FR    ; FF    ;
+------------+-------------+-------+-------+-------+-------+
; encrpt[0]  ; h3[0]       ; 5.171 ; 5.171 ; 5.171 ; 5.171 ;
; encrpt[0]  ; h3[1]       ; 5.167 ; 5.167 ; 5.167 ; 5.167 ;
; encrpt[0]  ; h3[2]       ;       ; 5.276 ; 5.276 ;       ;
; encrpt[0]  ; h3[3]       ; 5.295 ; 5.295 ; 5.295 ; 5.295 ;
; encrpt[0]  ; h3[4]       ; 5.167 ;       ;       ; 5.167 ;
; encrpt[0]  ; h3[5]       ; 5.228 ;       ;       ; 5.228 ;
; encrpt[0]  ; h3[6]       ; 5.163 ; 5.163 ; 5.163 ; 5.163 ;
; encrpt[1]  ; h3[0]       ; 5.159 ; 5.159 ; 5.159 ; 5.159 ;
; encrpt[1]  ; h3[1]       ; 5.161 ; 5.161 ; 5.161 ; 5.161 ;
; encrpt[1]  ; h3[2]       ; 5.274 ;       ;       ; 5.274 ;
; encrpt[1]  ; h3[3]       ; 5.295 ; 5.295 ; 5.295 ; 5.295 ;
; encrpt[1]  ; h3[4]       ;       ; 5.160 ; 5.160 ;       ;
; encrpt[1]  ; h3[5]       ; 5.221 ; 5.221 ; 5.221 ; 5.221 ;
; encrpt[1]  ; h3[6]       ; 5.160 ; 5.160 ; 5.160 ; 5.160 ;
; encrpt[2]  ; h3[0]       ; 5.090 ; 5.090 ; 5.090 ; 5.090 ;
; encrpt[2]  ; h3[1]       ; 5.091 ;       ;       ; 5.091 ;
; encrpt[2]  ; h3[2]       ; 5.194 ; 5.194 ; 5.194 ; 5.194 ;
; encrpt[2]  ; h3[3]       ; 5.215 ; 5.215 ; 5.215 ; 5.215 ;
; encrpt[2]  ; h3[4]       ; 5.078 ; 5.078 ; 5.078 ; 5.078 ;
; encrpt[2]  ; h3[5]       ; 5.142 ; 5.142 ; 5.142 ; 5.142 ;
; encrpt[2]  ; h3[6]       ; 5.078 ; 5.078 ; 5.078 ; 5.078 ;
; encrpt[3]  ; h3[0]       ; 5.044 ; 5.044 ; 5.044 ; 5.044 ;
; encrpt[3]  ; h3[1]       ; 5.045 ; 5.045 ; 5.045 ; 5.045 ;
; encrpt[3]  ; h3[2]       ; 5.151 ; 5.151 ; 5.151 ; 5.151 ;
; encrpt[3]  ; h3[3]       ; 5.169 ; 5.169 ; 5.169 ; 5.169 ;
; encrpt[3]  ; h3[4]       ;       ; 5.037 ; 5.037 ;       ;
; encrpt[3]  ; h3[5]       ; 5.098 ; 5.098 ; 5.098 ; 5.098 ;
; encrpt[3]  ; h3[6]       ; 5.038 ; 5.038 ; 5.038 ; 5.038 ;
; encrpt[4]  ; h2[0]       ; 5.080 ; 5.080 ; 5.080 ; 5.080 ;
; encrpt[4]  ; h2[1]       ; 5.016 ; 5.016 ; 5.016 ; 5.016 ;
; encrpt[4]  ; h2[2]       ;       ; 5.152 ; 5.152 ;       ;
; encrpt[4]  ; h2[3]       ; 5.121 ; 5.121 ; 5.121 ; 5.121 ;
; encrpt[4]  ; h2[4]       ; 5.022 ;       ;       ; 5.022 ;
; encrpt[4]  ; h2[5]       ; 5.107 ;       ;       ; 5.107 ;
; encrpt[4]  ; h2[6]       ; 5.025 ; 5.025 ; 5.025 ; 5.025 ;
; encrpt[5]  ; h2[0]       ; 5.149 ; 5.149 ; 5.149 ; 5.149 ;
; encrpt[5]  ; h2[1]       ; 5.090 ; 5.090 ; 5.090 ; 5.090 ;
; encrpt[5]  ; h2[2]       ; 5.222 ;       ;       ; 5.222 ;
; encrpt[5]  ; h2[3]       ; 5.185 ; 5.185 ; 5.185 ; 5.185 ;
; encrpt[5]  ; h2[4]       ;       ; 5.084 ; 5.084 ;       ;
; encrpt[5]  ; h2[5]       ; 5.174 ; 5.174 ; 5.174 ; 5.174 ;
; encrpt[5]  ; h2[6]       ; 5.099 ; 5.099 ; 5.099 ; 5.099 ;
; encrpt[6]  ; h2[0]       ; 5.206 ; 5.206 ; 5.206 ; 5.206 ;
; encrpt[6]  ; h2[1]       ; 5.147 ;       ;       ; 5.147 ;
; encrpt[6]  ; h2[2]       ; 5.277 ; 5.277 ; 5.277 ; 5.277 ;
; encrpt[6]  ; h2[3]       ; 5.239 ; 5.239 ; 5.239 ; 5.239 ;
; encrpt[6]  ; h2[4]       ; 5.135 ; 5.135 ; 5.135 ; 5.135 ;
; encrpt[6]  ; h2[5]       ; 5.226 ; 5.226 ; 5.226 ; 5.226 ;
; encrpt[6]  ; h2[6]       ; 5.156 ; 5.156 ; 5.156 ; 5.156 ;
; encrpt[7]  ; h2[0]       ; 5.141 ; 5.141 ; 5.141 ; 5.141 ;
; encrpt[7]  ; h2[1]       ; 5.074 ; 5.074 ; 5.074 ; 5.074 ;
; encrpt[7]  ; h2[2]       ; 5.216 ; 5.216 ; 5.216 ; 5.216 ;
; encrpt[7]  ; h2[3]       ; 5.182 ; 5.182 ; 5.182 ; 5.182 ;
; encrpt[7]  ; h2[4]       ;       ; 5.083 ; 5.083 ;       ;
; encrpt[7]  ; h2[5]       ; 5.172 ; 5.172 ; 5.172 ; 5.172 ;
; encrpt[7]  ; h2[6]       ; 5.084 ; 5.084 ; 5.084 ; 5.084 ;
; encrpt[8]  ; h1[0]       ; 5.139 ; 5.139 ; 5.139 ; 5.139 ;
; encrpt[8]  ; h1[1]       ; 5.170 ; 5.170 ; 5.170 ; 5.170 ;
; encrpt[8]  ; h1[2]       ;       ; 5.387 ; 5.387 ;       ;
; encrpt[8]  ; h1[3]       ; 5.149 ; 5.149 ; 5.149 ; 5.149 ;
; encrpt[8]  ; h1[4]       ; 5.147 ;       ;       ; 5.147 ;
; encrpt[8]  ; h1[5]       ; 5.373 ;       ;       ; 5.373 ;
; encrpt[8]  ; h1[6]       ; 5.146 ; 5.146 ; 5.146 ; 5.146 ;
; encrpt[9]  ; h1[0]       ; 5.077 ; 5.077 ; 5.077 ; 5.077 ;
; encrpt[9]  ; h1[1]       ; 5.107 ; 5.107 ; 5.107 ; 5.107 ;
; encrpt[9]  ; h1[2]       ; 5.309 ;       ;       ; 5.309 ;
; encrpt[9]  ; h1[3]       ; 5.081 ; 5.081 ; 5.081 ; 5.081 ;
; encrpt[9]  ; h1[4]       ;       ; 5.073 ; 5.073 ;       ;
; encrpt[9]  ; h1[5]       ; 5.293 ; 5.293 ; 5.293 ; 5.293 ;
; encrpt[9]  ; h1[6]       ; 5.078 ; 5.078 ; 5.078 ; 5.078 ;
; encrpt[10] ; h1[0]       ; 5.014 ; 5.014 ; 5.014 ; 5.014 ;
; encrpt[10] ; h1[1]       ; 5.045 ;       ;       ; 5.045 ;
; encrpt[10] ; h1[2]       ; 5.242 ; 5.242 ; 5.242 ; 5.242 ;
; encrpt[10] ; h1[3]       ; 5.018 ; 5.018 ; 5.018 ; 5.018 ;
; encrpt[10] ; h1[4]       ; 5.006 ; 5.006 ; 5.006 ; 5.006 ;
; encrpt[10] ; h1[5]       ; 5.227 ; 5.227 ; 5.227 ; 5.227 ;
; encrpt[10] ; h1[6]       ; 5.015 ; 5.015 ; 5.015 ; 5.015 ;
; encrpt[11] ; h1[0]       ; 5.117 ; 5.117 ; 5.117 ; 5.117 ;
; encrpt[11] ; h1[1]       ; 5.148 ; 5.148 ; 5.148 ; 5.148 ;
; encrpt[11] ; h1[2]       ; 5.364 ; 5.364 ; 5.364 ; 5.364 ;
; encrpt[11] ; h1[3]       ; 5.126 ; 5.126 ; 5.126 ; 5.126 ;
; encrpt[11] ; h1[4]       ;       ; 5.121 ; 5.121 ;       ;
; encrpt[11] ; h1[5]       ; 5.342 ; 5.342 ; 5.342 ; 5.342 ;
; encrpt[11] ; h1[6]       ; 5.122 ; 5.122 ; 5.122 ; 5.122 ;
; encrpt[12] ; h0[0]       ; 5.216 ; 5.216 ; 5.216 ; 5.216 ;
; encrpt[12] ; h0[1]       ; 5.259 ; 5.259 ; 5.259 ; 5.259 ;
; encrpt[12] ; h0[2]       ;       ; 5.131 ; 5.131 ;       ;
; encrpt[12] ; h0[3]       ; 5.230 ; 5.230 ; 5.230 ; 5.230 ;
; encrpt[12] ; h0[4]       ; 5.202 ;       ;       ; 5.202 ;
; encrpt[12] ; h0[5]       ; 5.269 ;       ;       ; 5.269 ;
; encrpt[12] ; h0[6]       ; 5.132 ; 5.132 ; 5.132 ; 5.132 ;
; encrpt[13] ; h0[0]       ; 5.103 ; 5.103 ; 5.103 ; 5.103 ;
; encrpt[13] ; h0[1]       ; 5.154 ; 5.154 ; 5.154 ; 5.154 ;
; encrpt[13] ; h0[2]       ; 5.033 ;       ;       ; 5.033 ;
; encrpt[13] ; h0[3]       ; 5.126 ; 5.126 ; 5.126 ; 5.126 ;
; encrpt[13] ; h0[4]       ;       ; 5.101 ; 5.101 ;       ;
; encrpt[13] ; h0[5]       ; 5.174 ; 5.174 ; 5.174 ; 5.174 ;
; encrpt[13] ; h0[6]       ; 5.036 ; 5.036 ; 5.036 ; 5.036 ;
; encrpt[14] ; h0[0]       ; 5.090 ; 5.090 ; 5.090 ; 5.090 ;
; encrpt[14] ; h0[1]       ; 5.140 ;       ;       ; 5.140 ;
; encrpt[14] ; h0[2]       ; 5.009 ; 5.009 ; 5.009 ; 5.009 ;
; encrpt[14] ; h0[3]       ; 5.106 ; 5.106 ; 5.106 ; 5.106 ;
; encrpt[14] ; h0[4]       ; 5.070 ; 5.070 ; 5.070 ; 5.070 ;
; encrpt[14] ; h0[5]       ; 5.144 ; 5.144 ; 5.144 ; 5.144 ;
; encrpt[14] ; h0[6]       ; 5.007 ; 5.007 ; 5.007 ; 5.007 ;
; encrpt[15] ; h0[0]       ; 5.027 ; 5.027 ; 5.027 ; 5.027 ;
; encrpt[15] ; h0[1]       ; 5.073 ; 5.073 ; 5.073 ; 5.073 ;
; encrpt[15] ; h0[2]       ; 4.945 ; 4.945 ; 4.945 ; 4.945 ;
; encrpt[15] ; h0[3]       ; 5.042 ; 5.042 ; 5.042 ; 5.042 ;
; encrpt[15] ; h0[4]       ;       ; 5.001 ; 5.001 ;       ;
; encrpt[15] ; h0[5]       ; 5.080 ; 5.080 ; 5.080 ; 5.080 ;
; encrpt[15] ; h0[6]       ; 4.942 ; 4.942 ; 4.942 ; 4.942 ;
+------------+-------------+-------+-------+-------+-------+


+----------------------------------------------------------------------------+
; Multicorner Timing Analysis Summary                                        ;
+------------------+-------+------+----------+---------+---------------------+
; Clock            ; Setup ; Hold ; Recovery ; Removal ; Minimum Pulse Width ;
+------------------+-------+------+----------+---------+---------------------+
; Worst-case Slack ; N/A   ; N/A  ; N/A      ; N/A     ; N/A                 ;
; Design-wide TNS  ; 0.0   ; 0.0  ; 0.0      ; 0.0     ; 0.0                 ;
+------------------+-------+------+----------+---------+---------------------+


+----------------------------------------------------------+
; Progagation Delay                                        ;
+------------+-------------+-------+-------+-------+-------+
; Input Port ; Output Port ; RR    ; RF    ; FR    ; FF    ;
+------------+-------------+-------+-------+-------+-------+
; encrpt[0]  ; h3[0]       ; 9.200 ; 9.200 ; 9.200 ; 9.200 ;
; encrpt[0]  ; h3[1]       ; 9.201 ; 9.201 ; 9.201 ; 9.201 ;
; encrpt[0]  ; h3[2]       ;       ; 9.445 ; 9.445 ;       ;
; encrpt[0]  ; h3[3]       ; 9.484 ; 9.484 ; 9.484 ; 9.484 ;
; encrpt[0]  ; h3[4]       ; 9.201 ;       ;       ; 9.201 ;
; encrpt[0]  ; h3[5]       ; 9.262 ;       ;       ; 9.262 ;
; encrpt[0]  ; h3[6]       ; 9.203 ; 9.203 ; 9.203 ; 9.203 ;
; encrpt[1]  ; h3[0]       ; 9.154 ; 9.154 ; 9.154 ; 9.154 ;
; encrpt[1]  ; h3[1]       ; 9.189 ; 9.189 ; 9.189 ; 9.189 ;
; encrpt[1]  ; h3[2]       ; 9.458 ;       ;       ; 9.458 ;
; encrpt[1]  ; h3[3]       ; 9.470 ; 9.470 ; 9.470 ; 9.470 ;
; encrpt[1]  ; h3[4]       ;       ; 9.188 ; 9.188 ;       ;
; encrpt[1]  ; h3[5]       ; 9.250 ; 9.250 ; 9.250 ; 9.250 ;
; encrpt[1]  ; h3[6]       ; 9.191 ; 9.191 ; 9.191 ; 9.191 ;
; encrpt[2]  ; h3[0]       ; 9.020 ; 9.020 ; 9.020 ; 9.020 ;
; encrpt[2]  ; h3[1]       ; 9.021 ;       ;       ; 9.021 ;
; encrpt[2]  ; h3[2]       ; 9.278 ; 9.278 ; 9.278 ; 9.278 ;
; encrpt[2]  ; h3[3]       ; 9.301 ; 9.301 ; 9.301 ; 9.301 ;
; encrpt[2]  ; h3[4]       ; 9.008 ; 9.008 ; 9.008 ; 9.008 ;
; encrpt[2]  ; h3[5]       ; 9.070 ; 9.070 ; 9.070 ; 9.070 ;
; encrpt[2]  ; h3[6]       ; 9.010 ; 9.010 ; 9.010 ; 9.010 ;
; encrpt[3]  ; h3[0]       ; 8.920 ; 8.920 ; 8.920 ; 8.920 ;
; encrpt[3]  ; h3[1]       ; 8.921 ; 8.921 ; 8.921 ; 8.921 ;
; encrpt[3]  ; h3[2]       ; 9.184 ; 9.184 ; 9.184 ; 9.184 ;
; encrpt[3]  ; h3[3]       ; 9.200 ; 9.200 ; 9.200 ; 9.200 ;
; encrpt[3]  ; h3[4]       ;       ; 8.913 ; 8.913 ;       ;
; encrpt[3]  ; h3[5]       ; 8.975 ; 8.975 ; 8.975 ; 8.975 ;
; encrpt[3]  ; h3[6]       ; 8.915 ; 8.915 ; 8.915 ; 8.915 ;
; encrpt[4]  ; h2[0]       ; 9.006 ; 9.006 ; 9.006 ; 9.006 ;
; encrpt[4]  ; h2[1]       ; 8.858 ; 8.858 ; 8.858 ; 8.858 ;
; encrpt[4]  ; h2[2]       ;       ; 9.129 ; 9.129 ;       ;
; encrpt[4]  ; h2[3]       ; 9.100 ; 9.100 ; 9.100 ; 9.100 ;
; encrpt[4]  ; h2[4]       ; 8.864 ;       ;       ; 8.864 ;
; encrpt[4]  ; h2[5]       ; 9.089 ;       ;       ; 9.089 ;
; encrpt[4]  ; h2[6]       ; 8.874 ; 8.874 ; 8.874 ; 8.874 ;
; encrpt[5]  ; h2[0]       ; 9.111 ; 9.111 ; 9.111 ; 9.111 ;
; encrpt[5]  ; h2[1]       ; 8.967 ; 8.967 ; 8.967 ; 8.967 ;
; encrpt[5]  ; h2[2]       ; 9.254 ;       ;       ; 9.254 ;
; encrpt[5]  ; h2[3]       ; 9.200 ; 9.200 ; 9.200 ; 9.200 ;
; encrpt[5]  ; h2[4]       ;       ; 8.960 ; 8.960 ;       ;
; encrpt[5]  ; h2[5]       ; 9.186 ; 9.186 ; 9.186 ; 9.186 ;
; encrpt[5]  ; h2[6]       ; 8.977 ; 8.977 ; 8.977 ; 8.977 ;
; encrpt[6]  ; h2[0]       ; 9.250 ; 9.250 ; 9.250 ; 9.250 ;
; encrpt[6]  ; h2[1]       ; 9.105 ;       ;       ; 9.105 ;
; encrpt[6]  ; h2[2]       ; 9.392 ; 9.392 ; 9.392 ; 9.392 ;
; encrpt[6]  ; h2[3]       ; 9.337 ; 9.337 ; 9.337 ; 9.337 ;
; encrpt[6]  ; h2[4]       ; 9.094 ; 9.094 ; 9.094 ; 9.094 ;
; encrpt[6]  ; h2[5]       ; 9.321 ; 9.321 ; 9.321 ; 9.321 ;
; encrpt[6]  ; h2[6]       ; 9.116 ; 9.116 ; 9.116 ; 9.116 ;
; encrpt[7]  ; h2[0]       ; 9.122 ; 9.122 ; 9.122 ; 9.122 ;
; encrpt[7]  ; h2[1]       ; 8.979 ; 8.979 ; 8.979 ; 8.979 ;
; encrpt[7]  ; h2[2]       ; 9.278 ; 9.278 ; 9.278 ; 9.278 ;
; encrpt[7]  ; h2[3]       ; 9.198 ; 9.198 ; 9.198 ; 9.198 ;
; encrpt[7]  ; h2[4]       ;       ; 8.984 ; 8.984 ;       ;
; encrpt[7]  ; h2[5]       ; 9.211 ; 9.211 ; 9.211 ; 9.211 ;
; encrpt[7]  ; h2[6]       ; 8.990 ; 8.990 ; 8.990 ; 8.990 ;
; encrpt[8]  ; h1[0]       ; 9.220 ; 9.220 ; 9.220 ; 9.220 ;
; encrpt[8]  ; h1[1]       ; 9.252 ; 9.252 ; 9.252 ; 9.252 ;
; encrpt[8]  ; h1[2]       ;       ; 9.617 ; 9.617 ;       ;
; encrpt[8]  ; h1[3]       ; 9.211 ; 9.211 ; 9.211 ; 9.211 ;
; encrpt[8]  ; h1[4]       ; 9.230 ;       ;       ; 9.230 ;
; encrpt[8]  ; h1[5]       ; 9.571 ;       ;       ; 9.571 ;
; encrpt[8]  ; h1[6]       ; 9.232 ; 9.232 ; 9.232 ; 9.232 ;
; encrpt[9]  ; h1[0]       ; 9.075 ; 9.075 ; 9.075 ; 9.075 ;
; encrpt[9]  ; h1[1]       ; 9.107 ; 9.107 ; 9.107 ; 9.107 ;
; encrpt[9]  ; h1[2]       ; 9.485 ;       ;       ; 9.485 ;
; encrpt[9]  ; h1[3]       ; 9.061 ; 9.061 ; 9.061 ; 9.061 ;
; encrpt[9]  ; h1[4]       ;       ; 9.071 ; 9.071 ;       ;
; encrpt[9]  ; h1[5]       ; 9.417 ; 9.417 ; 9.417 ; 9.417 ;
; encrpt[9]  ; h1[6]       ; 9.079 ; 9.079 ; 9.079 ; 9.079 ;
; encrpt[10] ; h1[0]       ; 8.890 ; 8.890 ; 8.890 ; 8.890 ;
; encrpt[10] ; h1[1]       ; 8.921 ;       ;       ; 8.921 ;
; encrpt[10] ; h1[2]       ; 9.297 ; 9.297 ; 9.297 ; 9.297 ;
; encrpt[10] ; h1[3]       ; 8.877 ; 8.877 ; 8.877 ; 8.877 ;
; encrpt[10] ; h1[4]       ; 8.882 ; 8.882 ; 8.882 ; 8.882 ;
; encrpt[10] ; h1[5]       ; 9.228 ; 9.228 ; 9.228 ; 9.228 ;
; encrpt[10] ; h1[6]       ; 8.895 ; 8.895 ; 8.895 ; 8.895 ;
; encrpt[11] ; h1[0]       ; 9.178 ; 9.178 ; 9.178 ; 9.178 ;
; encrpt[11] ; h1[1]       ; 9.210 ; 9.210 ; 9.210 ; 9.210 ;
; encrpt[11] ; h1[2]       ; 9.573 ; 9.573 ; 9.573 ; 9.573 ;
; encrpt[11] ; h1[3]       ; 9.169 ; 9.169 ; 9.169 ; 9.169 ;
; encrpt[11] ; h1[4]       ;       ; 9.182 ; 9.182 ;       ;
; encrpt[11] ; h1[5]       ; 9.497 ; 9.497 ; 9.497 ; 9.497 ;
; encrpt[11] ; h1[6]       ; 9.186 ; 9.186 ; 9.186 ; 9.186 ;
; encrpt[12] ; h0[0]       ; 9.371 ; 9.371 ; 9.371 ; 9.371 ;
; encrpt[12] ; h0[1]       ; 9.481 ; 9.481 ; 9.481 ; 9.481 ;
; encrpt[12] ; h0[2]       ;       ; 9.168 ; 9.168 ;       ;
; encrpt[12] ; h0[3]       ; 9.452 ; 9.452 ; 9.452 ; 9.452 ;
; encrpt[12] ; h0[4]       ; 9.353 ;       ;       ; 9.353 ;
; encrpt[12] ; h0[5]       ; 9.496 ;       ;       ; 9.496 ;
; encrpt[12] ; h0[6]       ; 9.195 ; 9.195 ; 9.195 ; 9.195 ;
; encrpt[13] ; h0[0]       ; 9.084 ; 9.084 ; 9.084 ; 9.084 ;
; encrpt[13] ; h0[1]       ; 9.197 ; 9.197 ; 9.197 ; 9.197 ;
; encrpt[13] ; h0[2]       ; 8.917 ;       ;       ; 8.917 ;
; encrpt[13] ; h0[3]       ; 9.170 ; 9.170 ; 9.170 ; 9.170 ;
; encrpt[13] ; h0[4]       ;       ; 9.078 ; 9.078 ;       ;
; encrpt[13] ; h0[5]       ; 9.221 ; 9.221 ; 9.221 ; 9.221 ;
; encrpt[13] ; h0[6]       ; 8.919 ; 8.919 ; 8.919 ; 8.919 ;
; encrpt[14] ; h0[0]       ; 9.062 ; 9.062 ; 9.062 ; 9.062 ;
; encrpt[14] ; h0[1]       ; 9.176 ;       ;       ; 9.176 ;
; encrpt[14] ; h0[2]       ; 8.885 ; 8.885 ; 8.885 ; 8.885 ;
; encrpt[14] ; h0[3]       ; 9.142 ; 9.142 ; 9.142 ; 9.142 ;
; encrpt[14] ; h0[4]       ; 9.042 ; 9.042 ; 9.042 ; 9.042 ;
; encrpt[14] ; h0[5]       ; 9.186 ; 9.186 ; 9.186 ; 9.186 ;
; encrpt[14] ; h0[6]       ; 8.886 ; 8.886 ; 8.886 ; 8.886 ;
; encrpt[15] ; h0[0]       ; 8.924 ; 8.924 ; 8.924 ; 8.924 ;
; encrpt[15] ; h0[1]       ; 9.037 ; 9.037 ; 9.037 ; 9.037 ;
; encrpt[15] ; h0[2]       ; 8.751 ; 8.751 ; 8.751 ; 8.751 ;
; encrpt[15] ; h0[3]       ; 9.007 ; 9.007 ; 9.007 ; 9.007 ;
; encrpt[15] ; h0[4]       ;       ; 8.900 ; 8.900 ;       ;
; encrpt[15] ; h0[5]       ; 9.046 ; 9.046 ; 9.046 ; 9.046 ;
; encrpt[15] ; h0[6]       ; 8.743 ; 8.743 ; 8.743 ; 8.743 ;
+------------+-------------+-------+-------+-------+-------+


+----------------------------------------------------------+
; Minimum Progagation Delay                                ;
+------------+-------------+-------+-------+-------+-------+
; Input Port ; Output Port ; RR    ; RF    ; FR    ; FF    ;
+------------+-------------+-------+-------+-------+-------+
; encrpt[0]  ; h3[0]       ; 5.171 ; 5.171 ; 5.171 ; 5.171 ;
; encrpt[0]  ; h3[1]       ; 5.167 ; 5.167 ; 5.167 ; 5.167 ;
; encrpt[0]  ; h3[2]       ;       ; 5.276 ; 5.276 ;       ;
; encrpt[0]  ; h3[3]       ; 5.295 ; 5.295 ; 5.295 ; 5.295 ;
; encrpt[0]  ; h3[4]       ; 5.167 ;       ;       ; 5.167 ;
; encrpt[0]  ; h3[5]       ; 5.228 ;       ;       ; 5.228 ;
; encrpt[0]  ; h3[6]       ; 5.163 ; 5.163 ; 5.163 ; 5.163 ;
; encrpt[1]  ; h3[0]       ; 5.159 ; 5.159 ; 5.159 ; 5.159 ;
; encrpt[1]  ; h3[1]       ; 5.161 ; 5.161 ; 5.161 ; 5.161 ;
; encrpt[1]  ; h3[2]       ; 5.274 ;       ;       ; 5.274 ;
; encrpt[1]  ; h3[3]       ; 5.295 ; 5.295 ; 5.295 ; 5.295 ;
; encrpt[1]  ; h3[4]       ;       ; 5.160 ; 5.160 ;       ;
; encrpt[1]  ; h3[5]       ; 5.221 ; 5.221 ; 5.221 ; 5.221 ;
; encrpt[1]  ; h3[6]       ; 5.160 ; 5.160 ; 5.160 ; 5.160 ;
; encrpt[2]  ; h3[0]       ; 5.090 ; 5.090 ; 5.090 ; 5.090 ;
; encrpt[2]  ; h3[1]       ; 5.091 ;       ;       ; 5.091 ;
; encrpt[2]  ; h3[2]       ; 5.194 ; 5.194 ; 5.194 ; 5.194 ;
; encrpt[2]  ; h3[3]       ; 5.215 ; 5.215 ; 5.215 ; 5.215 ;
; encrpt[2]  ; h3[4]       ; 5.078 ; 5.078 ; 5.078 ; 5.078 ;
; encrpt[2]  ; h3[5]       ; 5.142 ; 5.142 ; 5.142 ; 5.142 ;
; encrpt[2]  ; h3[6]       ; 5.078 ; 5.078 ; 5.078 ; 5.078 ;
; encrpt[3]  ; h3[0]       ; 5.044 ; 5.044 ; 5.044 ; 5.044 ;
; encrpt[3]  ; h3[1]       ; 5.045 ; 5.045 ; 5.045 ; 5.045 ;
; encrpt[3]  ; h3[2]       ; 5.151 ; 5.151 ; 5.151 ; 5.151 ;
; encrpt[3]  ; h3[3]       ; 5.169 ; 5.169 ; 5.169 ; 5.169 ;
; encrpt[3]  ; h3[4]       ;       ; 5.037 ; 5.037 ;       ;
; encrpt[3]  ; h3[5]       ; 5.098 ; 5.098 ; 5.098 ; 5.098 ;
; encrpt[3]  ; h3[6]       ; 5.038 ; 5.038 ; 5.038 ; 5.038 ;
; encrpt[4]  ; h2[0]       ; 5.080 ; 5.080 ; 5.080 ; 5.080 ;
; encrpt[4]  ; h2[1]       ; 5.016 ; 5.016 ; 5.016 ; 5.016 ;
; encrpt[4]  ; h2[2]       ;       ; 5.152 ; 5.152 ;       ;
; encrpt[4]  ; h2[3]       ; 5.121 ; 5.121 ; 5.121 ; 5.121 ;
; encrpt[4]  ; h2[4]       ; 5.022 ;       ;       ; 5.022 ;
; encrpt[4]  ; h2[5]       ; 5.107 ;       ;       ; 5.107 ;
; encrpt[4]  ; h2[6]       ; 5.025 ; 5.025 ; 5.025 ; 5.025 ;
; encrpt[5]  ; h2[0]       ; 5.149 ; 5.149 ; 5.149 ; 5.149 ;
; encrpt[5]  ; h2[1]       ; 5.090 ; 5.090 ; 5.090 ; 5.090 ;
; encrpt[5]  ; h2[2]       ; 5.222 ;       ;       ; 5.222 ;
; encrpt[5]  ; h2[3]       ; 5.185 ; 5.185 ; 5.185 ; 5.185 ;
; encrpt[5]  ; h2[4]       ;       ; 5.084 ; 5.084 ;       ;
; encrpt[5]  ; h2[5]       ; 5.174 ; 5.174 ; 5.174 ; 5.174 ;
; encrpt[5]  ; h2[6]       ; 5.099 ; 5.099 ; 5.099 ; 5.099 ;
; encrpt[6]  ; h2[0]       ; 5.206 ; 5.206 ; 5.206 ; 5.206 ;
; encrpt[6]  ; h2[1]       ; 5.147 ;       ;       ; 5.147 ;
; encrpt[6]  ; h2[2]       ; 5.277 ; 5.277 ; 5.277 ; 5.277 ;
; encrpt[6]  ; h2[3]       ; 5.239 ; 5.239 ; 5.239 ; 5.239 ;
; encrpt[6]  ; h2[4]       ; 5.135 ; 5.135 ; 5.135 ; 5.135 ;
; encrpt[6]  ; h2[5]       ; 5.226 ; 5.226 ; 5.226 ; 5.226 ;
; encrpt[6]  ; h2[6]       ; 5.156 ; 5.156 ; 5.156 ; 5.156 ;
; encrpt[7]  ; h2[0]       ; 5.141 ; 5.141 ; 5.141 ; 5.141 ;
; encrpt[7]  ; h2[1]       ; 5.074 ; 5.074 ; 5.074 ; 5.074 ;
; encrpt[7]  ; h2[2]       ; 5.216 ; 5.216 ; 5.216 ; 5.216 ;
; encrpt[7]  ; h2[3]       ; 5.182 ; 5.182 ; 5.182 ; 5.182 ;
; encrpt[7]  ; h2[4]       ;       ; 5.083 ; 5.083 ;       ;
; encrpt[7]  ; h2[5]       ; 5.172 ; 5.172 ; 5.172 ; 5.172 ;
; encrpt[7]  ; h2[6]       ; 5.084 ; 5.084 ; 5.084 ; 5.084 ;
; encrpt[8]  ; h1[0]       ; 5.139 ; 5.139 ; 5.139 ; 5.139 ;
; encrpt[8]  ; h1[1]       ; 5.170 ; 5.170 ; 5.170 ; 5.170 ;
; encrpt[8]  ; h1[2]       ;       ; 5.387 ; 5.387 ;       ;
; encrpt[8]  ; h1[3]       ; 5.149 ; 5.149 ; 5.149 ; 5.149 ;
; encrpt[8]  ; h1[4]       ; 5.147 ;       ;       ; 5.147 ;
; encrpt[8]  ; h1[5]       ; 5.373 ;       ;       ; 5.373 ;
; encrpt[8]  ; h1[6]       ; 5.146 ; 5.146 ; 5.146 ; 5.146 ;
; encrpt[9]  ; h1[0]       ; 5.077 ; 5.077 ; 5.077 ; 5.077 ;
; encrpt[9]  ; h1[1]       ; 5.107 ; 5.107 ; 5.107 ; 5.107 ;
; encrpt[9]  ; h1[2]       ; 5.309 ;       ;       ; 5.309 ;
; encrpt[9]  ; h1[3]       ; 5.081 ; 5.081 ; 5.081 ; 5.081 ;
; encrpt[9]  ; h1[4]       ;       ; 5.073 ; 5.073 ;       ;
; encrpt[9]  ; h1[5]       ; 5.293 ; 5.293 ; 5.293 ; 5.293 ;
; encrpt[9]  ; h1[6]       ; 5.078 ; 5.078 ; 5.078 ; 5.078 ;
; encrpt[10] ; h1[0]       ; 5.014 ; 5.014 ; 5.014 ; 5.014 ;
; encrpt[10] ; h1[1]       ; 5.045 ;       ;       ; 5.045 ;
; encrpt[10] ; h1[2]       ; 5.242 ; 5.242 ; 5.242 ; 5.242 ;
; encrpt[10] ; h1[3]       ; 5.018 ; 5.018 ; 5.018 ; 5.018 ;
; encrpt[10] ; h1[4]       ; 5.006 ; 5.006 ; 5.006 ; 5.006 ;
; encrpt[10] ; h1[5]       ; 5.227 ; 5.227 ; 5.227 ; 5.227 ;
; encrpt[10] ; h1[6]       ; 5.015 ; 5.015 ; 5.015 ; 5.015 ;
; encrpt[11] ; h1[0]       ; 5.117 ; 5.117 ; 5.117 ; 5.117 ;
; encrpt[11] ; h1[1]       ; 5.148 ; 5.148 ; 5.148 ; 5.148 ;
; encrpt[11] ; h1[2]       ; 5.364 ; 5.364 ; 5.364 ; 5.364 ;
; encrpt[11] ; h1[3]       ; 5.126 ; 5.126 ; 5.126 ; 5.126 ;
; encrpt[11] ; h1[4]       ;       ; 5.121 ; 5.121 ;       ;
; encrpt[11] ; h1[5]       ; 5.342 ; 5.342 ; 5.342 ; 5.342 ;
; encrpt[11] ; h1[6]       ; 5.122 ; 5.122 ; 5.122 ; 5.122 ;
; encrpt[12] ; h0[0]       ; 5.216 ; 5.216 ; 5.216 ; 5.216 ;
; encrpt[12] ; h0[1]       ; 5.259 ; 5.259 ; 5.259 ; 5.259 ;
; encrpt[12] ; h0[2]       ;       ; 5.131 ; 5.131 ;       ;
; encrpt[12] ; h0[3]       ; 5.230 ; 5.230 ; 5.230 ; 5.230 ;
; encrpt[12] ; h0[4]       ; 5.202 ;       ;       ; 5.202 ;
; encrpt[12] ; h0[5]       ; 5.269 ;       ;       ; 5.269 ;
; encrpt[12] ; h0[6]       ; 5.132 ; 5.132 ; 5.132 ; 5.132 ;
; encrpt[13] ; h0[0]       ; 5.103 ; 5.103 ; 5.103 ; 5.103 ;
; encrpt[13] ; h0[1]       ; 5.154 ; 5.154 ; 5.154 ; 5.154 ;
; encrpt[13] ; h0[2]       ; 5.033 ;       ;       ; 5.033 ;
; encrpt[13] ; h0[3]       ; 5.126 ; 5.126 ; 5.126 ; 5.126 ;
; encrpt[13] ; h0[4]       ;       ; 5.101 ; 5.101 ;       ;
; encrpt[13] ; h0[5]       ; 5.174 ; 5.174 ; 5.174 ; 5.174 ;
; encrpt[13] ; h0[6]       ; 5.036 ; 5.036 ; 5.036 ; 5.036 ;
; encrpt[14] ; h0[0]       ; 5.090 ; 5.090 ; 5.090 ; 5.090 ;
; encrpt[14] ; h0[1]       ; 5.140 ;       ;       ; 5.140 ;
; encrpt[14] ; h0[2]       ; 5.009 ; 5.009 ; 5.009 ; 5.009 ;
; encrpt[14] ; h0[3]       ; 5.106 ; 5.106 ; 5.106 ; 5.106 ;
; encrpt[14] ; h0[4]       ; 5.070 ; 5.070 ; 5.070 ; 5.070 ;
; encrpt[14] ; h0[5]       ; 5.144 ; 5.144 ; 5.144 ; 5.144 ;
; encrpt[14] ; h0[6]       ; 5.007 ; 5.007 ; 5.007 ; 5.007 ;
; encrpt[15] ; h0[0]       ; 5.027 ; 5.027 ; 5.027 ; 5.027 ;
; encrpt[15] ; h0[1]       ; 5.073 ; 5.073 ; 5.073 ; 5.073 ;
; encrpt[15] ; h0[2]       ; 4.945 ; 4.945 ; 4.945 ; 4.945 ;
; encrpt[15] ; h0[3]       ; 5.042 ; 5.042 ; 5.042 ; 5.042 ;
; encrpt[15] ; h0[4]       ;       ; 5.001 ; 5.001 ;       ;
; encrpt[15] ; h0[5]       ; 5.080 ; 5.080 ; 5.080 ; 5.080 ;
; encrpt[15] ; h0[6]       ; 4.942 ; 4.942 ; 4.942 ; 4.942 ;
+------------+-------------+-------+-------+-------+-------+


-------------------
; Clock Transfers ;
-------------------
Nothing to report.


---------------
; Report TCCS ;
---------------
No dedicated SERDES Transmitter circuitry present in device or used in design


---------------
; Report RSKM ;
---------------
No dedicated SERDES Receiver circuitry present in device or used in design


+------------------------------------------------+
; Unconstrained Paths                            ;
+---------------------------------+-------+------+
; Property                        ; Setup ; Hold ;
+---------------------------------+-------+------+
; Illegal Clocks                  ; 0     ; 0    ;
; Unconstrained Clocks            ; 0     ; 0    ;
; Unconstrained Input Ports       ; 16    ; 16   ;
; Unconstrained Input Port Paths  ; 112   ; 112  ;
; Unconstrained Output Ports      ; 28    ; 28   ;
; Unconstrained Output Port Paths ; 112   ; 112  ;
+---------------------------------+-------+------+


+------------------------------------+
; TimeQuest Timing Analyzer Messages ;
+------------------------------------+
Info: *******************************************************************
Info: Running Quartus II 64-Bit TimeQuest Timing Analyzer
    Info: Version 13.0.1 Build 232 06/12/2013 Service Pack 1 SJ Full Version
    Info: Processing started: Thu May 12 11:44:28 2016
Info: Command: quartus_sta lab11 -c lab11
Info: qsta_default_script.tcl version: #1
Info (11104): Parallel Compilation has detected 8 hyper-threaded processors. However, the extra hyper-threaded processors will not be used by default. Parallel Compilation will use 4 of the 4 physical processors detected instead.
Info (21077): Low junction temperature is 0 degrees C
Info (21077): High junction temperature is 85 degrees C
Critical Warning (332012): Synopsys Design Constraints File file not found: 'lab11.sdc'. A Synopsys Design Constraints File is required by the TimeQuest Timing Analyzer to get proper timing constraints. Without it, the Compiler will not properly optimize the design.
Info (332142): No user constrained base clocks found in the design. Calling "derive_clocks -period 1.0"
Info (332096): The command derive_clocks did not find any clocks to derive.  No clocks were created or changed.
Warning (332068): No clocks defined in design.
Info: Found TIMEQUEST_REPORT_SCRIPT_INCLUDE_DEFAULT_ANALYSIS = ON
Info (332159): No clocks to report
Info: Analyzing Slow Model
Info (332140): No fmax paths to report
Info (332140): No Setup paths to report
Info (332140): No Hold paths to report
Info (332140): No Recovery paths to report
Info (332140): No Removal paths to report
Info (332140): No Minimum Pulse Width paths to report
Info (332001): The selected device family is not supported by the report_metastability command.
Info: Analyzing Fast Model
Info (332142): No user constrained base clocks found in the design. Calling "derive_clocks -period 1.0"
Info (332096): The command derive_clocks did not find any clocks to derive.  No clocks were created or changed.
Warning (332068): No clocks defined in design.
Info (332140): No Setup paths to report
Info (332140): No Hold paths to report
Info (332140): No Recovery paths to report
Info (332140): No Removal paths to report
Info (332140): No Minimum Pulse Width paths to report
Info (332001): The selected device family is not supported by the report_metastability command.
Info (332102): Design is not fully constrained for setup requirements
Info (332102): Design is not fully constrained for hold requirements
Info: Quartus II 64-Bit TimeQuest Timing Analyzer was successful. 0 errors, 3 warnings
    Info: Peak virtual memory: 433 megabytes
    Info: Processing ended: Thu May 12 11:44:34 2016
    Info: Elapsed time: 00:00:06
    Info: Total CPU time (on all processors): 00:00:01


