TimeQuest Timing Analyzer report for lab6
Thu Mar 17 11:48:33 2016
Quartus II 64-Bit Version 13.0.1 Build 232 06/12/2013 Service Pack 1 SJ Full Version


---------------------
; Table of Contents ;
---------------------
  1. Legal Notice
  2. TimeQuest Timing Analyzer Summary
  3. Parallel Compilation
  4. Clocks
  5. Slow Model Fmax Summary
  6. Slow Model Setup Summary
  7. Slow Model Hold Summary
  8. Slow Model Recovery Summary
  9. Slow Model Removal Summary
 10. Slow Model Minimum Pulse Width Summary
 11. Propagation Delay
 12. Minimum Propagation Delay
 13. Fast Model Setup Summary
 14. Fast Model Hold Summary
 15. Fast Model Recovery Summary
 16. Fast Model Removal Summary
 17. Fast Model Minimum Pulse Width Summary
 18. Propagation Delay
 19. Minimum Propagation Delay
 20. Multicorner Timing Analysis Summary
 21. Progagation Delay
 22. Minimum Progagation Delay
 23. Clock Transfers
 24. Report TCCS
 25. Report RSKM
 26. Unconstrained Paths
 27. TimeQuest Timing Analyzer Messages



----------------
; Legal Notice ;
----------------
Copyright (C) 1991-2013 Altera Corporation
Your use of Altera Corporation's design tools, logic functions 
and other software and tools, and its AMPP partner logic 
functions, and any output files from any of the foregoing 
(including device programming or simulation files), and any 
associated documentation or information are expressly subject 
to the terms and conditions of the Altera Program License 
Subscription Agreement, Altera MegaCore Function License 
Agreement, or other applicable license agreement, including, 
without limitation, that your use is for the sole purpose of 
programming logic devices manufactured by Altera and sold by 
Altera or its authorized distributors.  Please refer to the 
applicable agreement for further details.



+-----------------------------------------------------------------------------------------+
; TimeQuest Timing Analyzer Summary                                                       ;
+--------------------+--------------------------------------------------------------------+
; Quartus II Version ; Version 13.0.1 Build 232 06/12/2013 Service Pack 1 SJ Full Version ;
; Revision Name      ; lab6                                                               ;
; Device Family      ; Cyclone II                                                         ;
; Device Name        ; EP2C35F672C6                                                       ;
; Timing Models      ; Final                                                              ;
; Delay Model        ; Combined                                                           ;
; Rise/Fall Delays   ; Unavailable                                                        ;
+--------------------+--------------------------------------------------------------------+


+------------------------------------------+
; Parallel Compilation                     ;
+----------------------------+-------------+
; Processors                 ; Number      ;
+----------------------------+-------------+
; Number detected on machine ; 8           ;
; Maximum allowed            ; 4           ;
;                            ;             ;
; Average used               ; 1.00        ;
; Maximum used               ; 1           ;
;                            ;             ;
; Usage by Processor         ; % Time Used ;
;     Processor 1            ; 100.0%      ;
;     Processors 2-8         ;   0.0%      ;
+----------------------------+-------------+


----------
; Clocks ;
----------
No clocks to report.


---------------------------
; Slow Model Fmax Summary ;
---------------------------
No paths to report.


----------------------------
; Slow Model Setup Summary ;
----------------------------
No paths to report.


---------------------------
; Slow Model Hold Summary ;
---------------------------
No paths to report.


-------------------------------
; Slow Model Recovery Summary ;
-------------------------------
No paths to report.


------------------------------
; Slow Model Removal Summary ;
------------------------------
No paths to report.


------------------------------------------
; Slow Model Minimum Pulse Width Summary ;
------------------------------------------
No paths to report.


+--------------------------------------------------------------+
; Propagation Delay                                            ;
+------------+-------------+--------+--------+--------+--------+
; Input Port ; Output Port ; RR     ; RF     ; FR     ; FF     ;
+------------+-------------+--------+--------+--------+--------+
; inputs[0]  ; hex0[0]     ; 20.816 ; 20.816 ; 20.816 ; 20.816 ;
; inputs[0]  ; hex0[1]     ; 22.362 ; 22.362 ; 22.362 ; 22.362 ;
; inputs[0]  ; hex0[2]     ; 21.632 ; 21.632 ; 21.632 ; 21.632 ;
; inputs[0]  ; hex0[3]     ; 21.521 ; 21.521 ; 21.521 ; 21.521 ;
; inputs[0]  ; hex0[4]     ; 22.348 ; 22.348 ; 22.348 ; 22.348 ;
; inputs[0]  ; hex0[5]     ; 21.530 ; 21.530 ; 21.530 ; 21.530 ;
; inputs[0]  ; hex0[6]     ; 21.545 ; 21.545 ; 21.545 ; 21.545 ;
; inputs[0]  ; hex1[0]     ; 21.301 ; 21.301 ; 21.301 ; 21.301 ;
; inputs[0]  ; hex1[1]     ; 20.708 ; 20.708 ; 20.708 ; 20.708 ;
; inputs[0]  ; hex1[2]     ; 21.141 ; 21.141 ; 21.141 ; 21.141 ;
; inputs[0]  ; hex1[3]     ; 21.097 ; 21.097 ; 21.097 ; 21.097 ;
; inputs[0]  ; hex1[4]     ; 21.131 ; 21.131 ; 21.131 ; 21.131 ;
; inputs[0]  ; hex1[5]     ; 20.941 ; 20.941 ; 20.941 ; 20.941 ;
; inputs[0]  ; hex1[6]     ; 20.693 ; 20.693 ; 20.693 ; 20.693 ;
; inputs[1]  ; hex0[0]     ; 20.206 ; 20.206 ; 20.206 ; 20.206 ;
; inputs[1]  ; hex0[1]     ; 21.752 ; 21.752 ; 21.752 ; 21.752 ;
; inputs[1]  ; hex0[2]     ; 21.022 ; 21.022 ; 21.022 ; 21.022 ;
; inputs[1]  ; hex0[3]     ; 20.911 ; 20.911 ; 20.911 ; 20.911 ;
; inputs[1]  ; hex0[4]     ; 21.738 ; 21.738 ; 21.738 ; 21.738 ;
; inputs[1]  ; hex0[5]     ; 20.920 ; 20.920 ; 20.920 ; 20.920 ;
; inputs[1]  ; hex0[6]     ; 20.935 ; 20.935 ; 20.935 ; 20.935 ;
; inputs[1]  ; hex1[0]     ; 20.691 ; 20.691 ; 20.691 ; 20.691 ;
; inputs[1]  ; hex1[1]     ; 20.098 ; 20.098 ; 20.098 ; 20.098 ;
; inputs[1]  ; hex1[2]     ; 20.531 ; 20.531 ; 20.531 ; 20.531 ;
; inputs[1]  ; hex1[3]     ; 20.487 ; 20.487 ; 20.487 ; 20.487 ;
; inputs[1]  ; hex1[4]     ; 20.521 ; 20.521 ; 20.521 ; 20.521 ;
; inputs[1]  ; hex1[5]     ; 20.331 ; 20.331 ; 20.331 ; 20.331 ;
; inputs[1]  ; hex1[6]     ; 20.083 ; 20.083 ; 20.083 ; 20.083 ;
; inputs[2]  ; hex0[0]     ; 19.623 ; 19.623 ; 19.623 ; 19.623 ;
; inputs[2]  ; hex0[1]     ; 21.169 ; 21.169 ; 21.169 ; 21.169 ;
; inputs[2]  ; hex0[2]     ; 20.439 ; 20.439 ; 20.439 ; 20.439 ;
; inputs[2]  ; hex0[3]     ; 20.328 ; 20.328 ; 20.328 ; 20.328 ;
; inputs[2]  ; hex0[4]     ; 21.155 ; 21.155 ; 21.155 ; 21.155 ;
; inputs[2]  ; hex0[5]     ; 20.337 ; 20.337 ; 20.337 ; 20.337 ;
; inputs[2]  ; hex0[6]     ; 20.352 ; 20.352 ; 20.352 ; 20.352 ;
; inputs[2]  ; hex1[0]     ; 20.108 ; 20.108 ; 20.108 ; 20.108 ;
; inputs[2]  ; hex1[1]     ; 19.515 ; 19.515 ; 19.515 ; 19.515 ;
; inputs[2]  ; hex1[2]     ; 19.948 ; 19.948 ; 19.948 ; 19.948 ;
; inputs[2]  ; hex1[3]     ; 19.904 ; 19.904 ; 19.904 ; 19.904 ;
; inputs[2]  ; hex1[4]     ; 19.938 ; 19.938 ; 19.938 ; 19.938 ;
; inputs[2]  ; hex1[5]     ; 19.748 ; 19.748 ; 19.748 ; 19.748 ;
; inputs[2]  ; hex1[6]     ; 19.500 ; 19.500 ; 19.500 ; 19.500 ;
; inputs[3]  ; hex0[0]     ; 18.165 ; 18.165 ; 18.165 ; 18.165 ;
; inputs[3]  ; hex0[1]     ; 19.711 ; 19.711 ; 19.711 ; 19.711 ;
; inputs[3]  ; hex0[2]     ; 18.981 ; 18.981 ; 18.981 ; 18.981 ;
; inputs[3]  ; hex0[3]     ; 18.870 ; 18.870 ; 18.870 ; 18.870 ;
; inputs[3]  ; hex0[4]     ; 19.697 ; 19.697 ; 19.697 ; 19.697 ;
; inputs[3]  ; hex0[5]     ; 18.879 ; 18.879 ; 18.879 ; 18.879 ;
; inputs[3]  ; hex0[6]     ; 18.894 ; 18.894 ; 18.894 ; 18.894 ;
; inputs[3]  ; hex1[0]     ; 18.650 ; 18.650 ; 18.650 ; 18.650 ;
; inputs[3]  ; hex1[1]     ; 18.057 ; 18.057 ; 18.057 ; 18.057 ;
; inputs[3]  ; hex1[2]     ; 18.490 ; 18.490 ; 18.490 ; 18.490 ;
; inputs[3]  ; hex1[3]     ; 18.446 ; 18.446 ; 18.446 ; 18.446 ;
; inputs[3]  ; hex1[4]     ; 18.480 ; 18.480 ; 18.480 ; 18.480 ;
; inputs[3]  ; hex1[5]     ; 18.290 ; 18.290 ; 18.290 ; 18.290 ;
; inputs[3]  ; hex1[6]     ; 18.042 ; 18.042 ; 18.042 ; 18.042 ;
; inputs[4]  ; hex0[0]     ; 18.030 ; 18.030 ; 18.030 ; 18.030 ;
; inputs[4]  ; hex0[1]     ; 19.576 ; 19.576 ; 19.576 ; 19.576 ;
; inputs[4]  ; hex0[2]     ; 18.846 ; 18.846 ; 18.846 ; 18.846 ;
; inputs[4]  ; hex0[3]     ; 18.735 ; 18.735 ; 18.735 ; 18.735 ;
; inputs[4]  ; hex0[4]     ; 19.562 ; 19.562 ; 19.562 ; 19.562 ;
; inputs[4]  ; hex0[5]     ; 18.744 ; 18.744 ; 18.744 ; 18.744 ;
; inputs[4]  ; hex0[6]     ; 18.759 ; 18.759 ; 18.759 ; 18.759 ;
; inputs[4]  ; hex1[0]     ; 18.515 ; 18.515 ; 18.515 ; 18.515 ;
; inputs[4]  ; hex1[1]     ; 17.922 ; 17.922 ; 17.922 ; 17.922 ;
; inputs[4]  ; hex1[2]     ; 18.355 ; 18.355 ; 18.355 ; 18.355 ;
; inputs[4]  ; hex1[3]     ; 18.311 ; 18.311 ; 18.311 ; 18.311 ;
; inputs[4]  ; hex1[4]     ; 18.345 ; 18.345 ; 18.345 ; 18.345 ;
; inputs[4]  ; hex1[5]     ; 18.155 ; 18.155 ; 18.155 ; 18.155 ;
; inputs[4]  ; hex1[6]     ; 17.907 ; 17.907 ; 17.907 ; 17.907 ;
; inputs[5]  ; hex0[0]     ; 18.033 ; 18.033 ; 18.033 ; 18.033 ;
; inputs[5]  ; hex0[1]     ; 19.579 ; 19.579 ; 19.579 ; 19.579 ;
; inputs[5]  ; hex0[2]     ; 18.849 ; 18.849 ; 18.849 ; 18.849 ;
; inputs[5]  ; hex0[3]     ; 18.738 ; 18.738 ; 18.738 ; 18.738 ;
; inputs[5]  ; hex0[4]     ; 19.565 ; 19.565 ; 19.565 ; 19.565 ;
; inputs[5]  ; hex0[5]     ; 18.747 ; 18.747 ; 18.747 ; 18.747 ;
; inputs[5]  ; hex0[6]     ; 18.762 ; 18.762 ; 18.762 ; 18.762 ;
; inputs[5]  ; hex1[0]     ; 18.521 ; 18.521 ; 18.521 ; 18.521 ;
; inputs[5]  ; hex1[1]     ; 17.928 ; 17.928 ; 17.928 ; 17.928 ;
; inputs[5]  ; hex1[2]     ; 18.361 ; 18.361 ; 18.361 ; 18.361 ;
; inputs[5]  ; hex1[3]     ; 18.317 ; 18.317 ; 18.317 ; 18.317 ;
; inputs[5]  ; hex1[4]     ; 18.351 ; 18.351 ; 18.351 ; 18.351 ;
; inputs[5]  ; hex1[5]     ; 18.161 ; 18.161 ; 18.161 ; 18.161 ;
; inputs[5]  ; hex1[6]     ; 17.913 ; 17.913 ; 17.913 ; 17.913 ;
; inputs[6]  ; hex0[0]     ; 17.338 ; 17.338 ; 17.338 ; 17.338 ;
; inputs[6]  ; hex0[1]     ; 18.884 ; 18.884 ; 18.884 ; 18.884 ;
; inputs[6]  ; hex0[2]     ; 18.154 ; 18.154 ; 18.154 ; 18.154 ;
; inputs[6]  ; hex0[3]     ; 18.043 ; 18.043 ; 18.043 ; 18.043 ;
; inputs[6]  ; hex0[4]     ; 18.870 ; 18.870 ; 18.870 ; 18.870 ;
; inputs[6]  ; hex0[5]     ; 18.052 ; 18.052 ; 18.052 ; 18.052 ;
; inputs[6]  ; hex0[6]     ; 18.067 ; 18.067 ; 18.067 ; 18.067 ;
; inputs[6]  ; hex1[0]     ; 17.826 ; 17.826 ; 17.826 ; 17.826 ;
; inputs[6]  ; hex1[1]     ; 17.233 ; 17.233 ; 17.233 ; 17.233 ;
; inputs[6]  ; hex1[2]     ; 17.666 ; 17.666 ; 17.666 ; 17.666 ;
; inputs[6]  ; hex1[3]     ; 17.622 ; 17.622 ; 17.622 ; 17.622 ;
; inputs[6]  ; hex1[4]     ; 17.656 ; 17.656 ; 17.656 ; 17.656 ;
; inputs[6]  ; hex1[5]     ; 17.466 ; 17.466 ; 17.466 ; 17.466 ;
; inputs[6]  ; hex1[6]     ; 17.218 ; 17.218 ; 17.218 ; 17.218 ;
; inputs[7]  ; hex0[0]     ; 20.343 ; 20.343 ; 20.343 ; 20.343 ;
; inputs[7]  ; hex0[1]     ; 21.889 ; 21.889 ; 21.889 ; 21.889 ;
; inputs[7]  ; hex0[2]     ; 21.159 ; 21.159 ; 21.159 ; 21.159 ;
; inputs[7]  ; hex0[3]     ; 21.048 ; 21.048 ; 21.048 ; 21.048 ;
; inputs[7]  ; hex0[4]     ; 21.875 ; 21.875 ; 21.875 ; 21.875 ;
; inputs[7]  ; hex0[5]     ; 21.057 ; 21.057 ; 21.057 ; 21.057 ;
; inputs[7]  ; hex0[6]     ; 21.072 ; 21.072 ; 21.072 ; 21.072 ;
; inputs[7]  ; hex1[0]     ; 20.828 ; 20.828 ; 20.828 ; 20.828 ;
; inputs[7]  ; hex1[1]     ; 20.235 ; 20.235 ; 20.235 ; 20.235 ;
; inputs[7]  ; hex1[2]     ; 20.668 ; 20.668 ; 20.668 ; 20.668 ;
; inputs[7]  ; hex1[3]     ; 20.624 ; 20.624 ; 20.624 ; 20.624 ;
; inputs[7]  ; hex1[4]     ; 20.658 ; 20.658 ; 20.658 ; 20.658 ;
; inputs[7]  ; hex1[5]     ; 20.468 ; 20.468 ; 20.468 ; 20.468 ;
; inputs[7]  ; hex1[6]     ; 20.220 ; 20.220 ; 20.220 ; 20.220 ;
; inputs[7]  ; hex2[6]     ;        ; 8.207  ; 8.207  ;        ;
; s          ; hex0[0]     ; 11.321 ; 11.321 ; 11.321 ; 11.321 ;
; s          ; hex0[1]     ; 11.509 ; 11.509 ; 11.509 ; 11.509 ;
; s          ; hex0[2]     ; 11.374 ; 11.374 ; 11.374 ; 11.374 ;
; s          ; hex0[3]     ; 11.146 ; 11.146 ; 11.146 ; 11.146 ;
; s          ; hex0[4]     ; 11.254 ; 11.254 ; 11.254 ; 11.254 ;
; s          ; hex0[5]     ; 11.120 ; 11.120 ; 11.120 ; 11.120 ;
; s          ; hex0[6]     ; 11.152 ; 11.152 ; 11.152 ; 11.152 ;
; s          ; hex1[0]     ; 12.416 ; 12.416 ; 12.416 ; 12.416 ;
; s          ; hex1[1]     ; 11.793 ; 11.793 ; 11.793 ; 11.793 ;
; s          ; hex1[2]     ; 12.242 ; 12.242 ; 12.242 ; 12.242 ;
; s          ; hex1[3]     ; 12.184 ; 12.184 ; 12.184 ; 12.184 ;
; s          ; hex1[4]     ; 12.246 ; 12.246 ; 12.246 ; 12.246 ;
; s          ; hex1[5]     ; 11.787 ; 11.787 ; 11.787 ; 11.787 ;
; s          ; hex1[6]     ; 11.782 ; 11.782 ; 11.782 ; 11.782 ;
; s          ; hex2[6]     ; 12.484 ;        ;        ; 12.484 ;
+------------+-------------+--------+--------+--------+--------+


+--------------------------------------------------------------+
; Minimum Propagation Delay                                    ;
+------------+-------------+--------+--------+--------+--------+
; Input Port ; Output Port ; RR     ; RF     ; FR     ; FF     ;
+------------+-------------+--------+--------+--------+--------+
; inputs[0]  ; hex0[0]     ; 8.117  ; 8.117  ; 8.117  ; 8.117  ;
; inputs[0]  ; hex0[1]     ; 8.311  ; 8.311  ; 8.311  ; 8.311  ;
; inputs[0]  ; hex0[2]     ; 9.797  ; 8.142  ; 8.142  ; 9.797  ;
; inputs[0]  ; hex0[3]     ; 7.662  ; 7.662  ; 7.662  ; 7.662  ;
; inputs[0]  ; hex0[4]     ; 8.277  ; 10.517 ; 10.517 ; 8.277  ;
; inputs[0]  ; hex0[5]     ; 7.637  ; 9.698  ; 9.698  ; 7.637  ;
; inputs[0]  ; hex0[6]     ; 7.952  ; 7.952  ; 7.952  ; 7.952  ;
; inputs[0]  ; hex1[0]     ; 13.365 ; 13.365 ; 13.365 ; 13.365 ;
; inputs[0]  ; hex1[1]     ; 12.739 ; 12.739 ; 12.739 ; 12.739 ;
; inputs[0]  ; hex1[2]     ; 13.173 ; 13.173 ; 13.173 ; 13.173 ;
; inputs[0]  ; hex1[3]     ; 13.133 ; 13.133 ; 13.133 ; 13.133 ;
; inputs[0]  ; hex1[4]     ; 13.194 ; 13.194 ; 13.194 ; 13.194 ;
; inputs[0]  ; hex1[5]     ; 13.003 ; 13.003 ; 13.003 ; 13.003 ;
; inputs[0]  ; hex1[6]     ; 12.729 ; 12.729 ; 12.729 ; 12.729 ;
; inputs[1]  ; hex0[0]     ; 8.020  ; 8.020  ; 8.020  ; 8.020  ;
; inputs[1]  ; hex0[1]     ; 8.228  ; 8.228  ; 8.228  ; 8.228  ;
; inputs[1]  ; hex0[2]     ; 8.092  ; 9.992  ; 9.992  ; 8.092  ;
; inputs[1]  ; hex0[3]     ; 7.595  ; 7.595  ; 7.595  ; 7.595  ;
; inputs[1]  ; hex0[4]     ; 10.723 ; 8.219  ; 8.219  ; 10.723 ;
; inputs[1]  ; hex0[5]     ; 7.570  ; 7.570  ; 7.570  ; 7.570  ;
; inputs[1]  ; hex0[6]     ; 7.877  ; 7.877  ; 7.877  ; 7.877  ;
; inputs[1]  ; hex1[0]     ; 12.755 ; 12.755 ; 12.755 ; 12.755 ;
; inputs[1]  ; hex1[1]     ; 12.129 ; 12.129 ; 12.129 ; 12.129 ;
; inputs[1]  ; hex1[2]     ; 12.563 ; 12.563 ; 12.563 ; 12.563 ;
; inputs[1]  ; hex1[3]     ; 12.523 ; 12.523 ; 12.523 ; 12.523 ;
; inputs[1]  ; hex1[4]     ; 12.584 ; 12.584 ; 12.584 ; 12.584 ;
; inputs[1]  ; hex1[5]     ; 12.393 ; 12.393 ; 12.393 ; 12.393 ;
; inputs[1]  ; hex1[6]     ; 12.119 ; 12.119 ; 12.119 ; 12.119 ;
; inputs[2]  ; hex0[0]     ; 8.132  ; 8.132  ; 8.132  ; 8.132  ;
; inputs[2]  ; hex0[1]     ; 8.324  ; 11.367 ; 11.367 ; 8.324  ;
; inputs[2]  ; hex0[2]     ; 8.182  ; 8.182  ; 8.182  ; 8.182  ;
; inputs[2]  ; hex0[3]     ; 7.675  ; 7.675  ; 7.675  ; 7.675  ;
; inputs[2]  ; hex0[4]     ; 8.297  ; 8.297  ; 8.297  ; 8.297  ;
; inputs[2]  ; hex0[5]     ; 7.650  ; 7.650  ; 7.650  ; 7.650  ;
; inputs[2]  ; hex0[6]     ; 7.965  ; 7.965  ; 7.965  ; 7.965  ;
; inputs[2]  ; hex1[0]     ; 12.172 ; 12.172 ; 12.172 ; 12.172 ;
; inputs[2]  ; hex1[1]     ; 11.546 ; 11.546 ; 11.546 ; 11.546 ;
; inputs[2]  ; hex1[2]     ; 11.980 ; 11.980 ; 11.980 ; 11.980 ;
; inputs[2]  ; hex1[3]     ; 11.940 ; 11.940 ; 11.940 ; 11.940 ;
; inputs[2]  ; hex1[4]     ; 12.001 ; 12.001 ; 12.001 ; 12.001 ;
; inputs[2]  ; hex1[5]     ; 11.810 ; 11.810 ; 11.810 ; 11.810 ;
; inputs[2]  ; hex1[6]     ; 11.536 ; 11.536 ; 11.536 ; 11.536 ;
; inputs[3]  ; hex0[0]     ; 6.576  ; 6.576  ; 6.576  ; 6.576  ;
; inputs[3]  ; hex0[1]     ; 6.770  ; 6.770  ; 6.770  ; 6.770  ;
; inputs[3]  ; hex0[2]     ; 6.629  ; 6.629  ; 6.629  ; 6.629  ;
; inputs[3]  ; hex0[3]     ; 6.122  ; 6.122  ; 6.122  ; 6.122  ;
; inputs[3]  ; hex0[4]     ; 9.922  ; 6.741  ; 6.741  ; 9.922  ;
; inputs[3]  ; hex0[5]     ; 6.097  ; 6.097  ; 6.097  ; 6.097  ;
; inputs[3]  ; hex0[6]     ; 6.412  ; 6.412  ; 6.412  ; 6.412  ;
; inputs[3]  ; hex1[0]     ; 10.714 ; 10.714 ; 10.714 ; 10.714 ;
; inputs[3]  ; hex1[1]     ; 10.088 ; 10.088 ; 10.088 ; 10.088 ;
; inputs[3]  ; hex1[2]     ; 10.522 ; 10.522 ; 10.522 ; 10.522 ;
; inputs[3]  ; hex1[3]     ; 10.482 ; 10.482 ; 10.482 ; 10.482 ;
; inputs[3]  ; hex1[4]     ; 10.543 ; 10.543 ; 10.543 ; 10.543 ;
; inputs[3]  ; hex1[5]     ; 10.352 ; 10.352 ; 10.352 ; 10.352 ;
; inputs[3]  ; hex1[6]     ; 10.078 ; 10.078 ; 10.078 ; 10.078 ;
; inputs[4]  ; hex0[0]     ; 10.992 ; 10.992 ; 10.992 ; 10.992 ;
; inputs[4]  ; hex0[1]     ; 12.187 ; 12.187 ; 12.187 ; 12.187 ;
; inputs[4]  ; hex0[2]     ; 11.495 ; 11.495 ; 11.495 ; 11.495 ;
; inputs[4]  ; hex0[3]     ; 11.420 ; 11.420 ; 11.420 ; 11.420 ;
; inputs[4]  ; hex0[4]     ; 12.226 ; 12.226 ; 12.226 ; 12.226 ;
; inputs[4]  ; hex0[5]     ; 11.392 ; 11.392 ; 11.392 ; 11.392 ;
; inputs[4]  ; hex0[6]     ; 11.404 ; 11.404 ; 11.404 ; 11.404 ;
; inputs[4]  ; hex1[0]     ; 8.137  ; 8.137  ; 8.137  ; 8.137  ;
; inputs[4]  ; hex1[1]     ; 7.559  ; 7.559  ; 7.559  ; 7.559  ;
; inputs[4]  ; hex1[2]     ; 10.071 ; 7.932  ; 7.932  ; 10.071 ;
; inputs[4]  ; hex1[3]     ; 7.910  ; 7.910  ; 7.910  ; 7.910  ;
; inputs[4]  ; hex1[4]     ; 7.943  ; 10.092 ; 10.092 ; 7.943  ;
; inputs[4]  ; hex1[5]     ; 7.476  ; 9.901  ; 9.901  ; 7.476  ;
; inputs[4]  ; hex1[6]     ; 7.505  ; 7.505  ; 7.505  ; 7.505  ;
; inputs[5]  ; hex0[0]     ; 10.763 ; 10.763 ; 10.763 ; 10.763 ;
; inputs[5]  ; hex0[1]     ; 12.066 ; 12.066 ; 12.066 ; 12.066 ;
; inputs[5]  ; hex0[2]     ; 11.266 ; 11.266 ; 11.266 ; 11.266 ;
; inputs[5]  ; hex0[3]     ; 11.191 ; 11.191 ; 11.191 ; 11.191 ;
; inputs[5]  ; hex0[4]     ; 11.997 ; 11.997 ; 11.997 ; 11.997 ;
; inputs[5]  ; hex0[5]     ; 11.163 ; 11.163 ; 11.163 ; 11.163 ;
; inputs[5]  ; hex0[6]     ; 11.175 ; 11.175 ; 11.175 ; 11.175 ;
; inputs[5]  ; hex1[0]     ; 8.211  ; 8.211  ; 8.211  ; 8.211  ;
; inputs[5]  ; hex1[1]     ; 7.637  ; 7.637  ; 7.637  ; 7.637  ;
; inputs[5]  ; hex1[2]     ; 8.024  ; 10.571 ; 10.571 ; 8.024  ;
; inputs[5]  ; hex1[3]     ; 7.979  ; 7.979  ; 7.979  ; 7.979  ;
; inputs[5]  ; hex1[4]     ; 10.592 ; 8.006  ; 8.006  ; 10.592 ;
; inputs[5]  ; hex1[5]     ; 7.551  ; 7.551  ; 7.551  ; 7.551  ;
; inputs[5]  ; hex1[6]     ; 7.543  ; 7.543  ; 7.543  ; 7.543  ;
; inputs[6]  ; hex0[0]     ; 11.192 ; 11.192 ; 11.192 ; 11.192 ;
; inputs[6]  ; hex0[1]     ; 11.678 ; 11.678 ; 11.678 ; 11.678 ;
; inputs[6]  ; hex0[2]     ; 11.290 ; 11.290 ; 11.290 ; 11.290 ;
; inputs[6]  ; hex0[3]     ; 11.179 ; 11.179 ; 11.179 ; 11.179 ;
; inputs[6]  ; hex0[4]     ; 12.006 ; 12.006 ; 12.006 ; 12.006 ;
; inputs[6]  ; hex0[5]     ; 11.188 ; 11.188 ; 11.188 ; 11.188 ;
; inputs[6]  ; hex0[6]     ; 11.203 ; 11.203 ; 11.203 ; 11.203 ;
; inputs[6]  ; hex1[0]     ; 7.904  ; 7.904  ; 7.904  ; 7.904  ;
; inputs[6]  ; hex1[1]     ; 7.329  ; 9.749  ; 9.749  ; 7.329  ;
; inputs[6]  ; hex1[2]     ; 7.710  ; 7.710  ; 7.710  ; 7.710  ;
; inputs[6]  ; hex1[3]     ; 7.665  ; 7.665  ; 7.665  ; 7.665  ;
; inputs[6]  ; hex1[4]     ; 7.700  ; 7.700  ; 7.700  ; 7.700  ;
; inputs[6]  ; hex1[5]     ; 7.243  ; 7.243  ; 7.243  ; 7.243  ;
; inputs[6]  ; hex1[6]     ; 7.267  ; 7.267  ; 7.267  ; 7.267  ;
; inputs[7]  ; hex0[0]     ; 9.179  ; 9.179  ; 9.179  ; 9.179  ;
; inputs[7]  ; hex0[1]     ; 9.418  ; 9.418  ; 9.418  ; 9.418  ;
; inputs[7]  ; hex0[2]     ; 8.566  ; 8.566  ; 8.566  ; 8.566  ;
; inputs[7]  ; hex0[3]     ; 8.481  ; 8.481  ; 8.481  ; 8.481  ;
; inputs[7]  ; hex0[4]     ; 9.286  ; 9.286  ; 9.286  ; 9.286  ;
; inputs[7]  ; hex0[5]     ; 8.467  ; 8.467  ; 8.467  ; 8.467  ;
; inputs[7]  ; hex0[6]     ; 8.480  ; 8.480  ; 8.480  ; 8.480  ;
; inputs[7]  ; hex1[0]     ; 9.249  ; 9.249  ; 9.249  ; 9.249  ;
; inputs[7]  ; hex1[1]     ; 8.675  ; 8.675  ; 8.675  ; 8.675  ;
; inputs[7]  ; hex1[2]     ; 9.059  ; 9.059  ; 9.059  ; 9.059  ;
; inputs[7]  ; hex1[3]     ; 9.014  ; 9.014  ; 9.014  ; 9.014  ;
; inputs[7]  ; hex1[4]     ; 11.695 ; 9.045  ; 9.045  ; 11.695 ;
; inputs[7]  ; hex1[5]     ; 8.588  ; 8.588  ; 8.588  ; 8.588  ;
; inputs[7]  ; hex1[6]     ; 8.613  ; 8.613  ; 8.613  ; 8.613  ;
; inputs[7]  ; hex2[6]     ;        ; 8.207  ; 8.207  ;        ;
; s          ; hex0[0]     ; 11.321 ; 11.321 ; 11.321 ; 11.321 ;
; s          ; hex0[1]     ; 11.509 ; 11.509 ; 11.509 ; 11.509 ;
; s          ; hex0[2]     ; 11.374 ; 11.374 ; 11.374 ; 11.374 ;
; s          ; hex0[3]     ; 11.146 ; 11.146 ; 11.146 ; 11.146 ;
; s          ; hex0[4]     ; 11.254 ; 11.254 ; 11.254 ; 11.254 ;
; s          ; hex0[5]     ; 11.120 ; 11.120 ; 11.120 ; 11.120 ;
; s          ; hex0[6]     ; 11.152 ; 11.152 ; 11.152 ; 11.152 ;
; s          ; hex1[0]     ; 12.416 ; 12.416 ; 12.416 ; 12.416 ;
; s          ; hex1[1]     ; 11.793 ; 11.793 ; 11.793 ; 11.793 ;
; s          ; hex1[2]     ; 12.242 ; 12.242 ; 12.242 ; 12.242 ;
; s          ; hex1[3]     ; 12.184 ; 12.184 ; 12.184 ; 12.184 ;
; s          ; hex1[4]     ; 12.246 ; 12.246 ; 12.246 ; 12.246 ;
; s          ; hex1[5]     ; 11.787 ; 11.787 ; 11.787 ; 11.787 ;
; s          ; hex1[6]     ; 11.782 ; 11.782 ; 11.782 ; 11.782 ;
; s          ; hex2[6]     ; 12.484 ;        ;        ; 12.484 ;
+------------+-------------+--------+--------+--------+--------+


----------------------------
; Fast Model Setup Summary ;
----------------------------
No paths to report.


---------------------------
; Fast Model Hold Summary ;
---------------------------
No paths to report.


-------------------------------
; Fast Model Recovery Summary ;
-------------------------------
No paths to report.


------------------------------
; Fast Model Removal Summary ;
------------------------------
No paths to report.


------------------------------------------
; Fast Model Minimum Pulse Width Summary ;
------------------------------------------
No paths to report.


+--------------------------------------------------------------+
; Propagation Delay                                            ;
+------------+-------------+--------+--------+--------+--------+
; Input Port ; Output Port ; RR     ; RF     ; FR     ; FF     ;
+------------+-------------+--------+--------+--------+--------+
; inputs[0]  ; hex0[0]     ; 9.628  ; 9.628  ; 9.628  ; 9.628  ;
; inputs[0]  ; hex0[1]     ; 10.342 ; 10.342 ; 10.342 ; 10.342 ;
; inputs[0]  ; hex0[2]     ; 10.004 ; 10.004 ; 10.004 ; 10.004 ;
; inputs[0]  ; hex0[3]     ; 9.968  ; 9.968  ; 9.968  ; 9.968  ;
; inputs[0]  ; hex0[4]     ; 10.321 ; 10.321 ; 10.321 ; 10.321 ;
; inputs[0]  ; hex0[5]     ; 9.953  ; 9.953  ; 9.953  ; 9.953  ;
; inputs[0]  ; hex0[6]     ; 9.963  ; 9.963  ; 9.963  ; 9.963  ;
; inputs[0]  ; hex1[0]     ; 9.923  ; 9.923  ; 9.923  ; 9.923  ;
; inputs[0]  ; hex1[1]     ; 9.663  ; 9.663  ; 9.663  ; 9.663  ;
; inputs[0]  ; hex1[2]     ; 9.758  ; 9.758  ; 9.758  ; 9.758  ;
; inputs[0]  ; hex1[3]     ; 9.729  ; 9.729  ; 9.729  ; 9.729  ;
; inputs[0]  ; hex1[4]     ; 9.776  ; 9.776  ; 9.776  ; 9.776  ;
; inputs[0]  ; hex1[5]     ; 9.709  ; 9.709  ; 9.709  ; 9.709  ;
; inputs[0]  ; hex1[6]     ; 9.596  ; 9.596  ; 9.596  ; 9.596  ;
; inputs[1]  ; hex0[0]     ; 9.385  ; 9.385  ; 9.385  ; 9.385  ;
; inputs[1]  ; hex0[1]     ; 10.099 ; 10.099 ; 10.099 ; 10.099 ;
; inputs[1]  ; hex0[2]     ; 9.761  ; 9.761  ; 9.761  ; 9.761  ;
; inputs[1]  ; hex0[3]     ; 9.725  ; 9.725  ; 9.725  ; 9.725  ;
; inputs[1]  ; hex0[4]     ; 10.078 ; 10.078 ; 10.078 ; 10.078 ;
; inputs[1]  ; hex0[5]     ; 9.710  ; 9.710  ; 9.710  ; 9.710  ;
; inputs[1]  ; hex0[6]     ; 9.720  ; 9.720  ; 9.720  ; 9.720  ;
; inputs[1]  ; hex1[0]     ; 9.680  ; 9.680  ; 9.680  ; 9.680  ;
; inputs[1]  ; hex1[1]     ; 9.420  ; 9.420  ; 9.420  ; 9.420  ;
; inputs[1]  ; hex1[2]     ; 9.515  ; 9.515  ; 9.515  ; 9.515  ;
; inputs[1]  ; hex1[3]     ; 9.486  ; 9.486  ; 9.486  ; 9.486  ;
; inputs[1]  ; hex1[4]     ; 9.533  ; 9.533  ; 9.533  ; 9.533  ;
; inputs[1]  ; hex1[5]     ; 9.466  ; 9.466  ; 9.466  ; 9.466  ;
; inputs[1]  ; hex1[6]     ; 9.353  ; 9.353  ; 9.353  ; 9.353  ;
; inputs[2]  ; hex0[0]     ; 9.141  ; 9.141  ; 9.141  ; 9.141  ;
; inputs[2]  ; hex0[1]     ; 9.855  ; 9.855  ; 9.855  ; 9.855  ;
; inputs[2]  ; hex0[2]     ; 9.517  ; 9.517  ; 9.517  ; 9.517  ;
; inputs[2]  ; hex0[3]     ; 9.481  ; 9.481  ; 9.481  ; 9.481  ;
; inputs[2]  ; hex0[4]     ; 9.834  ; 9.834  ; 9.834  ; 9.834  ;
; inputs[2]  ; hex0[5]     ; 9.466  ; 9.466  ; 9.466  ; 9.466  ;
; inputs[2]  ; hex0[6]     ; 9.476  ; 9.476  ; 9.476  ; 9.476  ;
; inputs[2]  ; hex1[0]     ; 9.436  ; 9.436  ; 9.436  ; 9.436  ;
; inputs[2]  ; hex1[1]     ; 9.176  ; 9.176  ; 9.176  ; 9.176  ;
; inputs[2]  ; hex1[2]     ; 9.271  ; 9.271  ; 9.271  ; 9.271  ;
; inputs[2]  ; hex1[3]     ; 9.242  ; 9.242  ; 9.242  ; 9.242  ;
; inputs[2]  ; hex1[4]     ; 9.289  ; 9.289  ; 9.289  ; 9.289  ;
; inputs[2]  ; hex1[5]     ; 9.222  ; 9.222  ; 9.222  ; 9.222  ;
; inputs[2]  ; hex1[6]     ; 9.109  ; 9.109  ; 9.109  ; 9.109  ;
; inputs[3]  ; hex0[0]     ; 8.340  ; 8.340  ; 8.340  ; 8.340  ;
; inputs[3]  ; hex0[1]     ; 9.054  ; 9.054  ; 9.054  ; 9.054  ;
; inputs[3]  ; hex0[2]     ; 8.716  ; 8.716  ; 8.716  ; 8.716  ;
; inputs[3]  ; hex0[3]     ; 8.680  ; 8.680  ; 8.680  ; 8.680  ;
; inputs[3]  ; hex0[4]     ; 9.033  ; 9.033  ; 9.033  ; 9.033  ;
; inputs[3]  ; hex0[5]     ; 8.665  ; 8.665  ; 8.665  ; 8.665  ;
; inputs[3]  ; hex0[6]     ; 8.675  ; 8.675  ; 8.675  ; 8.675  ;
; inputs[3]  ; hex1[0]     ; 8.635  ; 8.635  ; 8.635  ; 8.635  ;
; inputs[3]  ; hex1[1]     ; 8.375  ; 8.375  ; 8.375  ; 8.375  ;
; inputs[3]  ; hex1[2]     ; 8.470  ; 8.470  ; 8.470  ; 8.470  ;
; inputs[3]  ; hex1[3]     ; 8.441  ; 8.441  ; 8.441  ; 8.441  ;
; inputs[3]  ; hex1[4]     ; 8.488  ; 8.488  ; 8.488  ; 8.488  ;
; inputs[3]  ; hex1[5]     ; 8.421  ; 8.421  ; 8.421  ; 8.421  ;
; inputs[3]  ; hex1[6]     ; 8.308  ; 8.308  ; 8.308  ; 8.308  ;
; inputs[4]  ; hex0[0]     ; 8.269  ; 8.269  ; 8.269  ; 8.269  ;
; inputs[4]  ; hex0[1]     ; 8.983  ; 8.983  ; 8.983  ; 8.983  ;
; inputs[4]  ; hex0[2]     ; 8.645  ; 8.645  ; 8.645  ; 8.645  ;
; inputs[4]  ; hex0[3]     ; 8.609  ; 8.609  ; 8.609  ; 8.609  ;
; inputs[4]  ; hex0[4]     ; 8.962  ; 8.962  ; 8.962  ; 8.962  ;
; inputs[4]  ; hex0[5]     ; 8.594  ; 8.594  ; 8.594  ; 8.594  ;
; inputs[4]  ; hex0[6]     ; 8.604  ; 8.604  ; 8.604  ; 8.604  ;
; inputs[4]  ; hex1[0]     ; 8.564  ; 8.564  ; 8.564  ; 8.564  ;
; inputs[4]  ; hex1[1]     ; 8.304  ; 8.304  ; 8.304  ; 8.304  ;
; inputs[4]  ; hex1[2]     ; 8.399  ; 8.399  ; 8.399  ; 8.399  ;
; inputs[4]  ; hex1[3]     ; 8.370  ; 8.370  ; 8.370  ; 8.370  ;
; inputs[4]  ; hex1[4]     ; 8.417  ; 8.417  ; 8.417  ; 8.417  ;
; inputs[4]  ; hex1[5]     ; 8.350  ; 8.350  ; 8.350  ; 8.350  ;
; inputs[4]  ; hex1[6]     ; 8.237  ; 8.237  ; 8.237  ; 8.237  ;
; inputs[5]  ; hex0[0]     ; 8.269  ; 8.269  ; 8.269  ; 8.269  ;
; inputs[5]  ; hex0[1]     ; 8.983  ; 8.983  ; 8.983  ; 8.983  ;
; inputs[5]  ; hex0[2]     ; 8.645  ; 8.645  ; 8.645  ; 8.645  ;
; inputs[5]  ; hex0[3]     ; 8.609  ; 8.609  ; 8.609  ; 8.609  ;
; inputs[5]  ; hex0[4]     ; 8.962  ; 8.962  ; 8.962  ; 8.962  ;
; inputs[5]  ; hex0[5]     ; 8.594  ; 8.594  ; 8.594  ; 8.594  ;
; inputs[5]  ; hex0[6]     ; 8.604  ; 8.604  ; 8.604  ; 8.604  ;
; inputs[5]  ; hex1[0]     ; 8.567  ; 8.567  ; 8.567  ; 8.567  ;
; inputs[5]  ; hex1[1]     ; 8.307  ; 8.307  ; 8.307  ; 8.307  ;
; inputs[5]  ; hex1[2]     ; 8.402  ; 8.402  ; 8.402  ; 8.402  ;
; inputs[5]  ; hex1[3]     ; 8.373  ; 8.373  ; 8.373  ; 8.373  ;
; inputs[5]  ; hex1[4]     ; 8.420  ; 8.420  ; 8.420  ; 8.420  ;
; inputs[5]  ; hex1[5]     ; 8.353  ; 8.353  ; 8.353  ; 8.353  ;
; inputs[5]  ; hex1[6]     ; 8.240  ; 8.240  ; 8.240  ; 8.240  ;
; inputs[6]  ; hex0[0]     ; 8.003  ; 8.003  ; 8.003  ; 8.003  ;
; inputs[6]  ; hex0[1]     ; 8.717  ; 8.717  ; 8.717  ; 8.717  ;
; inputs[6]  ; hex0[2]     ; 8.379  ; 8.379  ; 8.379  ; 8.379  ;
; inputs[6]  ; hex0[3]     ; 8.343  ; 8.343  ; 8.343  ; 8.343  ;
; inputs[6]  ; hex0[4]     ; 8.696  ; 8.696  ; 8.696  ; 8.696  ;
; inputs[6]  ; hex0[5]     ; 8.328  ; 8.328  ; 8.328  ; 8.328  ;
; inputs[6]  ; hex0[6]     ; 8.338  ; 8.338  ; 8.338  ; 8.338  ;
; inputs[6]  ; hex1[0]     ; 8.301  ; 8.301  ; 8.301  ; 8.301  ;
; inputs[6]  ; hex1[1]     ; 8.041  ; 8.041  ; 8.041  ; 8.041  ;
; inputs[6]  ; hex1[2]     ; 8.136  ; 8.136  ; 8.136  ; 8.136  ;
; inputs[6]  ; hex1[3]     ; 8.107  ; 8.107  ; 8.107  ; 8.107  ;
; inputs[6]  ; hex1[4]     ; 8.154  ; 8.154  ; 8.154  ; 8.154  ;
; inputs[6]  ; hex1[5]     ; 8.087  ; 8.087  ; 8.087  ; 8.087  ;
; inputs[6]  ; hex1[6]     ; 7.974  ; 7.974  ; 7.974  ; 7.974  ;
; inputs[7]  ; hex0[0]     ; 9.487  ; 9.487  ; 9.487  ; 9.487  ;
; inputs[7]  ; hex0[1]     ; 10.201 ; 10.201 ; 10.201 ; 10.201 ;
; inputs[7]  ; hex0[2]     ; 9.863  ; 9.863  ; 9.863  ; 9.863  ;
; inputs[7]  ; hex0[3]     ; 9.827  ; 9.827  ; 9.827  ; 9.827  ;
; inputs[7]  ; hex0[4]     ; 10.180 ; 10.180 ; 10.180 ; 10.180 ;
; inputs[7]  ; hex0[5]     ; 9.812  ; 9.812  ; 9.812  ; 9.812  ;
; inputs[7]  ; hex0[6]     ; 9.822  ; 9.822  ; 9.822  ; 9.822  ;
; inputs[7]  ; hex1[0]     ; 9.782  ; 9.782  ; 9.782  ; 9.782  ;
; inputs[7]  ; hex1[1]     ; 9.522  ; 9.522  ; 9.522  ; 9.522  ;
; inputs[7]  ; hex1[2]     ; 9.617  ; 9.617  ; 9.617  ; 9.617  ;
; inputs[7]  ; hex1[3]     ; 9.588  ; 9.588  ; 9.588  ; 9.588  ;
; inputs[7]  ; hex1[4]     ; 9.635  ; 9.635  ; 9.635  ; 9.635  ;
; inputs[7]  ; hex1[5]     ; 9.568  ; 9.568  ; 9.568  ; 9.568  ;
; inputs[7]  ; hex1[6]     ; 9.455  ; 9.455  ; 9.455  ; 9.455  ;
; inputs[7]  ; hex2[6]     ;        ; 4.262  ; 4.262  ;        ;
; s          ; hex0[0]     ; 6.343  ; 6.343  ; 6.343  ; 6.343  ;
; s          ; hex0[1]     ; 6.418  ; 6.418  ; 6.418  ; 6.418  ;
; s          ; hex0[2]     ; 6.349  ; 6.349  ; 6.349  ; 6.349  ;
; s          ; hex0[3]     ; 6.269  ; 6.269  ; 6.269  ; 6.269  ;
; s          ; hex0[4]     ; 6.297  ; 6.297  ; 6.297  ; 6.297  ;
; s          ; hex0[5]     ; 6.250  ; 6.250  ; 6.250  ; 6.250  ;
; s          ; hex0[6]     ; 6.254  ; 6.254  ; 6.254  ; 6.254  ;
; s          ; hex1[0]     ; 6.823  ; 6.823  ; 6.823  ; 6.823  ;
; s          ; hex1[1]     ; 6.565  ; 6.565  ; 6.565  ; 6.565  ;
; s          ; hex1[2]     ; 6.671  ; 6.671  ; 6.671  ; 6.671  ;
; s          ; hex1[3]     ; 6.634  ; 6.634  ; 6.634  ; 6.634  ;
; s          ; hex1[4]     ; 6.678  ; 6.678  ; 6.678  ; 6.678  ;
; s          ; hex1[5]     ; 6.495  ; 6.495  ; 6.495  ; 6.495  ;
; s          ; hex1[6]     ; 6.509  ; 6.509  ; 6.509  ; 6.509  ;
; s          ; hex2[6]     ; 6.809  ;        ;        ; 6.809  ;
+------------+-------------+--------+--------+--------+--------+


+----------------------------------------------------------+
; Minimum Propagation Delay                                ;
+------------+-------------+-------+-------+-------+-------+
; Input Port ; Output Port ; RR    ; RF    ; FR    ; FF    ;
+------------+-------------+-------+-------+-------+-------+
; inputs[0]  ; hex0[0]     ; 4.204 ; 4.204 ; 4.204 ; 4.204 ;
; inputs[0]  ; hex0[1]     ; 4.292 ; 4.292 ; 4.292 ; 4.292 ;
; inputs[0]  ; hex0[2]     ; 4.904 ; 4.196 ; 4.196 ; 4.904 ;
; inputs[0]  ; hex0[3]     ; 3.986 ; 3.986 ; 3.986 ; 3.986 ;
; inputs[0]  ; hex0[4]     ; 4.260 ; 5.223 ; 5.223 ; 4.260 ;
; inputs[0]  ; hex0[5]     ; 3.975 ; 4.852 ; 4.852 ; 3.975 ;
; inputs[0]  ; hex0[6]     ; 4.102 ; 4.102 ; 4.102 ; 4.102 ;
; inputs[0]  ; hex1[0]     ; 6.451 ; 6.451 ; 6.451 ; 6.451 ;
; inputs[0]  ; hex1[1]     ; 6.189 ; 6.189 ; 6.189 ; 6.189 ;
; inputs[0]  ; hex1[2]     ; 6.285 ; 6.285 ; 6.285 ; 6.285 ;
; inputs[0]  ; hex1[3]     ; 6.260 ; 6.260 ; 6.260 ; 6.260 ;
; inputs[0]  ; hex1[4]     ; 6.306 ; 6.306 ; 6.306 ; 6.306 ;
; inputs[0]  ; hex1[5]     ; 6.240 ; 6.240 ; 6.240 ; 6.240 ;
; inputs[0]  ; hex1[6]     ; 6.130 ; 6.130 ; 6.130 ; 6.130 ;
; inputs[1]  ; hex0[0]     ; 4.161 ; 4.161 ; 4.161 ; 4.161 ;
; inputs[1]  ; hex0[1]     ; 4.240 ; 4.240 ; 4.240 ; 4.240 ;
; inputs[1]  ; hex0[2]     ; 4.149 ; 5.026 ; 5.026 ; 4.149 ;
; inputs[1]  ; hex0[3]     ; 3.951 ; 3.951 ; 3.951 ; 3.951 ;
; inputs[1]  ; hex0[4]     ; 5.352 ; 4.222 ; 4.222 ; 5.352 ;
; inputs[1]  ; hex0[5]     ; 3.931 ; 3.931 ; 3.931 ; 3.931 ;
; inputs[1]  ; hex0[6]     ; 4.055 ; 4.055 ; 4.055 ; 4.055 ;
; inputs[1]  ; hex1[0]     ; 6.208 ; 6.208 ; 6.208 ; 6.208 ;
; inputs[1]  ; hex1[1]     ; 5.946 ; 5.946 ; 5.946 ; 5.946 ;
; inputs[1]  ; hex1[2]     ; 6.042 ; 6.042 ; 6.042 ; 6.042 ;
; inputs[1]  ; hex1[3]     ; 6.017 ; 6.017 ; 6.017 ; 6.017 ;
; inputs[1]  ; hex1[4]     ; 6.063 ; 6.063 ; 6.063 ; 6.063 ;
; inputs[1]  ; hex1[5]     ; 5.997 ; 5.997 ; 5.997 ; 5.997 ;
; inputs[1]  ; hex1[6]     ; 5.887 ; 5.887 ; 5.887 ; 5.887 ;
; inputs[2]  ; hex0[0]     ; 4.249 ; 4.249 ; 4.249 ; 4.249 ;
; inputs[2]  ; hex0[1]     ; 4.343 ; 5.605 ; 5.605 ; 4.343 ;
; inputs[2]  ; hex0[2]     ; 4.248 ; 4.248 ; 4.248 ; 4.248 ;
; inputs[2]  ; hex0[3]     ; 4.036 ; 4.036 ; 4.036 ; 4.036 ;
; inputs[2]  ; hex0[4]     ; 4.310 ; 4.310 ; 4.310 ; 4.310 ;
; inputs[2]  ; hex0[5]     ; 4.021 ; 4.021 ; 4.021 ; 4.021 ;
; inputs[2]  ; hex0[6]     ; 4.154 ; 4.154 ; 4.154 ; 4.154 ;
; inputs[2]  ; hex1[0]     ; 5.964 ; 5.964 ; 5.964 ; 5.964 ;
; inputs[2]  ; hex1[1]     ; 5.702 ; 5.702 ; 5.702 ; 5.702 ;
; inputs[2]  ; hex1[2]     ; 5.798 ; 5.798 ; 5.798 ; 5.798 ;
; inputs[2]  ; hex1[3]     ; 5.773 ; 5.773 ; 5.773 ; 5.773 ;
; inputs[2]  ; hex1[4]     ; 5.819 ; 5.819 ; 5.819 ; 5.819 ;
; inputs[2]  ; hex1[5]     ; 5.753 ; 5.753 ; 5.753 ; 5.753 ;
; inputs[2]  ; hex1[6]     ; 5.643 ; 5.643 ; 5.643 ; 5.643 ;
; inputs[3]  ; hex0[0]     ; 3.424 ; 3.424 ; 3.424 ; 3.424 ;
; inputs[3]  ; hex0[1]     ; 3.519 ; 3.519 ; 3.519 ; 3.519 ;
; inputs[3]  ; hex0[2]     ; 3.422 ; 3.422 ; 3.422 ; 3.422 ;
; inputs[3]  ; hex0[3]     ; 3.214 ; 3.214 ; 3.214 ; 3.214 ;
; inputs[3]  ; hex0[4]     ; 4.836 ; 3.484 ; 3.484 ; 4.836 ;
; inputs[3]  ; hex0[5]     ; 3.196 ; 3.196 ; 3.196 ; 3.196 ;
; inputs[3]  ; hex0[6]     ; 3.330 ; 3.330 ; 3.330 ; 3.330 ;
; inputs[3]  ; hex1[0]     ; 5.163 ; 5.163 ; 5.163 ; 5.163 ;
; inputs[3]  ; hex1[1]     ; 4.901 ; 4.901 ; 4.901 ; 4.901 ;
; inputs[3]  ; hex1[2]     ; 4.997 ; 4.997 ; 4.997 ; 4.997 ;
; inputs[3]  ; hex1[3]     ; 4.972 ; 4.972 ; 4.972 ; 4.972 ;
; inputs[3]  ; hex1[4]     ; 5.018 ; 5.018 ; 5.018 ; 5.018 ;
; inputs[3]  ; hex1[5]     ; 4.952 ; 4.952 ; 4.952 ; 4.952 ;
; inputs[3]  ; hex1[6]     ; 4.842 ; 4.842 ; 4.842 ; 4.842 ;
; inputs[4]  ; hex0[0]     ; 5.272 ; 5.272 ; 5.272 ; 5.272 ;
; inputs[4]  ; hex0[1]     ; 5.807 ; 5.807 ; 5.807 ; 5.807 ;
; inputs[4]  ; hex0[2]     ; 5.495 ; 5.495 ; 5.495 ; 5.495 ;
; inputs[4]  ; hex0[3]     ; 5.463 ; 5.463 ; 5.463 ; 5.463 ;
; inputs[4]  ; hex0[4]     ; 5.821 ; 5.821 ; 5.821 ; 5.821 ;
; inputs[4]  ; hex0[5]     ; 5.442 ; 5.442 ; 5.442 ; 5.442 ;
; inputs[4]  ; hex0[6]     ; 5.448 ; 5.448 ; 5.448 ; 5.448 ;
; inputs[4]  ; hex1[0]     ; 4.072 ; 4.072 ; 4.072 ; 4.072 ;
; inputs[4]  ; hex1[1]     ; 3.855 ; 3.855 ; 3.855 ; 3.855 ;
; inputs[4]  ; hex1[2]     ; 4.823 ; 3.916 ; 3.916 ; 4.823 ;
; inputs[4]  ; hex1[3]     ; 3.887 ; 3.887 ; 3.887 ; 3.887 ;
; inputs[4]  ; hex1[4]     ; 3.924 ; 4.844 ; 4.844 ; 3.924 ;
; inputs[4]  ; hex1[5]     ; 3.745 ; 4.778 ; 4.778 ; 3.745 ;
; inputs[4]  ; hex1[6]     ; 3.773 ; 3.773 ; 3.773 ; 3.773 ;
; inputs[5]  ; hex0[0]     ; 5.175 ; 5.175 ; 5.175 ; 5.175 ;
; inputs[5]  ; hex0[1]     ; 5.761 ; 5.761 ; 5.761 ; 5.761 ;
; inputs[5]  ; hex0[2]     ; 5.398 ; 5.398 ; 5.398 ; 5.398 ;
; inputs[5]  ; hex0[3]     ; 5.366 ; 5.366 ; 5.366 ; 5.366 ;
; inputs[5]  ; hex0[4]     ; 5.724 ; 5.724 ; 5.724 ; 5.724 ;
; inputs[5]  ; hex0[5]     ; 5.345 ; 5.345 ; 5.345 ; 5.345 ;
; inputs[5]  ; hex0[6]     ; 5.351 ; 5.351 ; 5.351 ; 5.351 ;
; inputs[5]  ; hex1[0]     ; 4.106 ; 4.106 ; 4.106 ; 4.106 ;
; inputs[5]  ; hex1[1]     ; 3.892 ; 3.892 ; 3.892 ; 3.892 ;
; inputs[5]  ; hex1[2]     ; 3.943 ; 5.047 ; 5.047 ; 3.943 ;
; inputs[5]  ; hex1[3]     ; 3.915 ; 3.915 ; 3.915 ; 3.915 ;
; inputs[5]  ; hex1[4]     ; 5.068 ; 3.951 ; 3.951 ; 5.068 ;
; inputs[5]  ; hex1[5]     ; 3.775 ; 3.775 ; 3.775 ; 3.775 ;
; inputs[5]  ; hex1[6]     ; 3.800 ; 3.800 ; 3.800 ; 3.800 ;
; inputs[6]  ; hex0[0]     ; 5.347 ; 5.347 ; 5.347 ; 5.347 ;
; inputs[6]  ; hex0[1]     ; 5.564 ; 5.564 ; 5.564 ; 5.564 ;
; inputs[6]  ; hex0[2]     ; 5.384 ; 5.384 ; 5.384 ; 5.384 ;
; inputs[6]  ; hex0[3]     ; 5.348 ; 5.348 ; 5.348 ; 5.348 ;
; inputs[6]  ; hex0[4]     ; 5.701 ; 5.701 ; 5.701 ; 5.701 ;
; inputs[6]  ; hex0[5]     ; 5.333 ; 5.333 ; 5.333 ; 5.333 ;
; inputs[6]  ; hex0[6]     ; 5.343 ; 5.343 ; 5.343 ; 5.343 ;
; inputs[6]  ; hex1[0]     ; 3.980 ; 3.980 ; 3.980 ; 3.980 ;
; inputs[6]  ; hex1[1]     ; 3.767 ; 4.785 ; 4.785 ; 3.767 ;
; inputs[6]  ; hex1[2]     ; 3.811 ; 3.811 ; 3.811 ; 3.811 ;
; inputs[6]  ; hex1[3]     ; 3.783 ; 3.783 ; 3.783 ; 3.783 ;
; inputs[6]  ; hex1[4]     ; 3.825 ; 3.825 ; 3.825 ; 3.825 ;
; inputs[6]  ; hex1[5]     ; 3.649 ; 3.649 ; 3.649 ; 3.649 ;
; inputs[6]  ; hex1[6]     ; 3.674 ; 3.674 ; 3.674 ; 3.674 ;
; inputs[7]  ; hex0[0]     ; 4.721 ; 4.721 ; 4.721 ; 4.721 ;
; inputs[7]  ; hex0[1]     ; 4.848 ; 4.848 ; 4.848 ; 4.848 ;
; inputs[7]  ; hex0[2]     ; 4.454 ; 4.454 ; 4.454 ; 4.454 ;
; inputs[7]  ; hex0[3]     ; 4.415 ; 4.415 ; 4.415 ; 4.415 ;
; inputs[7]  ; hex0[4]     ; 4.773 ; 4.773 ; 4.773 ; 4.773 ;
; inputs[7]  ; hex0[5]     ; 4.402 ; 4.402 ; 4.402 ; 4.402 ;
; inputs[7]  ; hex0[6]     ; 4.412 ; 4.412 ; 4.412 ; 4.412 ;
; inputs[7]  ; hex1[0]     ; 4.757 ; 4.757 ; 4.757 ; 4.757 ;
; inputs[7]  ; hex1[1]     ; 4.544 ; 4.544 ; 4.544 ; 4.544 ;
; inputs[7]  ; hex1[2]     ; 4.596 ; 4.596 ; 4.596 ; 4.596 ;
; inputs[7]  ; hex1[3]     ; 4.565 ; 4.565 ; 4.565 ; 4.565 ;
; inputs[7]  ; hex1[4]     ; 5.745 ; 4.601 ; 4.601 ; 5.745 ;
; inputs[7]  ; hex1[5]     ; 4.426 ; 4.426 ; 4.426 ; 4.426 ;
; inputs[7]  ; hex1[6]     ; 4.450 ; 4.450 ; 4.450 ; 4.450 ;
; inputs[7]  ; hex2[6]     ;       ; 4.262 ; 4.262 ;       ;
; s          ; hex0[0]     ; 6.343 ; 6.343 ; 6.343 ; 6.343 ;
; s          ; hex0[1]     ; 6.418 ; 6.418 ; 6.418 ; 6.418 ;
; s          ; hex0[2]     ; 6.349 ; 6.349 ; 6.349 ; 6.349 ;
; s          ; hex0[3]     ; 6.269 ; 6.269 ; 6.269 ; 6.269 ;
; s          ; hex0[4]     ; 6.297 ; 6.297 ; 6.297 ; 6.297 ;
; s          ; hex0[5]     ; 6.250 ; 6.250 ; 6.250 ; 6.250 ;
; s          ; hex0[6]     ; 6.254 ; 6.254 ; 6.254 ; 6.254 ;
; s          ; hex1[0]     ; 6.823 ; 6.823 ; 6.823 ; 6.823 ;
; s          ; hex1[1]     ; 6.565 ; 6.565 ; 6.565 ; 6.565 ;
; s          ; hex1[2]     ; 6.671 ; 6.671 ; 6.671 ; 6.671 ;
; s          ; hex1[3]     ; 6.634 ; 6.634 ; 6.634 ; 6.634 ;
; s          ; hex1[4]     ; 6.678 ; 6.678 ; 6.678 ; 6.678 ;
; s          ; hex1[5]     ; 6.495 ; 6.495 ; 6.495 ; 6.495 ;
; s          ; hex1[6]     ; 6.509 ; 6.509 ; 6.509 ; 6.509 ;
; s          ; hex2[6]     ; 6.809 ;       ;       ; 6.809 ;
+------------+-------------+-------+-------+-------+-------+


+----------------------------------------------------------------------------+
; Multicorner Timing Analysis Summary                                        ;
+------------------+-------+------+----------+---------+---------------------+
; Clock            ; Setup ; Hold ; Recovery ; Removal ; Minimum Pulse Width ;
+------------------+-------+------+----------+---------+---------------------+
; Worst-case Slack ; N/A   ; N/A  ; N/A      ; N/A     ; N/A                 ;
; Design-wide TNS  ; 0.0   ; 0.0  ; 0.0      ; 0.0     ; 0.0                 ;
+------------------+-------+------+----------+---------+---------------------+


+--------------------------------------------------------------+
; Progagation Delay                                            ;
+------------+-------------+--------+--------+--------+--------+
; Input Port ; Output Port ; RR     ; RF     ; FR     ; FF     ;
+------------+-------------+--------+--------+--------+--------+
; inputs[0]  ; hex0[0]     ; 20.816 ; 20.816 ; 20.816 ; 20.816 ;
; inputs[0]  ; hex0[1]     ; 22.362 ; 22.362 ; 22.362 ; 22.362 ;
; inputs[0]  ; hex0[2]     ; 21.632 ; 21.632 ; 21.632 ; 21.632 ;
; inputs[0]  ; hex0[3]     ; 21.521 ; 21.521 ; 21.521 ; 21.521 ;
; inputs[0]  ; hex0[4]     ; 22.348 ; 22.348 ; 22.348 ; 22.348 ;
; inputs[0]  ; hex0[5]     ; 21.530 ; 21.530 ; 21.530 ; 21.530 ;
; inputs[0]  ; hex0[6]     ; 21.545 ; 21.545 ; 21.545 ; 21.545 ;
; inputs[0]  ; hex1[0]     ; 21.301 ; 21.301 ; 21.301 ; 21.301 ;
; inputs[0]  ; hex1[1]     ; 20.708 ; 20.708 ; 20.708 ; 20.708 ;
; inputs[0]  ; hex1[2]     ; 21.141 ; 21.141 ; 21.141 ; 21.141 ;
; inputs[0]  ; hex1[3]     ; 21.097 ; 21.097 ; 21.097 ; 21.097 ;
; inputs[0]  ; hex1[4]     ; 21.131 ; 21.131 ; 21.131 ; 21.131 ;
; inputs[0]  ; hex1[5]     ; 20.941 ; 20.941 ; 20.941 ; 20.941 ;
; inputs[0]  ; hex1[6]     ; 20.693 ; 20.693 ; 20.693 ; 20.693 ;
; inputs[1]  ; hex0[0]     ; 20.206 ; 20.206 ; 20.206 ; 20.206 ;
; inputs[1]  ; hex0[1]     ; 21.752 ; 21.752 ; 21.752 ; 21.752 ;
; inputs[1]  ; hex0[2]     ; 21.022 ; 21.022 ; 21.022 ; 21.022 ;
; inputs[1]  ; hex0[3]     ; 20.911 ; 20.911 ; 20.911 ; 20.911 ;
; inputs[1]  ; hex0[4]     ; 21.738 ; 21.738 ; 21.738 ; 21.738 ;
; inputs[1]  ; hex0[5]     ; 20.920 ; 20.920 ; 20.920 ; 20.920 ;
; inputs[1]  ; hex0[6]     ; 20.935 ; 20.935 ; 20.935 ; 20.935 ;
; inputs[1]  ; hex1[0]     ; 20.691 ; 20.691 ; 20.691 ; 20.691 ;
; inputs[1]  ; hex1[1]     ; 20.098 ; 20.098 ; 20.098 ; 20.098 ;
; inputs[1]  ; hex1[2]     ; 20.531 ; 20.531 ; 20.531 ; 20.531 ;
; inputs[1]  ; hex1[3]     ; 20.487 ; 20.487 ; 20.487 ; 20.487 ;
; inputs[1]  ; hex1[4]     ; 20.521 ; 20.521 ; 20.521 ; 20.521 ;
; inputs[1]  ; hex1[5]     ; 20.331 ; 20.331 ; 20.331 ; 20.331 ;
; inputs[1]  ; hex1[6]     ; 20.083 ; 20.083 ; 20.083 ; 20.083 ;
; inputs[2]  ; hex0[0]     ; 19.623 ; 19.623 ; 19.623 ; 19.623 ;
; inputs[2]  ; hex0[1]     ; 21.169 ; 21.169 ; 21.169 ; 21.169 ;
; inputs[2]  ; hex0[2]     ; 20.439 ; 20.439 ; 20.439 ; 20.439 ;
; inputs[2]  ; hex0[3]     ; 20.328 ; 20.328 ; 20.328 ; 20.328 ;
; inputs[2]  ; hex0[4]     ; 21.155 ; 21.155 ; 21.155 ; 21.155 ;
; inputs[2]  ; hex0[5]     ; 20.337 ; 20.337 ; 20.337 ; 20.337 ;
; inputs[2]  ; hex0[6]     ; 20.352 ; 20.352 ; 20.352 ; 20.352 ;
; inputs[2]  ; hex1[0]     ; 20.108 ; 20.108 ; 20.108 ; 20.108 ;
; inputs[2]  ; hex1[1]     ; 19.515 ; 19.515 ; 19.515 ; 19.515 ;
; inputs[2]  ; hex1[2]     ; 19.948 ; 19.948 ; 19.948 ; 19.948 ;
; inputs[2]  ; hex1[3]     ; 19.904 ; 19.904 ; 19.904 ; 19.904 ;
; inputs[2]  ; hex1[4]     ; 19.938 ; 19.938 ; 19.938 ; 19.938 ;
; inputs[2]  ; hex1[5]     ; 19.748 ; 19.748 ; 19.748 ; 19.748 ;
; inputs[2]  ; hex1[6]     ; 19.500 ; 19.500 ; 19.500 ; 19.500 ;
; inputs[3]  ; hex0[0]     ; 18.165 ; 18.165 ; 18.165 ; 18.165 ;
; inputs[3]  ; hex0[1]     ; 19.711 ; 19.711 ; 19.711 ; 19.711 ;
; inputs[3]  ; hex0[2]     ; 18.981 ; 18.981 ; 18.981 ; 18.981 ;
; inputs[3]  ; hex0[3]     ; 18.870 ; 18.870 ; 18.870 ; 18.870 ;
; inputs[3]  ; hex0[4]     ; 19.697 ; 19.697 ; 19.697 ; 19.697 ;
; inputs[3]  ; hex0[5]     ; 18.879 ; 18.879 ; 18.879 ; 18.879 ;
; inputs[3]  ; hex0[6]     ; 18.894 ; 18.894 ; 18.894 ; 18.894 ;
; inputs[3]  ; hex1[0]     ; 18.650 ; 18.650 ; 18.650 ; 18.650 ;
; inputs[3]  ; hex1[1]     ; 18.057 ; 18.057 ; 18.057 ; 18.057 ;
; inputs[3]  ; hex1[2]     ; 18.490 ; 18.490 ; 18.490 ; 18.490 ;
; inputs[3]  ; hex1[3]     ; 18.446 ; 18.446 ; 18.446 ; 18.446 ;
; inputs[3]  ; hex1[4]     ; 18.480 ; 18.480 ; 18.480 ; 18.480 ;
; inputs[3]  ; hex1[5]     ; 18.290 ; 18.290 ; 18.290 ; 18.290 ;
; inputs[3]  ; hex1[6]     ; 18.042 ; 18.042 ; 18.042 ; 18.042 ;
; inputs[4]  ; hex0[0]     ; 18.030 ; 18.030 ; 18.030 ; 18.030 ;
; inputs[4]  ; hex0[1]     ; 19.576 ; 19.576 ; 19.576 ; 19.576 ;
; inputs[4]  ; hex0[2]     ; 18.846 ; 18.846 ; 18.846 ; 18.846 ;
; inputs[4]  ; hex0[3]     ; 18.735 ; 18.735 ; 18.735 ; 18.735 ;
; inputs[4]  ; hex0[4]     ; 19.562 ; 19.562 ; 19.562 ; 19.562 ;
; inputs[4]  ; hex0[5]     ; 18.744 ; 18.744 ; 18.744 ; 18.744 ;
; inputs[4]  ; hex0[6]     ; 18.759 ; 18.759 ; 18.759 ; 18.759 ;
; inputs[4]  ; hex1[0]     ; 18.515 ; 18.515 ; 18.515 ; 18.515 ;
; inputs[4]  ; hex1[1]     ; 17.922 ; 17.922 ; 17.922 ; 17.922 ;
; inputs[4]  ; hex1[2]     ; 18.355 ; 18.355 ; 18.355 ; 18.355 ;
; inputs[4]  ; hex1[3]     ; 18.311 ; 18.311 ; 18.311 ; 18.311 ;
; inputs[4]  ; hex1[4]     ; 18.345 ; 18.345 ; 18.345 ; 18.345 ;
; inputs[4]  ; hex1[5]     ; 18.155 ; 18.155 ; 18.155 ; 18.155 ;
; inputs[4]  ; hex1[6]     ; 17.907 ; 17.907 ; 17.907 ; 17.907 ;
; inputs[5]  ; hex0[0]     ; 18.033 ; 18.033 ; 18.033 ; 18.033 ;
; inputs[5]  ; hex0[1]     ; 19.579 ; 19.579 ; 19.579 ; 19.579 ;
; inputs[5]  ; hex0[2]     ; 18.849 ; 18.849 ; 18.849 ; 18.849 ;
; inputs[5]  ; hex0[3]     ; 18.738 ; 18.738 ; 18.738 ; 18.738 ;
; inputs[5]  ; hex0[4]     ; 19.565 ; 19.565 ; 19.565 ; 19.565 ;
; inputs[5]  ; hex0[5]     ; 18.747 ; 18.747 ; 18.747 ; 18.747 ;
; inputs[5]  ; hex0[6]     ; 18.762 ; 18.762 ; 18.762 ; 18.762 ;
; inputs[5]  ; hex1[0]     ; 18.521 ; 18.521 ; 18.521 ; 18.521 ;
; inputs[5]  ; hex1[1]     ; 17.928 ; 17.928 ; 17.928 ; 17.928 ;
; inputs[5]  ; hex1[2]     ; 18.361 ; 18.361 ; 18.361 ; 18.361 ;
; inputs[5]  ; hex1[3]     ; 18.317 ; 18.317 ; 18.317 ; 18.317 ;
; inputs[5]  ; hex1[4]     ; 18.351 ; 18.351 ; 18.351 ; 18.351 ;
; inputs[5]  ; hex1[5]     ; 18.161 ; 18.161 ; 18.161 ; 18.161 ;
; inputs[5]  ; hex1[6]     ; 17.913 ; 17.913 ; 17.913 ; 17.913 ;
; inputs[6]  ; hex0[0]     ; 17.338 ; 17.338 ; 17.338 ; 17.338 ;
; inputs[6]  ; hex0[1]     ; 18.884 ; 18.884 ; 18.884 ; 18.884 ;
; inputs[6]  ; hex0[2]     ; 18.154 ; 18.154 ; 18.154 ; 18.154 ;
; inputs[6]  ; hex0[3]     ; 18.043 ; 18.043 ; 18.043 ; 18.043 ;
; inputs[6]  ; hex0[4]     ; 18.870 ; 18.870 ; 18.870 ; 18.870 ;
; inputs[6]  ; hex0[5]     ; 18.052 ; 18.052 ; 18.052 ; 18.052 ;
; inputs[6]  ; hex0[6]     ; 18.067 ; 18.067 ; 18.067 ; 18.067 ;
; inputs[6]  ; hex1[0]     ; 17.826 ; 17.826 ; 17.826 ; 17.826 ;
; inputs[6]  ; hex1[1]     ; 17.233 ; 17.233 ; 17.233 ; 17.233 ;
; inputs[6]  ; hex1[2]     ; 17.666 ; 17.666 ; 17.666 ; 17.666 ;
; inputs[6]  ; hex1[3]     ; 17.622 ; 17.622 ; 17.622 ; 17.622 ;
; inputs[6]  ; hex1[4]     ; 17.656 ; 17.656 ; 17.656 ; 17.656 ;
; inputs[6]  ; hex1[5]     ; 17.466 ; 17.466 ; 17.466 ; 17.466 ;
; inputs[6]  ; hex1[6]     ; 17.218 ; 17.218 ; 17.218 ; 17.218 ;
; inputs[7]  ; hex0[0]     ; 20.343 ; 20.343 ; 20.343 ; 20.343 ;
; inputs[7]  ; hex0[1]     ; 21.889 ; 21.889 ; 21.889 ; 21.889 ;
; inputs[7]  ; hex0[2]     ; 21.159 ; 21.159 ; 21.159 ; 21.159 ;
; inputs[7]  ; hex0[3]     ; 21.048 ; 21.048 ; 21.048 ; 21.048 ;
; inputs[7]  ; hex0[4]     ; 21.875 ; 21.875 ; 21.875 ; 21.875 ;
; inputs[7]  ; hex0[5]     ; 21.057 ; 21.057 ; 21.057 ; 21.057 ;
; inputs[7]  ; hex0[6]     ; 21.072 ; 21.072 ; 21.072 ; 21.072 ;
; inputs[7]  ; hex1[0]     ; 20.828 ; 20.828 ; 20.828 ; 20.828 ;
; inputs[7]  ; hex1[1]     ; 20.235 ; 20.235 ; 20.235 ; 20.235 ;
; inputs[7]  ; hex1[2]     ; 20.668 ; 20.668 ; 20.668 ; 20.668 ;
; inputs[7]  ; hex1[3]     ; 20.624 ; 20.624 ; 20.624 ; 20.624 ;
; inputs[7]  ; hex1[4]     ; 20.658 ; 20.658 ; 20.658 ; 20.658 ;
; inputs[7]  ; hex1[5]     ; 20.468 ; 20.468 ; 20.468 ; 20.468 ;
; inputs[7]  ; hex1[6]     ; 20.220 ; 20.220 ; 20.220 ; 20.220 ;
; inputs[7]  ; hex2[6]     ;        ; 8.207  ; 8.207  ;        ;
; s          ; hex0[0]     ; 11.321 ; 11.321 ; 11.321 ; 11.321 ;
; s          ; hex0[1]     ; 11.509 ; 11.509 ; 11.509 ; 11.509 ;
; s          ; hex0[2]     ; 11.374 ; 11.374 ; 11.374 ; 11.374 ;
; s          ; hex0[3]     ; 11.146 ; 11.146 ; 11.146 ; 11.146 ;
; s          ; hex0[4]     ; 11.254 ; 11.254 ; 11.254 ; 11.254 ;
; s          ; hex0[5]     ; 11.120 ; 11.120 ; 11.120 ; 11.120 ;
; s          ; hex0[6]     ; 11.152 ; 11.152 ; 11.152 ; 11.152 ;
; s          ; hex1[0]     ; 12.416 ; 12.416 ; 12.416 ; 12.416 ;
; s          ; hex1[1]     ; 11.793 ; 11.793 ; 11.793 ; 11.793 ;
; s          ; hex1[2]     ; 12.242 ; 12.242 ; 12.242 ; 12.242 ;
; s          ; hex1[3]     ; 12.184 ; 12.184 ; 12.184 ; 12.184 ;
; s          ; hex1[4]     ; 12.246 ; 12.246 ; 12.246 ; 12.246 ;
; s          ; hex1[5]     ; 11.787 ; 11.787 ; 11.787 ; 11.787 ;
; s          ; hex1[6]     ; 11.782 ; 11.782 ; 11.782 ; 11.782 ;
; s          ; hex2[6]     ; 12.484 ;        ;        ; 12.484 ;
+------------+-------------+--------+--------+--------+--------+


+----------------------------------------------------------+
; Minimum Progagation Delay                                ;
+------------+-------------+-------+-------+-------+-------+
; Input Port ; Output Port ; RR    ; RF    ; FR    ; FF    ;
+------------+-------------+-------+-------+-------+-------+
; inputs[0]  ; hex0[0]     ; 4.204 ; 4.204 ; 4.204 ; 4.204 ;
; inputs[0]  ; hex0[1]     ; 4.292 ; 4.292 ; 4.292 ; 4.292 ;
; inputs[0]  ; hex0[2]     ; 4.904 ; 4.196 ; 4.196 ; 4.904 ;
; inputs[0]  ; hex0[3]     ; 3.986 ; 3.986 ; 3.986 ; 3.986 ;
; inputs[0]  ; hex0[4]     ; 4.260 ; 5.223 ; 5.223 ; 4.260 ;
; inputs[0]  ; hex0[5]     ; 3.975 ; 4.852 ; 4.852 ; 3.975 ;
; inputs[0]  ; hex0[6]     ; 4.102 ; 4.102 ; 4.102 ; 4.102 ;
; inputs[0]  ; hex1[0]     ; 6.451 ; 6.451 ; 6.451 ; 6.451 ;
; inputs[0]  ; hex1[1]     ; 6.189 ; 6.189 ; 6.189 ; 6.189 ;
; inputs[0]  ; hex1[2]     ; 6.285 ; 6.285 ; 6.285 ; 6.285 ;
; inputs[0]  ; hex1[3]     ; 6.260 ; 6.260 ; 6.260 ; 6.260 ;
; inputs[0]  ; hex1[4]     ; 6.306 ; 6.306 ; 6.306 ; 6.306 ;
; inputs[0]  ; hex1[5]     ; 6.240 ; 6.240 ; 6.240 ; 6.240 ;
; inputs[0]  ; hex1[6]     ; 6.130 ; 6.130 ; 6.130 ; 6.130 ;
; inputs[1]  ; hex0[0]     ; 4.161 ; 4.161 ; 4.161 ; 4.161 ;
; inputs[1]  ; hex0[1]     ; 4.240 ; 4.240 ; 4.240 ; 4.240 ;
; inputs[1]  ; hex0[2]     ; 4.149 ; 5.026 ; 5.026 ; 4.149 ;
; inputs[1]  ; hex0[3]     ; 3.951 ; 3.951 ; 3.951 ; 3.951 ;
; inputs[1]  ; hex0[4]     ; 5.352 ; 4.222 ; 4.222 ; 5.352 ;
; inputs[1]  ; hex0[5]     ; 3.931 ; 3.931 ; 3.931 ; 3.931 ;
; inputs[1]  ; hex0[6]     ; 4.055 ; 4.055 ; 4.055 ; 4.055 ;
; inputs[1]  ; hex1[0]     ; 6.208 ; 6.208 ; 6.208 ; 6.208 ;
; inputs[1]  ; hex1[1]     ; 5.946 ; 5.946 ; 5.946 ; 5.946 ;
; inputs[1]  ; hex1[2]     ; 6.042 ; 6.042 ; 6.042 ; 6.042 ;
; inputs[1]  ; hex1[3]     ; 6.017 ; 6.017 ; 6.017 ; 6.017 ;
; inputs[1]  ; hex1[4]     ; 6.063 ; 6.063 ; 6.063 ; 6.063 ;
; inputs[1]  ; hex1[5]     ; 5.997 ; 5.997 ; 5.997 ; 5.997 ;
; inputs[1]  ; hex1[6]     ; 5.887 ; 5.887 ; 5.887 ; 5.887 ;
; inputs[2]  ; hex0[0]     ; 4.249 ; 4.249 ; 4.249 ; 4.249 ;
; inputs[2]  ; hex0[1]     ; 4.343 ; 5.605 ; 5.605 ; 4.343 ;
; inputs[2]  ; hex0[2]     ; 4.248 ; 4.248 ; 4.248 ; 4.248 ;
; inputs[2]  ; hex0[3]     ; 4.036 ; 4.036 ; 4.036 ; 4.036 ;
; inputs[2]  ; hex0[4]     ; 4.310 ; 4.310 ; 4.310 ; 4.310 ;
; inputs[2]  ; hex0[5]     ; 4.021 ; 4.021 ; 4.021 ; 4.021 ;
; inputs[2]  ; hex0[6]     ; 4.154 ; 4.154 ; 4.154 ; 4.154 ;
; inputs[2]  ; hex1[0]     ; 5.964 ; 5.964 ; 5.964 ; 5.964 ;
; inputs[2]  ; hex1[1]     ; 5.702 ; 5.702 ; 5.702 ; 5.702 ;
; inputs[2]  ; hex1[2]     ; 5.798 ; 5.798 ; 5.798 ; 5.798 ;
; inputs[2]  ; hex1[3]     ; 5.773 ; 5.773 ; 5.773 ; 5.773 ;
; inputs[2]  ; hex1[4]     ; 5.819 ; 5.819 ; 5.819 ; 5.819 ;
; inputs[2]  ; hex1[5]     ; 5.753 ; 5.753 ; 5.753 ; 5.753 ;
; inputs[2]  ; hex1[6]     ; 5.643 ; 5.643 ; 5.643 ; 5.643 ;
; inputs[3]  ; hex0[0]     ; 3.424 ; 3.424 ; 3.424 ; 3.424 ;
; inputs[3]  ; hex0[1]     ; 3.519 ; 3.519 ; 3.519 ; 3.519 ;
; inputs[3]  ; hex0[2]     ; 3.422 ; 3.422 ; 3.422 ; 3.422 ;
; inputs[3]  ; hex0[3]     ; 3.214 ; 3.214 ; 3.214 ; 3.214 ;
; inputs[3]  ; hex0[4]     ; 4.836 ; 3.484 ; 3.484 ; 4.836 ;
; inputs[3]  ; hex0[5]     ; 3.196 ; 3.196 ; 3.196 ; 3.196 ;
; inputs[3]  ; hex0[6]     ; 3.330 ; 3.330 ; 3.330 ; 3.330 ;
; inputs[3]  ; hex1[0]     ; 5.163 ; 5.163 ; 5.163 ; 5.163 ;
; inputs[3]  ; hex1[1]     ; 4.901 ; 4.901 ; 4.901 ; 4.901 ;
; inputs[3]  ; hex1[2]     ; 4.997 ; 4.997 ; 4.997 ; 4.997 ;
; inputs[3]  ; hex1[3]     ; 4.972 ; 4.972 ; 4.972 ; 4.972 ;
; inputs[3]  ; hex1[4]     ; 5.018 ; 5.018 ; 5.018 ; 5.018 ;
; inputs[3]  ; hex1[5]     ; 4.952 ; 4.952 ; 4.952 ; 4.952 ;
; inputs[3]  ; hex1[6]     ; 4.842 ; 4.842 ; 4.842 ; 4.842 ;
; inputs[4]  ; hex0[0]     ; 5.272 ; 5.272 ; 5.272 ; 5.272 ;
; inputs[4]  ; hex0[1]     ; 5.807 ; 5.807 ; 5.807 ; 5.807 ;
; inputs[4]  ; hex0[2]     ; 5.495 ; 5.495 ; 5.495 ; 5.495 ;
; inputs[4]  ; hex0[3]     ; 5.463 ; 5.463 ; 5.463 ; 5.463 ;
; inputs[4]  ; hex0[4]     ; 5.821 ; 5.821 ; 5.821 ; 5.821 ;
; inputs[4]  ; hex0[5]     ; 5.442 ; 5.442 ; 5.442 ; 5.442 ;
; inputs[4]  ; hex0[6]     ; 5.448 ; 5.448 ; 5.448 ; 5.448 ;
; inputs[4]  ; hex1[0]     ; 4.072 ; 4.072 ; 4.072 ; 4.072 ;
; inputs[4]  ; hex1[1]     ; 3.855 ; 3.855 ; 3.855 ; 3.855 ;
; inputs[4]  ; hex1[2]     ; 4.823 ; 3.916 ; 3.916 ; 4.823 ;
; inputs[4]  ; hex1[3]     ; 3.887 ; 3.887 ; 3.887 ; 3.887 ;
; inputs[4]  ; hex1[4]     ; 3.924 ; 4.844 ; 4.844 ; 3.924 ;
; inputs[4]  ; hex1[5]     ; 3.745 ; 4.778 ; 4.778 ; 3.745 ;
; inputs[4]  ; hex1[6]     ; 3.773 ; 3.773 ; 3.773 ; 3.773 ;
; inputs[5]  ; hex0[0]     ; 5.175 ; 5.175 ; 5.175 ; 5.175 ;
; inputs[5]  ; hex0[1]     ; 5.761 ; 5.761 ; 5.761 ; 5.761 ;
; inputs[5]  ; hex0[2]     ; 5.398 ; 5.398 ; 5.398 ; 5.398 ;
; inputs[5]  ; hex0[3]     ; 5.366 ; 5.366 ; 5.366 ; 5.366 ;
; inputs[5]  ; hex0[4]     ; 5.724 ; 5.724 ; 5.724 ; 5.724 ;
; inputs[5]  ; hex0[5]     ; 5.345 ; 5.345 ; 5.345 ; 5.345 ;
; inputs[5]  ; hex0[6]     ; 5.351 ; 5.351 ; 5.351 ; 5.351 ;
; inputs[5]  ; hex1[0]     ; 4.106 ; 4.106 ; 4.106 ; 4.106 ;
; inputs[5]  ; hex1[1]     ; 3.892 ; 3.892 ; 3.892 ; 3.892 ;
; inputs[5]  ; hex1[2]     ; 3.943 ; 5.047 ; 5.047 ; 3.943 ;
; inputs[5]  ; hex1[3]     ; 3.915 ; 3.915 ; 3.915 ; 3.915 ;
; inputs[5]  ; hex1[4]     ; 5.068 ; 3.951 ; 3.951 ; 5.068 ;
; inputs[5]  ; hex1[5]     ; 3.775 ; 3.775 ; 3.775 ; 3.775 ;
; inputs[5]  ; hex1[6]     ; 3.800 ; 3.800 ; 3.800 ; 3.800 ;
; inputs[6]  ; hex0[0]     ; 5.347 ; 5.347 ; 5.347 ; 5.347 ;
; inputs[6]  ; hex0[1]     ; 5.564 ; 5.564 ; 5.564 ; 5.564 ;
; inputs[6]  ; hex0[2]     ; 5.384 ; 5.384 ; 5.384 ; 5.384 ;
; inputs[6]  ; hex0[3]     ; 5.348 ; 5.348 ; 5.348 ; 5.348 ;
; inputs[6]  ; hex0[4]     ; 5.701 ; 5.701 ; 5.701 ; 5.701 ;
; inputs[6]  ; hex0[5]     ; 5.333 ; 5.333 ; 5.333 ; 5.333 ;
; inputs[6]  ; hex0[6]     ; 5.343 ; 5.343 ; 5.343 ; 5.343 ;
; inputs[6]  ; hex1[0]     ; 3.980 ; 3.980 ; 3.980 ; 3.980 ;
; inputs[6]  ; hex1[1]     ; 3.767 ; 4.785 ; 4.785 ; 3.767 ;
; inputs[6]  ; hex1[2]     ; 3.811 ; 3.811 ; 3.811 ; 3.811 ;
; inputs[6]  ; hex1[3]     ; 3.783 ; 3.783 ; 3.783 ; 3.783 ;
; inputs[6]  ; hex1[4]     ; 3.825 ; 3.825 ; 3.825 ; 3.825 ;
; inputs[6]  ; hex1[5]     ; 3.649 ; 3.649 ; 3.649 ; 3.649 ;
; inputs[6]  ; hex1[6]     ; 3.674 ; 3.674 ; 3.674 ; 3.674 ;
; inputs[7]  ; hex0[0]     ; 4.721 ; 4.721 ; 4.721 ; 4.721 ;
; inputs[7]  ; hex0[1]     ; 4.848 ; 4.848 ; 4.848 ; 4.848 ;
; inputs[7]  ; hex0[2]     ; 4.454 ; 4.454 ; 4.454 ; 4.454 ;
; inputs[7]  ; hex0[3]     ; 4.415 ; 4.415 ; 4.415 ; 4.415 ;
; inputs[7]  ; hex0[4]     ; 4.773 ; 4.773 ; 4.773 ; 4.773 ;
; inputs[7]  ; hex0[5]     ; 4.402 ; 4.402 ; 4.402 ; 4.402 ;
; inputs[7]  ; hex0[6]     ; 4.412 ; 4.412 ; 4.412 ; 4.412 ;
; inputs[7]  ; hex1[0]     ; 4.757 ; 4.757 ; 4.757 ; 4.757 ;
; inputs[7]  ; hex1[1]     ; 4.544 ; 4.544 ; 4.544 ; 4.544 ;
; inputs[7]  ; hex1[2]     ; 4.596 ; 4.596 ; 4.596 ; 4.596 ;
; inputs[7]  ; hex1[3]     ; 4.565 ; 4.565 ; 4.565 ; 4.565 ;
; inputs[7]  ; hex1[4]     ; 5.745 ; 4.601 ; 4.601 ; 5.745 ;
; inputs[7]  ; hex1[5]     ; 4.426 ; 4.426 ; 4.426 ; 4.426 ;
; inputs[7]  ; hex1[6]     ; 4.450 ; 4.450 ; 4.450 ; 4.450 ;
; inputs[7]  ; hex2[6]     ;       ; 4.262 ; 4.262 ;       ;
; s          ; hex0[0]     ; 6.343 ; 6.343 ; 6.343 ; 6.343 ;
; s          ; hex0[1]     ; 6.418 ; 6.418 ; 6.418 ; 6.418 ;
; s          ; hex0[2]     ; 6.349 ; 6.349 ; 6.349 ; 6.349 ;
; s          ; hex0[3]     ; 6.269 ; 6.269 ; 6.269 ; 6.269 ;
; s          ; hex0[4]     ; 6.297 ; 6.297 ; 6.297 ; 6.297 ;
; s          ; hex0[5]     ; 6.250 ; 6.250 ; 6.250 ; 6.250 ;
; s          ; hex0[6]     ; 6.254 ; 6.254 ; 6.254 ; 6.254 ;
; s          ; hex1[0]     ; 6.823 ; 6.823 ; 6.823 ; 6.823 ;
; s          ; hex1[1]     ; 6.565 ; 6.565 ; 6.565 ; 6.565 ;
; s          ; hex1[2]     ; 6.671 ; 6.671 ; 6.671 ; 6.671 ;
; s          ; hex1[3]     ; 6.634 ; 6.634 ; 6.634 ; 6.634 ;
; s          ; hex1[4]     ; 6.678 ; 6.678 ; 6.678 ; 6.678 ;
; s          ; hex1[5]     ; 6.495 ; 6.495 ; 6.495 ; 6.495 ;
; s          ; hex1[6]     ; 6.509 ; 6.509 ; 6.509 ; 6.509 ;
; s          ; hex2[6]     ; 6.809 ;       ;       ; 6.809 ;
+------------+-------------+-------+-------+-------+-------+


-------------------
; Clock Transfers ;
-------------------
Nothing to report.


---------------
; Report TCCS ;
---------------
No dedicated SERDES Transmitter circuitry present in device or used in design


---------------
; Report RSKM ;
---------------
No dedicated SERDES Receiver circuitry present in device or used in design


+------------------------------------------------+
; Unconstrained Paths                            ;
+---------------------------------+-------+------+
; Property                        ; Setup ; Hold ;
+---------------------------------+-------+------+
; Illegal Clocks                  ; 0     ; 0    ;
; Unconstrained Clocks            ; 0     ; 0    ;
; Unconstrained Input Ports       ; 9     ; 9    ;
; Unconstrained Input Port Paths  ; 128   ; 128  ;
; Unconstrained Output Ports      ; 15    ; 15   ;
; Unconstrained Output Port Paths ; 128   ; 128  ;
+---------------------------------+-------+------+


+------------------------------------+
; TimeQuest Timing Analyzer Messages ;
+------------------------------------+
Info: *******************************************************************
Info: Running Quartus II 64-Bit TimeQuest Timing Analyzer
    Info: Version 13.0.1 Build 232 06/12/2013 Service Pack 1 SJ Full Version
    Info: Processing started: Thu Mar 17 11:48:25 2016
Info: Command: quartus_sta lab6 -c lab6
Info: qsta_default_script.tcl version: #1
Info (11104): Parallel Compilation has detected 8 hyper-threaded processors. However, the extra hyper-threaded processors will not be used by default. Parallel Compilation will use 4 of the 4 physical processors detected instead.
Info (21077): Low junction temperature is 0 degrees C
Info (21077): High junction temperature is 85 degrees C
Critical Warning (332012): Synopsys Design Constraints File file not found: 'lab6.sdc'. A Synopsys Design Constraints File is required by the TimeQuest Timing Analyzer to get proper timing constraints. Without it, the Compiler will not properly optimize the design.
Info (332142): No user constrained base clocks found in the design. Calling "derive_clocks -period 1.0"
Info (332096): The command derive_clocks did not find any clocks to derive.  No clocks were created or changed.
Warning (332068): No clocks defined in design.
Info: Found TIMEQUEST_REPORT_SCRIPT_INCLUDE_DEFAULT_ANALYSIS = ON
Info (332159): No clocks to report
Info: Analyzing Slow Model
Info (332140): No fmax paths to report
Info (332140): No Setup paths to report
Info (332140): No Hold paths to report
Info (332140): No Recovery paths to report
Info (332140): No Removal paths to report
Info (332140): No Minimum Pulse Width paths to report
Info (332001): The selected device family is not supported by the report_metastability command.
Info: Analyzing Fast Model
Info (332142): No user constrained base clocks found in the design. Calling "derive_clocks -period 1.0"
Info (332096): The command derive_clocks did not find any clocks to derive.  No clocks were created or changed.
Warning (332068): No clocks defined in design.
Info (332140): No Setup paths to report
Info (332140): No Hold paths to report
Info (332140): No Recovery paths to report
Info (332140): No Removal paths to report
Info (332140): No Minimum Pulse Width paths to report
Info (332001): The selected device family is not supported by the report_metastability command.
Info (332102): Design is not fully constrained for setup requirements
Info (332102): Design is not fully constrained for hold requirements
Info: Quartus II 64-Bit TimeQuest Timing Analyzer was successful. 0 errors, 3 warnings
    Info: Peak virtual memory: 432 megabytes
    Info: Processing ended: Thu Mar 17 11:48:33 2016
    Info: Elapsed time: 00:00:08
    Info: Total CPU time (on all processors): 00:00:01


