TimeQuest Timing Analyzer report for lab7
Thu Mar 31 11:52:04 2016
Quartus II 64-Bit Version 13.0.1 Build 232 06/12/2013 Service Pack 1 SJ Full Version


---------------------
; Table of Contents ;
---------------------
  1. Legal Notice
  2. TimeQuest Timing Analyzer Summary
  3. Parallel Compilation
  4. Clocks
  5. Slow Model Fmax Summary
  6. Slow Model Setup Summary
  7. Slow Model Hold Summary
  8. Slow Model Recovery Summary
  9. Slow Model Removal Summary
 10. Slow Model Minimum Pulse Width Summary
 11. Propagation Delay
 12. Minimum Propagation Delay
 13. Fast Model Setup Summary
 14. Fast Model Hold Summary
 15. Fast Model Recovery Summary
 16. Fast Model Removal Summary
 17. Fast Model Minimum Pulse Width Summary
 18. Propagation Delay
 19. Minimum Propagation Delay
 20. Multicorner Timing Analysis Summary
 21. Progagation Delay
 22. Minimum Progagation Delay
 23. Clock Transfers
 24. Report TCCS
 25. Report RSKM
 26. Unconstrained Paths
 27. TimeQuest Timing Analyzer Messages



----------------
; Legal Notice ;
----------------
Copyright (C) 1991-2013 Altera Corporation
Your use of Altera Corporation's design tools, logic functions 
and other software and tools, and its AMPP partner logic 
functions, and any output files from any of the foregoing 
(including device programming or simulation files), and any 
associated documentation or information are expressly subject 
to the terms and conditions of the Altera Program License 
Subscription Agreement, Altera MegaCore Function License 
Agreement, or other applicable license agreement, including, 
without limitation, that your use is for the sole purpose of 
programming logic devices manufactured by Altera and sold by 
Altera or its authorized distributors.  Please refer to the 
applicable agreement for further details.



+-----------------------------------------------------------------------------------------+
; TimeQuest Timing Analyzer Summary                                                       ;
+--------------------+--------------------------------------------------------------------+
; Quartus II Version ; Version 13.0.1 Build 232 06/12/2013 Service Pack 1 SJ Full Version ;
; Revision Name      ; lab7                                                               ;
; Device Family      ; Cyclone II                                                         ;
; Device Name        ; EP2C35F672C6                                                       ;
; Timing Models      ; Final                                                              ;
; Delay Model        ; Combined                                                           ;
; Rise/Fall Delays   ; Unavailable                                                        ;
+--------------------+--------------------------------------------------------------------+


+------------------------------------------+
; Parallel Compilation                     ;
+----------------------------+-------------+
; Processors                 ; Number      ;
+----------------------------+-------------+
; Number detected on machine ; 8           ;
; Maximum allowed            ; 4           ;
;                            ;             ;
; Average used               ; 1.00        ;
; Maximum used               ; 1           ;
;                            ;             ;
; Usage by Processor         ; % Time Used ;
;     Processor 1            ; 100.0%      ;
;     Processors 2-8         ;   0.0%      ;
+----------------------------+-------------+


----------
; Clocks ;
----------
No clocks to report.


---------------------------
; Slow Model Fmax Summary ;
---------------------------
No paths to report.


----------------------------
; Slow Model Setup Summary ;
----------------------------
No paths to report.


---------------------------
; Slow Model Hold Summary ;
---------------------------
No paths to report.


-------------------------------
; Slow Model Recovery Summary ;
-------------------------------
No paths to report.


------------------------------
; Slow Model Removal Summary ;
------------------------------
No paths to report.


------------------------------------------
; Slow Model Minimum Pulse Width Summary ;
------------------------------------------
No paths to report.


+--------------------------------------------------------------+
; Propagation Delay                                            ;
+------------+-------------+--------+--------+--------+--------+
; Input Port ; Output Port ; RR     ; RF     ; FR     ; FF     ;
+------------+-------------+--------+--------+--------+--------+
; sel[0]     ; Z           ; 11.088 ; 11.088 ; 11.088 ; 11.088 ;
; sel[0]     ; h0[0]       ; 22.582 ; 22.582 ; 22.582 ; 22.582 ;
; sel[0]     ; h0[1]       ; 22.893 ; 22.893 ; 22.893 ; 22.893 ;
; sel[0]     ; h0[2]       ; 22.731 ; 22.731 ; 22.731 ; 22.731 ;
; sel[0]     ; h0[3]       ; 22.673 ; 22.673 ; 22.673 ; 22.673 ;
; sel[0]     ; h0[4]       ; 22.650 ; 22.650 ; 22.650 ; 22.650 ;
; sel[0]     ; h0[5]       ; 22.668 ; 22.668 ; 22.668 ; 22.668 ;
; sel[0]     ; h0[6]       ; 22.640 ; 22.640 ; 22.640 ; 22.640 ;
; sel[0]     ; h1[0]       ; 22.691 ; 22.691 ; 22.691 ; 22.691 ;
; sel[0]     ; h1[1]       ; 22.817 ; 22.817 ; 22.817 ; 22.817 ;
; sel[0]     ; h1[2]       ; 23.145 ; 23.145 ; 23.145 ; 23.145 ;
; sel[0]     ; h1[3]       ; 23.402 ; 23.402 ; 23.402 ; 23.402 ;
; sel[0]     ; h1[4]       ; 23.500 ; 23.500 ; 23.500 ; 23.500 ;
; sel[0]     ; h1[5]       ; 22.740 ; 22.740 ; 22.740 ; 22.740 ;
; sel[0]     ; h1[6]       ; 23.396 ; 23.396 ; 23.396 ; 23.396 ;
; sel[0]     ; h2[6]       ; 9.583  ; 9.583  ; 9.583  ; 9.583  ;
; sel[1]     ; Z           ; 10.742 ; 10.742 ; 10.742 ; 10.742 ;
; sel[1]     ; h0[0]       ; 22.156 ; 22.156 ; 22.156 ; 22.156 ;
; sel[1]     ; h0[1]       ; 22.467 ; 22.467 ; 22.467 ; 22.467 ;
; sel[1]     ; h0[2]       ; 22.305 ; 22.305 ; 22.305 ; 22.305 ;
; sel[1]     ; h0[3]       ; 22.247 ; 22.247 ; 22.247 ; 22.247 ;
; sel[1]     ; h0[4]       ; 22.224 ; 22.224 ; 22.224 ; 22.224 ;
; sel[1]     ; h0[5]       ; 22.242 ; 22.242 ; 22.242 ; 22.242 ;
; sel[1]     ; h0[6]       ; 22.214 ; 22.214 ; 22.214 ; 22.214 ;
; sel[1]     ; h1[0]       ; 22.265 ; 22.265 ; 22.265 ; 22.265 ;
; sel[1]     ; h1[1]       ; 22.391 ; 22.391 ; 22.391 ; 22.391 ;
; sel[1]     ; h1[2]       ; 22.719 ; 22.719 ; 22.719 ; 22.719 ;
; sel[1]     ; h1[3]       ; 22.976 ; 22.976 ; 22.976 ; 22.976 ;
; sel[1]     ; h1[4]       ; 23.074 ; 23.074 ; 23.074 ; 23.074 ;
; sel[1]     ; h1[5]       ; 22.314 ; 22.314 ; 22.314 ; 22.314 ;
; sel[1]     ; h1[6]       ; 22.970 ; 22.970 ; 22.970 ; 22.970 ;
; sel[1]     ; h2[6]       ; 9.097  ; 9.097  ; 9.097  ; 9.097  ;
; sel[2]     ; Z           ; 9.808  ; 9.808  ; 9.808  ; 9.808  ;
; sel[2]     ; h0[0]       ; 22.250 ; 22.250 ; 22.250 ; 22.250 ;
; sel[2]     ; h0[1]       ; 22.561 ; 22.561 ; 22.561 ; 22.561 ;
; sel[2]     ; h0[2]       ; 22.399 ; 22.399 ; 22.399 ; 22.399 ;
; sel[2]     ; h0[3]       ; 22.341 ; 22.341 ; 22.341 ; 22.341 ;
; sel[2]     ; h0[4]       ; 22.318 ; 22.318 ; 22.318 ; 22.318 ;
; sel[2]     ; h0[5]       ; 22.336 ; 22.336 ; 22.336 ; 22.336 ;
; sel[2]     ; h0[6]       ; 22.308 ; 22.308 ; 22.308 ; 22.308 ;
; sel[2]     ; h1[0]       ; 22.359 ; 22.359 ; 22.359 ; 22.359 ;
; sel[2]     ; h1[1]       ; 22.485 ; 22.485 ; 22.485 ; 22.485 ;
; sel[2]     ; h1[2]       ; 22.813 ; 22.813 ; 22.813 ; 22.813 ;
; sel[2]     ; h1[3]       ; 23.070 ; 23.070 ; 23.070 ; 23.070 ;
; sel[2]     ; h1[4]       ; 23.168 ; 23.168 ; 23.168 ; 23.168 ;
; sel[2]     ; h1[5]       ; 22.408 ; 22.408 ; 22.408 ; 22.408 ;
; sel[2]     ; h1[6]       ; 23.064 ; 23.064 ; 23.064 ; 23.064 ;
; sel[2]     ; h2[6]       ; 8.533  ;        ;        ; 8.533  ;
; x[0]       ; Z           ; 12.171 ; 12.171 ; 12.171 ; 12.171 ;
; x[0]       ; h0[0]       ; 23.580 ; 23.580 ; 23.580 ; 23.580 ;
; x[0]       ; h0[1]       ; 23.891 ; 23.891 ; 23.891 ; 23.891 ;
; x[0]       ; h0[2]       ; 23.729 ; 23.729 ; 23.729 ; 23.729 ;
; x[0]       ; h0[3]       ; 23.671 ; 23.671 ; 23.671 ; 23.671 ;
; x[0]       ; h0[4]       ; 23.648 ; 23.648 ; 23.648 ; 23.648 ;
; x[0]       ; h0[5]       ; 23.666 ; 23.666 ; 23.666 ; 23.666 ;
; x[0]       ; h0[6]       ; 23.638 ; 23.638 ; 23.638 ; 23.638 ;
; x[0]       ; h1[0]       ; 23.689 ; 23.689 ; 23.689 ; 23.689 ;
; x[0]       ; h1[1]       ; 23.815 ; 23.815 ; 23.815 ; 23.815 ;
; x[0]       ; h1[2]       ; 24.143 ; 24.143 ; 24.143 ; 24.143 ;
; x[0]       ; h1[3]       ; 24.400 ; 24.400 ; 24.400 ; 24.400 ;
; x[0]       ; h1[4]       ; 24.498 ; 24.498 ; 24.498 ; 24.498 ;
; x[0]       ; h1[5]       ; 23.738 ; 23.738 ; 23.738 ; 23.738 ;
; x[0]       ; h1[6]       ; 24.394 ; 24.394 ; 24.394 ; 24.394 ;
; x[0]       ; h2[6]       ; 10.262 ; 10.262 ; 10.262 ; 10.262 ;
; x[1]       ; Z           ; 12.715 ; 12.715 ; 12.715 ; 12.715 ;
; x[1]       ; h0[0]       ; 24.066 ; 24.066 ; 24.066 ; 24.066 ;
; x[1]       ; h0[1]       ; 24.377 ; 24.377 ; 24.377 ; 24.377 ;
; x[1]       ; h0[2]       ; 24.215 ; 24.215 ; 24.215 ; 24.215 ;
; x[1]       ; h0[3]       ; 24.157 ; 24.157 ; 24.157 ; 24.157 ;
; x[1]       ; h0[4]       ; 24.134 ; 24.134 ; 24.134 ; 24.134 ;
; x[1]       ; h0[5]       ; 24.152 ; 24.152 ; 24.152 ; 24.152 ;
; x[1]       ; h0[6]       ; 24.124 ; 24.124 ; 24.124 ; 24.124 ;
; x[1]       ; h1[0]       ; 24.175 ; 24.175 ; 24.175 ; 24.175 ;
; x[1]       ; h1[1]       ; 24.301 ; 24.301 ; 24.301 ; 24.301 ;
; x[1]       ; h1[2]       ; 24.629 ; 24.629 ; 24.629 ; 24.629 ;
; x[1]       ; h1[3]       ; 24.886 ; 24.886 ; 24.886 ; 24.886 ;
; x[1]       ; h1[4]       ; 24.984 ; 24.984 ; 24.984 ; 24.984 ;
; x[1]       ; h1[5]       ; 24.224 ; 24.224 ; 24.224 ; 24.224 ;
; x[1]       ; h1[6]       ; 24.880 ; 24.880 ; 24.880 ; 24.880 ;
; x[1]       ; h2[6]       ; 10.961 ; 10.961 ; 10.961 ; 10.961 ;
; x[2]       ; Z           ; 12.793 ; 12.793 ; 12.793 ; 12.793 ;
; x[2]       ; h0[0]       ; 24.144 ; 24.144 ; 24.144 ; 24.144 ;
; x[2]       ; h0[1]       ; 24.455 ; 24.455 ; 24.455 ; 24.455 ;
; x[2]       ; h0[2]       ; 24.293 ; 24.293 ; 24.293 ; 24.293 ;
; x[2]       ; h0[3]       ; 24.235 ; 24.235 ; 24.235 ; 24.235 ;
; x[2]       ; h0[4]       ; 24.212 ; 24.212 ; 24.212 ; 24.212 ;
; x[2]       ; h0[5]       ; 24.230 ; 24.230 ; 24.230 ; 24.230 ;
; x[2]       ; h0[6]       ; 24.202 ; 24.202 ; 24.202 ; 24.202 ;
; x[2]       ; h1[0]       ; 24.253 ; 24.253 ; 24.253 ; 24.253 ;
; x[2]       ; h1[1]       ; 24.379 ; 24.379 ; 24.379 ; 24.379 ;
; x[2]       ; h1[2]       ; 24.707 ; 24.707 ; 24.707 ; 24.707 ;
; x[2]       ; h1[3]       ; 24.964 ; 24.964 ; 24.964 ; 24.964 ;
; x[2]       ; h1[4]       ; 25.062 ; 25.062 ; 25.062 ; 25.062 ;
; x[2]       ; h1[5]       ; 24.302 ; 24.302 ; 24.302 ; 24.302 ;
; x[2]       ; h1[6]       ; 24.958 ; 24.958 ; 24.958 ; 24.958 ;
; x[2]       ; h2[6]       ; 11.039 ; 11.039 ; 11.039 ; 11.039 ;
; x[3]       ; Z           ; 12.770 ; 12.770 ; 12.770 ; 12.770 ;
; x[3]       ; h0[0]       ; 24.139 ; 24.139 ; 24.139 ; 24.139 ;
; x[3]       ; h0[1]       ; 24.450 ; 24.450 ; 24.450 ; 24.450 ;
; x[3]       ; h0[2]       ; 24.288 ; 24.288 ; 24.288 ; 24.288 ;
; x[3]       ; h0[3]       ; 24.230 ; 24.230 ; 24.230 ; 24.230 ;
; x[3]       ; h0[4]       ; 24.207 ; 24.207 ; 24.207 ; 24.207 ;
; x[3]       ; h0[5]       ; 24.225 ; 24.225 ; 24.225 ; 24.225 ;
; x[3]       ; h0[6]       ; 24.197 ; 24.197 ; 24.197 ; 24.197 ;
; x[3]       ; h1[0]       ; 24.248 ; 24.248 ; 24.248 ; 24.248 ;
; x[3]       ; h1[1]       ; 24.374 ; 24.374 ; 24.374 ; 24.374 ;
; x[3]       ; h1[2]       ; 24.702 ; 24.702 ; 24.702 ; 24.702 ;
; x[3]       ; h1[3]       ; 24.959 ; 24.959 ; 24.959 ; 24.959 ;
; x[3]       ; h1[4]       ; 25.057 ; 25.057 ; 25.057 ; 25.057 ;
; x[3]       ; h1[5]       ; 24.297 ; 24.297 ; 24.297 ; 24.297 ;
; x[3]       ; h1[6]       ; 24.953 ; 24.953 ; 24.953 ; 24.953 ;
; x[3]       ; h2[6]       ; 11.217 ; 11.217 ; 11.217 ; 11.217 ;
; y[0]       ; Z           ; 13.527 ; 13.527 ; 13.527 ; 13.527 ;
; y[0]       ; h0[0]       ; 24.936 ; 24.936 ; 24.936 ; 24.936 ;
; y[0]       ; h0[1]       ; 25.247 ; 25.247 ; 25.247 ; 25.247 ;
; y[0]       ; h0[2]       ; 25.085 ; 25.085 ; 25.085 ; 25.085 ;
; y[0]       ; h0[3]       ; 25.027 ; 25.027 ; 25.027 ; 25.027 ;
; y[0]       ; h0[4]       ; 25.004 ; 25.004 ; 25.004 ; 25.004 ;
; y[0]       ; h0[5]       ; 25.022 ; 25.022 ; 25.022 ; 25.022 ;
; y[0]       ; h0[6]       ; 24.994 ; 24.994 ; 24.994 ; 24.994 ;
; y[0]       ; h1[0]       ; 25.045 ; 25.045 ; 25.045 ; 25.045 ;
; y[0]       ; h1[1]       ; 25.171 ; 25.171 ; 25.171 ; 25.171 ;
; y[0]       ; h1[2]       ; 25.499 ; 25.499 ; 25.499 ; 25.499 ;
; y[0]       ; h1[3]       ; 25.756 ; 25.756 ; 25.756 ; 25.756 ;
; y[0]       ; h1[4]       ; 25.854 ; 25.854 ; 25.854 ; 25.854 ;
; y[0]       ; h1[5]       ; 25.094 ; 25.094 ; 25.094 ; 25.094 ;
; y[0]       ; h1[6]       ; 25.750 ; 25.750 ; 25.750 ; 25.750 ;
; y[0]       ; h2[6]       ; 11.643 ; 11.643 ; 11.643 ; 11.643 ;
; y[1]       ; Z           ; 13.776 ; 13.776 ; 13.776 ; 13.776 ;
; y[1]       ; h0[0]       ; 25.185 ; 25.185 ; 25.185 ; 25.185 ;
; y[1]       ; h0[1]       ; 25.496 ; 25.496 ; 25.496 ; 25.496 ;
; y[1]       ; h0[2]       ; 25.334 ; 25.334 ; 25.334 ; 25.334 ;
; y[1]       ; h0[3]       ; 25.276 ; 25.276 ; 25.276 ; 25.276 ;
; y[1]       ; h0[4]       ; 25.253 ; 25.253 ; 25.253 ; 25.253 ;
; y[1]       ; h0[5]       ; 25.271 ; 25.271 ; 25.271 ; 25.271 ;
; y[1]       ; h0[6]       ; 25.243 ; 25.243 ; 25.243 ; 25.243 ;
; y[1]       ; h1[0]       ; 25.294 ; 25.294 ; 25.294 ; 25.294 ;
; y[1]       ; h1[1]       ; 25.420 ; 25.420 ; 25.420 ; 25.420 ;
; y[1]       ; h1[2]       ; 25.748 ; 25.748 ; 25.748 ; 25.748 ;
; y[1]       ; h1[3]       ; 26.005 ; 26.005 ; 26.005 ; 26.005 ;
; y[1]       ; h1[4]       ; 26.103 ; 26.103 ; 26.103 ; 26.103 ;
; y[1]       ; h1[5]       ; 25.343 ; 25.343 ; 25.343 ; 25.343 ;
; y[1]       ; h1[6]       ; 25.999 ; 25.999 ; 25.999 ; 25.999 ;
; y[1]       ; h2[6]       ; 11.668 ; 11.668 ; 11.668 ; 11.668 ;
; y[2]       ; Z           ; 13.233 ; 13.233 ; 13.233 ; 13.233 ;
; y[2]       ; h0[0]       ; 24.584 ; 24.584 ; 24.584 ; 24.584 ;
; y[2]       ; h0[1]       ; 24.895 ; 24.895 ; 24.895 ; 24.895 ;
; y[2]       ; h0[2]       ; 24.733 ; 24.733 ; 24.733 ; 24.733 ;
; y[2]       ; h0[3]       ; 24.675 ; 24.675 ; 24.675 ; 24.675 ;
; y[2]       ; h0[4]       ; 24.652 ; 24.652 ; 24.652 ; 24.652 ;
; y[2]       ; h0[5]       ; 24.670 ; 24.670 ; 24.670 ; 24.670 ;
; y[2]       ; h0[6]       ; 24.642 ; 24.642 ; 24.642 ; 24.642 ;
; y[2]       ; h1[0]       ; 24.693 ; 24.693 ; 24.693 ; 24.693 ;
; y[2]       ; h1[1]       ; 24.819 ; 24.819 ; 24.819 ; 24.819 ;
; y[2]       ; h1[2]       ; 25.147 ; 25.147 ; 25.147 ; 25.147 ;
; y[2]       ; h1[3]       ; 25.404 ; 25.404 ; 25.404 ; 25.404 ;
; y[2]       ; h1[4]       ; 25.502 ; 25.502 ; 25.502 ; 25.502 ;
; y[2]       ; h1[5]       ; 24.742 ; 24.742 ; 24.742 ; 24.742 ;
; y[2]       ; h1[6]       ; 25.398 ; 25.398 ; 25.398 ; 25.398 ;
; y[2]       ; h2[6]       ; 11.315 ; 11.315 ; 11.315 ; 11.315 ;
; y[3]       ; Z           ; 12.299 ; 12.299 ; 12.299 ; 12.299 ;
; y[3]       ; h0[0]       ; 23.650 ; 23.650 ; 23.650 ; 23.650 ;
; y[3]       ; h0[1]       ; 23.961 ; 23.961 ; 23.961 ; 23.961 ;
; y[3]       ; h0[2]       ; 23.799 ; 23.799 ; 23.799 ; 23.799 ;
; y[3]       ; h0[3]       ; 23.741 ; 23.741 ; 23.741 ; 23.741 ;
; y[3]       ; h0[4]       ; 23.718 ; 23.718 ; 23.718 ; 23.718 ;
; y[3]       ; h0[5]       ; 23.736 ; 23.736 ; 23.736 ; 23.736 ;
; y[3]       ; h0[6]       ; 23.708 ; 23.708 ; 23.708 ; 23.708 ;
; y[3]       ; h1[0]       ; 23.759 ; 23.759 ; 23.759 ; 23.759 ;
; y[3]       ; h1[1]       ; 23.885 ; 23.885 ; 23.885 ; 23.885 ;
; y[3]       ; h1[2]       ; 24.213 ; 24.213 ; 24.213 ; 24.213 ;
; y[3]       ; h1[3]       ; 24.470 ; 24.470 ; 24.470 ; 24.470 ;
; y[3]       ; h1[4]       ; 24.568 ; 24.568 ; 24.568 ; 24.568 ;
; y[3]       ; h1[5]       ; 23.808 ; 23.808 ; 23.808 ; 23.808 ;
; y[3]       ; h1[6]       ; 24.464 ; 24.464 ; 24.464 ; 24.464 ;
; y[3]       ; h2[6]       ; 10.326 ; 10.326 ; 10.326 ; 10.326 ;
+------------+-------------+--------+--------+--------+--------+


+--------------------------------------------------------------+
; Minimum Propagation Delay                                    ;
+------------+-------------+--------+--------+--------+--------+
; Input Port ; Output Port ; RR     ; RF     ; FR     ; FF     ;
+------------+-------------+--------+--------+--------+--------+
; sel[0]     ; Z           ; 9.115  ; 9.496  ; 9.496  ; 9.115  ;
; sel[0]     ; h0[0]       ; 9.829  ; 9.829  ; 9.829  ; 9.829  ;
; sel[0]     ; h0[1]       ; 10.631 ; 10.631 ; 10.631 ; 10.631 ;
; sel[0]     ; h0[2]       ; 9.989  ; 9.989  ; 9.989  ; 9.989  ;
; sel[0]     ; h0[3]       ; 10.200 ; 10.200 ; 10.200 ; 10.200 ;
; sel[0]     ; h0[4]       ; 10.053 ; 10.053 ; 10.053 ; 10.053 ;
; sel[0]     ; h0[5]       ; 9.984  ; 9.984  ; 9.984  ; 9.984  ;
; sel[0]     ; h0[6]       ; 9.915  ; 9.915  ; 9.915  ; 9.915  ;
; sel[0]     ; h1[0]       ; 12.377 ; 12.377 ; 12.377 ; 12.377 ;
; sel[0]     ; h1[1]       ; 12.473 ; 12.473 ; 12.473 ; 12.473 ;
; sel[0]     ; h1[2]       ; 12.793 ; 12.793 ; 12.793 ; 12.793 ;
; sel[0]     ; h1[3]       ; 13.052 ; 13.052 ; 13.052 ; 13.052 ;
; sel[0]     ; h1[4]       ; 13.178 ; 13.178 ; 13.178 ; 13.178 ;
; sel[0]     ; h1[5]       ; 12.417 ; 12.417 ; 12.417 ; 12.417 ;
; sel[0]     ; h1[6]       ; 13.054 ; 13.054 ; 13.054 ; 13.054 ;
; sel[0]     ; h2[6]       ; 8.966  ; 9.191  ; 9.191  ; 8.966  ;
; sel[1]     ; Z           ; 9.402  ; 8.670  ; 8.670  ; 9.402  ;
; sel[1]     ; h0[0]       ; 9.773  ; 9.773  ; 9.773  ; 9.773  ;
; sel[1]     ; h0[1]       ; 10.575 ; 10.575 ; 10.575 ; 10.575 ;
; sel[1]     ; h0[2]       ; 9.933  ; 9.933  ; 9.933  ; 9.933  ;
; sel[1]     ; h0[3]       ; 10.144 ; 10.144 ; 10.144 ; 10.144 ;
; sel[1]     ; h0[4]       ; 9.997  ; 9.997  ; 9.997  ; 9.997  ;
; sel[1]     ; h0[5]       ; 9.928  ; 9.928  ; 9.928  ; 9.928  ;
; sel[1]     ; h0[6]       ; 9.859  ; 9.859  ; 9.859  ; 9.859  ;
; sel[1]     ; h1[0]       ; 11.932 ; 11.932 ; 11.932 ; 11.932 ;
; sel[1]     ; h1[1]       ; 12.028 ; 12.028 ; 12.028 ; 12.028 ;
; sel[1]     ; h1[2]       ; 12.348 ; 12.348 ; 12.348 ; 12.348 ;
; sel[1]     ; h1[3]       ; 12.607 ; 12.607 ; 12.607 ; 12.607 ;
; sel[1]     ; h1[4]       ; 12.733 ; 12.733 ; 12.733 ; 12.733 ;
; sel[1]     ; h1[5]       ; 11.972 ; 11.972 ; 11.972 ; 11.972 ;
; sel[1]     ; h1[6]       ; 12.609 ; 12.609 ; 12.609 ; 12.609 ;
; sel[1]     ; h2[6]       ; 9.097  ; 8.521  ; 8.521  ; 9.097  ;
; sel[2]     ; Z           ; 8.496  ; 9.405  ; 9.405  ; 8.496  ;
; sel[2]     ; h0[0]       ; 8.048  ; 8.048  ; 8.048  ; 8.048  ;
; sel[2]     ; h0[1]       ; 8.145  ; 8.145  ; 8.145  ; 8.145  ;
; sel[2]     ; h0[2]       ; 7.875  ; 7.875  ; 7.875  ; 7.875  ;
; sel[2]     ; h0[3]       ; 7.816  ; 7.816  ; 7.816  ; 7.816  ;
; sel[2]     ; h0[4]       ; 8.040  ; 8.040  ; 8.040  ; 8.040  ;
; sel[2]     ; h0[5]       ; 7.848  ; 7.848  ; 7.848  ; 7.848  ;
; sel[2]     ; h0[6]       ; 7.804  ; 7.804  ; 7.804  ; 7.804  ;
; sel[2]     ; h1[0]       ; 11.758 ; 7.883  ; 7.883  ; 11.758 ;
; sel[2]     ; h1[1]       ; 11.854 ; 7.700  ; 7.700  ; 11.854 ;
; sel[2]     ; h1[2]       ; 12.174 ; 8.303  ; 8.303  ; 12.174 ;
; sel[2]     ; h1[3]       ; 12.433 ; 8.240  ; 8.240  ; 12.433 ;
; sel[2]     ; h1[4]       ; 12.559 ; 8.367  ; 8.367  ; 12.559 ;
; sel[2]     ; h1[5]       ; 11.798 ; 7.609  ; 7.609  ; 11.798 ;
; sel[2]     ; h1[6]       ; 8.245  ; 12.435 ; 12.435 ; 8.245  ;
; sel[2]     ; h2[6]       ; 8.347  ;        ;        ; 8.347  ;
; x[0]       ; Z           ; 8.645  ; 8.645  ; 8.645  ; 8.645  ;
; x[0]       ; h0[0]       ; 8.882  ; 8.882  ; 8.882  ; 8.882  ;
; x[0]       ; h0[1]       ; 9.684  ; 9.684  ; 9.684  ; 9.684  ;
; x[0]       ; h0[2]       ; 9.042  ; 9.042  ; 9.042  ; 9.042  ;
; x[0]       ; h0[3]       ; 9.253  ; 9.253  ; 9.253  ; 9.253  ;
; x[0]       ; h0[4]       ; 9.106  ; 9.106  ; 9.106  ; 9.106  ;
; x[0]       ; h0[5]       ; 9.037  ; 9.037  ; 9.037  ; 9.037  ;
; x[0]       ; h0[6]       ; 8.968  ; 8.968  ; 8.968  ; 8.968  ;
; x[0]       ; h1[0]       ; 12.473 ; 12.473 ; 12.473 ; 12.473 ;
; x[0]       ; h1[1]       ; 12.569 ; 12.569 ; 12.569 ; 12.569 ;
; x[0]       ; h1[2]       ; 12.889 ; 12.889 ; 12.889 ; 12.889 ;
; x[0]       ; h1[3]       ; 13.148 ; 13.148 ; 13.148 ; 13.148 ;
; x[0]       ; h1[4]       ; 13.274 ; 13.274 ; 13.274 ; 13.274 ;
; x[0]       ; h1[5]       ; 12.513 ; 12.513 ; 12.513 ; 12.513 ;
; x[0]       ; h1[6]       ; 13.150 ; 13.150 ; 13.150 ; 13.150 ;
; x[0]       ; h2[6]       ; 9.314  ; 9.314  ; 9.314  ; 9.314  ;
; x[1]       ; Z           ; 9.034  ; 9.034  ; 9.034  ; 9.034  ;
; x[1]       ; h0[0]       ; 9.281  ; 9.281  ; 9.281  ; 9.281  ;
; x[1]       ; h0[1]       ; 10.082 ; 10.082 ; 10.082 ; 10.082 ;
; x[1]       ; h0[2]       ; 9.441  ; 9.441  ; 9.441  ; 9.441  ;
; x[1]       ; h0[3]       ; 9.654  ; 9.654  ; 9.654  ; 9.654  ;
; x[1]       ; h0[4]       ; 9.505  ; 9.505  ; 9.505  ; 9.505  ;
; x[1]       ; h0[5]       ; 9.437  ; 9.437  ; 9.437  ; 9.437  ;
; x[1]       ; h0[6]       ; 9.366  ; 9.366  ; 9.366  ; 9.366  ;
; x[1]       ; h1[0]       ; 12.016 ; 12.016 ; 12.016 ; 12.016 ;
; x[1]       ; h1[1]       ; 12.112 ; 12.112 ; 12.112 ; 12.112 ;
; x[1]       ; h1[2]       ; 12.432 ; 12.432 ; 12.432 ; 12.432 ;
; x[1]       ; h1[3]       ; 12.691 ; 12.691 ; 12.691 ; 12.691 ;
; x[1]       ; h1[4]       ; 12.817 ; 12.817 ; 12.817 ; 12.817 ;
; x[1]       ; h1[5]       ; 12.056 ; 12.056 ; 12.056 ; 12.056 ;
; x[1]       ; h1[6]       ; 12.693 ; 12.693 ; 12.693 ; 12.693 ;
; x[1]       ; h2[6]       ; 8.836  ; 8.836  ; 8.836  ; 8.836  ;
; x[2]       ; Z           ; 9.185  ; 9.185  ; 9.185  ; 9.185  ;
; x[2]       ; h0[0]       ; 9.423  ; 9.423  ; 9.423  ; 9.423  ;
; x[2]       ; h0[1]       ; 10.223 ; 10.223 ; 10.223 ; 10.223 ;
; x[2]       ; h0[2]       ; 9.582  ; 9.582  ; 9.582  ; 9.582  ;
; x[2]       ; h0[3]       ; 9.795  ; 9.795  ; 9.795  ; 9.795  ;
; x[2]       ; h0[4]       ; 9.646  ; 9.646  ; 9.646  ; 9.646  ;
; x[2]       ; h0[5]       ; 9.578  ; 9.578  ; 9.578  ; 9.578  ;
; x[2]       ; h0[6]       ; 9.507  ; 9.507  ; 9.507  ; 9.507  ;
; x[2]       ; h1[0]       ; 12.275 ; 12.275 ; 12.275 ; 12.275 ;
; x[2]       ; h1[1]       ; 12.371 ; 12.371 ; 12.371 ; 12.371 ;
; x[2]       ; h1[2]       ; 12.691 ; 12.691 ; 12.691 ; 12.691 ;
; x[2]       ; h1[3]       ; 12.950 ; 12.950 ; 12.950 ; 12.950 ;
; x[2]       ; h1[4]       ; 13.076 ; 13.076 ; 13.076 ; 13.076 ;
; x[2]       ; h1[5]       ; 12.315 ; 12.315 ; 12.315 ; 12.315 ;
; x[2]       ; h1[6]       ; 12.952 ; 12.952 ; 12.952 ; 12.952 ;
; x[2]       ; h2[6]       ; 8.927  ; 8.927  ; 8.927  ; 8.927  ;
; x[3]       ; Z           ; 10.339 ; 10.339 ; 10.339 ; 10.339 ;
; x[3]       ; h0[0]       ; 10.654 ; 10.654 ; 10.654 ; 10.654 ;
; x[3]       ; h0[1]       ; 11.484 ; 11.484 ; 11.484 ; 11.484 ;
; x[3]       ; h0[2]       ; 10.845 ; 10.845 ; 10.845 ; 10.845 ;
; x[3]       ; h0[3]       ; 11.059 ; 11.059 ; 11.059 ; 11.059 ;
; x[3]       ; h0[4]       ; 10.875 ; 10.875 ; 10.875 ; 10.875 ;
; x[3]       ; h0[5]       ; 10.807 ; 10.807 ; 10.807 ; 10.807 ;
; x[3]       ; h0[6]       ; 10.770 ; 10.770 ; 10.770 ; 10.770 ;
; x[3]       ; h1[0]       ; 13.322 ; 13.322 ; 13.322 ; 13.322 ;
; x[3]       ; h1[1]       ; 13.418 ; 13.418 ; 13.418 ; 13.418 ;
; x[3]       ; h1[2]       ; 13.738 ; 13.738 ; 13.738 ; 13.738 ;
; x[3]       ; h1[3]       ; 13.997 ; 13.997 ; 13.997 ; 13.997 ;
; x[3]       ; h1[4]       ; 14.123 ; 14.123 ; 14.123 ; 14.123 ;
; x[3]       ; h1[5]       ; 13.362 ; 13.362 ; 13.362 ; 13.362 ;
; x[3]       ; h1[6]       ; 13.999 ; 13.999 ; 13.999 ; 13.999 ;
; x[3]       ; h2[6]       ; 10.097 ; 10.097 ; 10.097 ; 10.097 ;
; y[0]       ; Z           ; 10.495 ; 9.784  ; 9.784  ; 10.495 ;
; y[0]       ; h0[0]       ; 10.021 ; 10.021 ; 10.021 ; 10.021 ;
; y[0]       ; h0[1]       ; 10.823 ; 10.823 ; 10.823 ; 10.823 ;
; y[0]       ; h0[2]       ; 10.892 ; 10.181 ; 10.181 ; 10.892 ;
; y[0]       ; h0[3]       ; 10.392 ; 10.392 ; 10.392 ; 10.392 ;
; y[0]       ; h0[4]       ; 10.245 ; 10.956 ; 10.956 ; 10.245 ;
; y[0]       ; h0[5]       ; 10.176 ; 10.887 ; 10.887 ; 10.176 ;
; y[0]       ; h0[6]       ; 10.107 ; 10.107 ; 10.107 ; 10.107 ;
; y[0]       ; h1[0]       ; 13.799 ; 13.799 ; 13.799 ; 13.799 ;
; y[0]       ; h1[1]       ; 13.895 ; 13.895 ; 13.895 ; 13.895 ;
; y[0]       ; h1[2]       ; 14.215 ; 14.215 ; 14.215 ; 14.215 ;
; y[0]       ; h1[3]       ; 14.474 ; 14.474 ; 14.474 ; 14.474 ;
; y[0]       ; h1[4]       ; 14.600 ; 14.600 ; 14.600 ; 14.600 ;
; y[0]       ; h1[5]       ; 13.839 ; 13.839 ; 13.839 ; 13.839 ;
; y[0]       ; h1[6]       ; 14.476 ; 14.476 ; 14.476 ; 14.476 ;
; y[0]       ; h2[6]       ; 10.663 ; 10.663 ; 10.663 ; 10.663 ;
; y[1]       ; Z           ; 9.886  ; 9.886  ; 9.886  ; 9.886  ;
; y[1]       ; h0[0]       ; 10.606 ; 10.606 ; 10.606 ; 10.606 ;
; y[1]       ; h0[1]       ; 11.438 ; 11.438 ; 11.438 ; 11.438 ;
; y[1]       ; h0[2]       ; 10.795 ; 10.795 ; 10.795 ; 10.795 ;
; y[1]       ; h0[3]       ; 11.001 ; 11.001 ; 11.001 ; 11.001 ;
; y[1]       ; h0[4]       ; 10.834 ; 10.834 ; 10.834 ; 10.834 ;
; y[1]       ; h0[5]       ; 10.791 ; 10.791 ; 10.791 ; 10.791 ;
; y[1]       ; h0[6]       ; 10.722 ; 10.722 ; 10.722 ; 10.722 ;
; y[1]       ; h1[0]       ; 13.228 ; 13.228 ; 13.228 ; 13.228 ;
; y[1]       ; h1[1]       ; 13.324 ; 13.324 ; 13.324 ; 13.324 ;
; y[1]       ; h1[2]       ; 13.644 ; 13.644 ; 13.644 ; 13.644 ;
; y[1]       ; h1[3]       ; 13.903 ; 13.903 ; 13.903 ; 13.903 ;
; y[1]       ; h1[4]       ; 14.029 ; 14.029 ; 14.029 ; 14.029 ;
; y[1]       ; h1[5]       ; 13.268 ; 13.268 ; 13.268 ; 13.268 ;
; y[1]       ; h1[6]       ; 13.905 ; 13.905 ; 13.905 ; 13.905 ;
; y[1]       ; h2[6]       ; 10.019 ; 10.281 ; 10.281 ; 10.019 ;
; y[2]       ; Z           ; 9.957  ; 9.957  ; 9.957  ; 9.957  ;
; y[2]       ; h0[0]       ; 10.195 ; 10.195 ; 10.195 ; 10.195 ;
; y[2]       ; h0[1]       ; 10.995 ; 10.995 ; 10.995 ; 10.995 ;
; y[2]       ; h0[2]       ; 10.354 ; 10.354 ; 10.354 ; 10.354 ;
; y[2]       ; h0[3]       ; 10.567 ; 10.567 ; 10.567 ; 10.567 ;
; y[2]       ; h0[4]       ; 10.418 ; 10.418 ; 10.418 ; 10.418 ;
; y[2]       ; h0[5]       ; 10.350 ; 10.350 ; 10.350 ; 10.350 ;
; y[2]       ; h0[6]       ; 10.279 ; 10.279 ; 10.279 ; 10.279 ;
; y[2]       ; h1[0]       ; 13.047 ; 13.047 ; 13.047 ; 13.047 ;
; y[2]       ; h1[1]       ; 13.143 ; 13.143 ; 13.143 ; 13.143 ;
; y[2]       ; h1[2]       ; 13.463 ; 13.463 ; 13.463 ; 13.463 ;
; y[2]       ; h1[3]       ; 13.722 ; 13.722 ; 13.722 ; 13.722 ;
; y[2]       ; h1[4]       ; 13.848 ; 13.848 ; 13.848 ; 13.848 ;
; y[2]       ; h1[5]       ; 13.087 ; 13.087 ; 13.087 ; 13.087 ;
; y[2]       ; h1[6]       ; 13.724 ; 13.724 ; 13.724 ; 13.724 ;
; y[2]       ; h2[6]       ; 10.332 ; 10.332 ; 10.332 ; 10.332 ;
; y[3]       ; Z           ; 8.892  ; 8.892  ; 8.892  ; 8.892  ;
; y[3]       ; h0[0]       ; 9.322  ; 9.322  ; 9.322  ; 9.322  ;
; y[3]       ; h0[1]       ; 10.152 ; 10.152 ; 10.152 ; 10.152 ;
; y[3]       ; h0[2]       ; 9.513  ; 9.513  ; 9.513  ; 9.513  ;
; y[3]       ; h0[3]       ; 9.727  ; 9.727  ; 9.727  ; 9.727  ;
; y[3]       ; h0[4]       ; 9.543  ; 9.543  ; 9.543  ; 9.543  ;
; y[3]       ; h0[5]       ; 9.475  ; 9.475  ; 9.475  ; 9.475  ;
; y[3]       ; h0[6]       ; 9.438  ; 9.438  ; 9.438  ; 9.438  ;
; y[3]       ; h1[0]       ; 11.990 ; 11.990 ; 11.990 ; 11.990 ;
; y[3]       ; h1[1]       ; 12.086 ; 12.086 ; 12.086 ; 12.086 ;
; y[3]       ; h1[2]       ; 12.406 ; 12.406 ; 12.406 ; 12.406 ;
; y[3]       ; h1[3]       ; 12.665 ; 12.665 ; 12.665 ; 12.665 ;
; y[3]       ; h1[4]       ; 12.791 ; 12.791 ; 12.791 ; 12.791 ;
; y[3]       ; h1[5]       ; 12.030 ; 12.030 ; 12.030 ; 12.030 ;
; y[3]       ; h1[6]       ; 12.667 ; 12.667 ; 12.667 ; 12.667 ;
; y[3]       ; h2[6]       ; 8.587  ; 8.587  ; 8.587  ; 8.587  ;
+------------+-------------+--------+--------+--------+--------+


----------------------------
; Fast Model Setup Summary ;
----------------------------
No paths to report.


---------------------------
; Fast Model Hold Summary ;
---------------------------
No paths to report.


-------------------------------
; Fast Model Recovery Summary ;
-------------------------------
No paths to report.


------------------------------
; Fast Model Removal Summary ;
------------------------------
No paths to report.


------------------------------------------
; Fast Model Minimum Pulse Width Summary ;
------------------------------------------
No paths to report.


+--------------------------------------------------------------+
; Propagation Delay                                            ;
+------------+-------------+--------+--------+--------+--------+
; Input Port ; Output Port ; RR     ; RF     ; FR     ; FF     ;
+------------+-------------+--------+--------+--------+--------+
; sel[0]     ; Z           ; 5.627  ; 5.627  ; 5.627  ; 5.627  ;
; sel[0]     ; h0[0]       ; 10.519 ; 10.519 ; 10.519 ; 10.519 ;
; sel[0]     ; h0[1]       ; 10.677 ; 10.677 ; 10.677 ; 10.677 ;
; sel[0]     ; h0[2]       ; 10.629 ; 10.629 ; 10.629 ; 10.629 ;
; sel[0]     ; h0[3]       ; 10.583 ; 10.583 ; 10.583 ; 10.583 ;
; sel[0]     ; h0[4]       ; 10.584 ; 10.584 ; 10.584 ; 10.584 ;
; sel[0]     ; h0[5]       ; 10.583 ; 10.583 ; 10.583 ; 10.583 ;
; sel[0]     ; h0[6]       ; 10.558 ; 10.558 ; 10.558 ; 10.558 ;
; sel[0]     ; h1[0]       ; 10.615 ; 10.615 ; 10.615 ; 10.615 ;
; sel[0]     ; h1[1]       ; 10.649 ; 10.649 ; 10.649 ; 10.649 ;
; sel[0]     ; h1[2]       ; 10.708 ; 10.708 ; 10.708 ; 10.708 ;
; sel[0]     ; h1[3]       ; 10.812 ; 10.812 ; 10.812 ; 10.812 ;
; sel[0]     ; h1[4]       ; 10.902 ; 10.902 ; 10.902 ; 10.902 ;
; sel[0]     ; h1[5]       ; 10.570 ; 10.570 ; 10.570 ; 10.570 ;
; sel[0]     ; h1[6]       ; 10.815 ; 10.815 ; 10.815 ; 10.815 ;
; sel[0]     ; h2[6]       ; 4.913  ; 4.913  ; 4.913  ; 4.913  ;
; sel[1]     ; Z           ; 5.405  ; 5.405  ; 5.405  ; 5.405  ;
; sel[1]     ; h0[0]       ; 10.254 ; 10.254 ; 10.254 ; 10.254 ;
; sel[1]     ; h0[1]       ; 10.412 ; 10.412 ; 10.412 ; 10.412 ;
; sel[1]     ; h0[2]       ; 10.364 ; 10.364 ; 10.364 ; 10.364 ;
; sel[1]     ; h0[3]       ; 10.318 ; 10.318 ; 10.318 ; 10.318 ;
; sel[1]     ; h0[4]       ; 10.319 ; 10.319 ; 10.319 ; 10.319 ;
; sel[1]     ; h0[5]       ; 10.318 ; 10.318 ; 10.318 ; 10.318 ;
; sel[1]     ; h0[6]       ; 10.293 ; 10.293 ; 10.293 ; 10.293 ;
; sel[1]     ; h1[0]       ; 10.350 ; 10.350 ; 10.350 ; 10.350 ;
; sel[1]     ; h1[1]       ; 10.384 ; 10.384 ; 10.384 ; 10.384 ;
; sel[1]     ; h1[2]       ; 10.443 ; 10.443 ; 10.443 ; 10.443 ;
; sel[1]     ; h1[3]       ; 10.547 ; 10.547 ; 10.547 ; 10.547 ;
; sel[1]     ; h1[4]       ; 10.637 ; 10.637 ; 10.637 ; 10.637 ;
; sel[1]     ; h1[5]       ; 10.305 ; 10.305 ; 10.305 ; 10.305 ;
; sel[1]     ; h1[6]       ; 10.550 ; 10.550 ; 10.550 ; 10.550 ;
; sel[1]     ; h2[6]       ; 4.622  ; 4.622  ; 4.622  ; 4.622  ;
; sel[2]     ; Z           ; 4.943  ; 4.943  ; 4.943  ; 4.943  ;
; sel[2]     ; h0[0]       ; 10.258 ; 10.258 ; 10.258 ; 10.258 ;
; sel[2]     ; h0[1]       ; 10.416 ; 10.416 ; 10.416 ; 10.416 ;
; sel[2]     ; h0[2]       ; 10.368 ; 10.368 ; 10.368 ; 10.368 ;
; sel[2]     ; h0[3]       ; 10.322 ; 10.322 ; 10.322 ; 10.322 ;
; sel[2]     ; h0[4]       ; 10.323 ; 10.323 ; 10.323 ; 10.323 ;
; sel[2]     ; h0[5]       ; 10.322 ; 10.322 ; 10.322 ; 10.322 ;
; sel[2]     ; h0[6]       ; 10.297 ; 10.297 ; 10.297 ; 10.297 ;
; sel[2]     ; h1[0]       ; 10.354 ; 10.354 ; 10.354 ; 10.354 ;
; sel[2]     ; h1[1]       ; 10.388 ; 10.388 ; 10.388 ; 10.388 ;
; sel[2]     ; h1[2]       ; 10.447 ; 10.447 ; 10.447 ; 10.447 ;
; sel[2]     ; h1[3]       ; 10.551 ; 10.551 ; 10.551 ; 10.551 ;
; sel[2]     ; h1[4]       ; 10.641 ; 10.641 ; 10.641 ; 10.641 ;
; sel[2]     ; h1[5]       ; 10.309 ; 10.309 ; 10.309 ; 10.309 ;
; sel[2]     ; h1[6]       ; 10.554 ; 10.554 ; 10.554 ; 10.554 ;
; sel[2]     ; h2[6]       ; 4.355  ;        ;        ; 4.355  ;
; x[0]       ; Z           ; 5.850  ; 5.850  ; 5.850  ; 5.850  ;
; x[0]       ; h0[0]       ; 10.681 ; 10.681 ; 10.681 ; 10.681 ;
; x[0]       ; h0[1]       ; 10.839 ; 10.839 ; 10.839 ; 10.839 ;
; x[0]       ; h0[2]       ; 10.791 ; 10.791 ; 10.791 ; 10.791 ;
; x[0]       ; h0[3]       ; 10.745 ; 10.745 ; 10.745 ; 10.745 ;
; x[0]       ; h0[4]       ; 10.746 ; 10.746 ; 10.746 ; 10.746 ;
; x[0]       ; h0[5]       ; 10.745 ; 10.745 ; 10.745 ; 10.745 ;
; x[0]       ; h0[6]       ; 10.720 ; 10.720 ; 10.720 ; 10.720 ;
; x[0]       ; h1[0]       ; 10.777 ; 10.777 ; 10.777 ; 10.777 ;
; x[0]       ; h1[1]       ; 10.811 ; 10.811 ; 10.811 ; 10.811 ;
; x[0]       ; h1[2]       ; 10.870 ; 10.870 ; 10.870 ; 10.870 ;
; x[0]       ; h1[3]       ; 10.974 ; 10.974 ; 10.974 ; 10.974 ;
; x[0]       ; h1[4]       ; 11.064 ; 11.064 ; 11.064 ; 11.064 ;
; x[0]       ; h1[5]       ; 10.732 ; 10.732 ; 10.732 ; 10.732 ;
; x[0]       ; h1[6]       ; 10.977 ; 10.977 ; 10.977 ; 10.977 ;
; x[0]       ; h2[6]       ; 4.987  ; 4.987  ; 4.987  ; 4.987  ;
; x[1]       ; Z           ; 6.071  ; 6.071  ; 6.071  ; 6.071  ;
; x[1]       ; h0[0]       ; 10.873 ; 10.873 ; 10.873 ; 10.873 ;
; x[1]       ; h0[1]       ; 11.031 ; 11.031 ; 11.031 ; 11.031 ;
; x[1]       ; h0[2]       ; 10.983 ; 10.983 ; 10.983 ; 10.983 ;
; x[1]       ; h0[3]       ; 10.937 ; 10.937 ; 10.937 ; 10.937 ;
; x[1]       ; h0[4]       ; 10.938 ; 10.938 ; 10.938 ; 10.938 ;
; x[1]       ; h0[5]       ; 10.937 ; 10.937 ; 10.937 ; 10.937 ;
; x[1]       ; h0[6]       ; 10.912 ; 10.912 ; 10.912 ; 10.912 ;
; x[1]       ; h1[0]       ; 10.969 ; 10.969 ; 10.969 ; 10.969 ;
; x[1]       ; h1[1]       ; 11.003 ; 11.003 ; 11.003 ; 11.003 ;
; x[1]       ; h1[2]       ; 11.062 ; 11.062 ; 11.062 ; 11.062 ;
; x[1]       ; h1[3]       ; 11.166 ; 11.166 ; 11.166 ; 11.166 ;
; x[1]       ; h1[4]       ; 11.256 ; 11.256 ; 11.256 ; 11.256 ;
; x[1]       ; h1[5]       ; 10.924 ; 10.924 ; 10.924 ; 10.924 ;
; x[1]       ; h1[6]       ; 11.169 ; 11.169 ; 11.169 ; 11.169 ;
; x[1]       ; h2[6]       ; 5.252  ; 5.252  ; 5.252  ; 5.252  ;
; x[2]       ; Z           ; 6.159  ; 6.159  ; 6.159  ; 6.159  ;
; x[2]       ; h0[0]       ; 10.961 ; 10.961 ; 10.961 ; 10.961 ;
; x[2]       ; h0[1]       ; 11.119 ; 11.119 ; 11.119 ; 11.119 ;
; x[2]       ; h0[2]       ; 11.071 ; 11.071 ; 11.071 ; 11.071 ;
; x[2]       ; h0[3]       ; 11.025 ; 11.025 ; 11.025 ; 11.025 ;
; x[2]       ; h0[4]       ; 11.026 ; 11.026 ; 11.026 ; 11.026 ;
; x[2]       ; h0[5]       ; 11.025 ; 11.025 ; 11.025 ; 11.025 ;
; x[2]       ; h0[6]       ; 11.000 ; 11.000 ; 11.000 ; 11.000 ;
; x[2]       ; h1[0]       ; 11.057 ; 11.057 ; 11.057 ; 11.057 ;
; x[2]       ; h1[1]       ; 11.091 ; 11.091 ; 11.091 ; 11.091 ;
; x[2]       ; h1[2]       ; 11.150 ; 11.150 ; 11.150 ; 11.150 ;
; x[2]       ; h1[3]       ; 11.254 ; 11.254 ; 11.254 ; 11.254 ;
; x[2]       ; h1[4]       ; 11.344 ; 11.344 ; 11.344 ; 11.344 ;
; x[2]       ; h1[5]       ; 11.012 ; 11.012 ; 11.012 ; 11.012 ;
; x[2]       ; h1[6]       ; 11.257 ; 11.257 ; 11.257 ; 11.257 ;
; x[2]       ; h2[6]       ; 5.340  ; 5.340  ; 5.340  ; 5.340  ;
; x[3]       ; Z           ; 6.260  ; 6.260  ; 6.260  ; 6.260  ;
; x[3]       ; h0[0]       ; 11.106 ; 11.106 ; 11.106 ; 11.106 ;
; x[3]       ; h0[1]       ; 11.264 ; 11.264 ; 11.264 ; 11.264 ;
; x[3]       ; h0[2]       ; 11.216 ; 11.216 ; 11.216 ; 11.216 ;
; x[3]       ; h0[3]       ; 11.170 ; 11.170 ; 11.170 ; 11.170 ;
; x[3]       ; h0[4]       ; 11.171 ; 11.171 ; 11.171 ; 11.171 ;
; x[3]       ; h0[5]       ; 11.170 ; 11.170 ; 11.170 ; 11.170 ;
; x[3]       ; h0[6]       ; 11.145 ; 11.145 ; 11.145 ; 11.145 ;
; x[3]       ; h1[0]       ; 11.202 ; 11.202 ; 11.202 ; 11.202 ;
; x[3]       ; h1[1]       ; 11.236 ; 11.236 ; 11.236 ; 11.236 ;
; x[3]       ; h1[2]       ; 11.295 ; 11.295 ; 11.295 ; 11.295 ;
; x[3]       ; h1[3]       ; 11.399 ; 11.399 ; 11.399 ; 11.399 ;
; x[3]       ; h1[4]       ; 11.489 ; 11.489 ; 11.489 ; 11.489 ;
; x[3]       ; h1[5]       ; 11.157 ; 11.157 ; 11.157 ; 11.157 ;
; x[3]       ; h1[6]       ; 11.402 ; 11.402 ; 11.402 ; 11.402 ;
; x[3]       ; h2[6]       ; 5.531  ; 5.531  ; 5.531  ; 5.531  ;
; y[0]       ; Z           ; 6.553  ; 6.553  ; 6.553  ; 6.553  ;
; y[0]       ; h0[0]       ; 11.384 ; 11.384 ; 11.384 ; 11.384 ;
; y[0]       ; h0[1]       ; 11.542 ; 11.542 ; 11.542 ; 11.542 ;
; y[0]       ; h0[2]       ; 11.494 ; 11.494 ; 11.494 ; 11.494 ;
; y[0]       ; h0[3]       ; 11.448 ; 11.448 ; 11.448 ; 11.448 ;
; y[0]       ; h0[4]       ; 11.449 ; 11.449 ; 11.449 ; 11.449 ;
; y[0]       ; h0[5]       ; 11.448 ; 11.448 ; 11.448 ; 11.448 ;
; y[0]       ; h0[6]       ; 11.423 ; 11.423 ; 11.423 ; 11.423 ;
; y[0]       ; h1[0]       ; 11.480 ; 11.480 ; 11.480 ; 11.480 ;
; y[0]       ; h1[1]       ; 11.514 ; 11.514 ; 11.514 ; 11.514 ;
; y[0]       ; h1[2]       ; 11.573 ; 11.573 ; 11.573 ; 11.573 ;
; y[0]       ; h1[3]       ; 11.677 ; 11.677 ; 11.677 ; 11.677 ;
; y[0]       ; h1[4]       ; 11.767 ; 11.767 ; 11.767 ; 11.767 ;
; y[0]       ; h1[5]       ; 11.435 ; 11.435 ; 11.435 ; 11.435 ;
; y[0]       ; h1[6]       ; 11.680 ; 11.680 ; 11.680 ; 11.680 ;
; y[0]       ; h2[6]       ; 5.639  ; 5.639  ; 5.639  ; 5.639  ;
; y[1]       ; Z           ; 6.642  ; 6.642  ; 6.642  ; 6.642  ;
; y[1]       ; h0[0]       ; 11.473 ; 11.473 ; 11.473 ; 11.473 ;
; y[1]       ; h0[1]       ; 11.631 ; 11.631 ; 11.631 ; 11.631 ;
; y[1]       ; h0[2]       ; 11.583 ; 11.583 ; 11.583 ; 11.583 ;
; y[1]       ; h0[3]       ; 11.537 ; 11.537 ; 11.537 ; 11.537 ;
; y[1]       ; h0[4]       ; 11.538 ; 11.538 ; 11.538 ; 11.538 ;
; y[1]       ; h0[5]       ; 11.537 ; 11.537 ; 11.537 ; 11.537 ;
; y[1]       ; h0[6]       ; 11.512 ; 11.512 ; 11.512 ; 11.512 ;
; y[1]       ; h1[0]       ; 11.569 ; 11.569 ; 11.569 ; 11.569 ;
; y[1]       ; h1[1]       ; 11.603 ; 11.603 ; 11.603 ; 11.603 ;
; y[1]       ; h1[2]       ; 11.662 ; 11.662 ; 11.662 ; 11.662 ;
; y[1]       ; h1[3]       ; 11.766 ; 11.766 ; 11.766 ; 11.766 ;
; y[1]       ; h1[4]       ; 11.856 ; 11.856 ; 11.856 ; 11.856 ;
; y[1]       ; h1[5]       ; 11.524 ; 11.524 ; 11.524 ; 11.524 ;
; y[1]       ; h1[6]       ; 11.769 ; 11.769 ; 11.769 ; 11.769 ;
; y[1]       ; h2[6]       ; 5.709  ; 5.709  ; 5.709  ; 5.709  ;
; y[2]       ; Z           ; 6.367  ; 6.367  ; 6.367  ; 6.367  ;
; y[2]       ; h0[0]       ; 11.169 ; 11.169 ; 11.169 ; 11.169 ;
; y[2]       ; h0[1]       ; 11.327 ; 11.327 ; 11.327 ; 11.327 ;
; y[2]       ; h0[2]       ; 11.279 ; 11.279 ; 11.279 ; 11.279 ;
; y[2]       ; h0[3]       ; 11.233 ; 11.233 ; 11.233 ; 11.233 ;
; y[2]       ; h0[4]       ; 11.234 ; 11.234 ; 11.234 ; 11.234 ;
; y[2]       ; h0[5]       ; 11.233 ; 11.233 ; 11.233 ; 11.233 ;
; y[2]       ; h0[6]       ; 11.208 ; 11.208 ; 11.208 ; 11.208 ;
; y[2]       ; h1[0]       ; 11.265 ; 11.265 ; 11.265 ; 11.265 ;
; y[2]       ; h1[1]       ; 11.299 ; 11.299 ; 11.299 ; 11.299 ;
; y[2]       ; h1[2]       ; 11.358 ; 11.358 ; 11.358 ; 11.358 ;
; y[2]       ; h1[3]       ; 11.462 ; 11.462 ; 11.462 ; 11.462 ;
; y[2]       ; h1[4]       ; 11.552 ; 11.552 ; 11.552 ; 11.552 ;
; y[2]       ; h1[5]       ; 11.220 ; 11.220 ; 11.220 ; 11.220 ;
; y[2]       ; h1[6]       ; 11.465 ; 11.465 ; 11.465 ; 11.465 ;
; y[2]       ; h2[6]       ; 5.492  ; 5.492  ; 5.492  ; 5.492  ;
; y[3]       ; Z           ; 5.918  ; 5.918  ; 5.918  ; 5.918  ;
; y[3]       ; h0[0]       ; 10.720 ; 10.720 ; 10.720 ; 10.720 ;
; y[3]       ; h0[1]       ; 10.878 ; 10.878 ; 10.878 ; 10.878 ;
; y[3]       ; h0[2]       ; 10.830 ; 10.830 ; 10.830 ; 10.830 ;
; y[3]       ; h0[3]       ; 10.784 ; 10.784 ; 10.784 ; 10.784 ;
; y[3]       ; h0[4]       ; 10.785 ; 10.785 ; 10.785 ; 10.785 ;
; y[3]       ; h0[5]       ; 10.784 ; 10.784 ; 10.784 ; 10.784 ;
; y[3]       ; h0[6]       ; 10.759 ; 10.759 ; 10.759 ; 10.759 ;
; y[3]       ; h1[0]       ; 10.816 ; 10.816 ; 10.816 ; 10.816 ;
; y[3]       ; h1[1]       ; 10.850 ; 10.850 ; 10.850 ; 10.850 ;
; y[3]       ; h1[2]       ; 10.909 ; 10.909 ; 10.909 ; 10.909 ;
; y[3]       ; h1[3]       ; 11.013 ; 11.013 ; 11.013 ; 11.013 ;
; y[3]       ; h1[4]       ; 11.103 ; 11.103 ; 11.103 ; 11.103 ;
; y[3]       ; h1[5]       ; 10.771 ; 10.771 ; 10.771 ; 10.771 ;
; y[3]       ; h1[6]       ; 11.016 ; 11.016 ; 11.016 ; 11.016 ;
; y[3]       ; h2[6]       ; 5.019  ; 4.992  ; 4.992  ; 5.019  ;
+------------+-------------+--------+--------+--------+--------+


+----------------------------------------------------------+
; Minimum Propagation Delay                                ;
+------------+-------------+-------+-------+-------+-------+
; Input Port ; Output Port ; RR    ; RF    ; FR    ; FF    ;
+------------+-------------+-------+-------+-------+-------+
; sel[0]     ; Z           ; 4.764 ; 4.923 ; 4.923 ; 4.764 ;
; sel[0]     ; h0[0]       ; 5.083 ; 5.083 ; 5.083 ; 5.083 ;
; sel[0]     ; h0[1]       ; 5.426 ; 5.426 ; 5.426 ; 5.426 ;
; sel[0]     ; h0[2]       ; 5.144 ; 5.144 ; 5.144 ; 5.144 ;
; sel[0]     ; h0[3]       ; 5.217 ; 5.217 ; 5.217 ; 5.217 ;
; sel[0]     ; h0[4]       ; 5.148 ; 5.148 ; 5.148 ; 5.148 ;
; sel[0]     ; h0[5]       ; 5.123 ; 5.123 ; 5.123 ; 5.123 ;
; sel[0]     ; h0[6]       ; 5.083 ; 5.083 ; 5.083 ; 5.083 ;
; sel[0]     ; h1[0]       ; 6.177 ; 6.177 ; 6.177 ; 6.177 ;
; sel[0]     ; h1[1]       ; 6.214 ; 6.214 ; 6.214 ; 6.214 ;
; sel[0]     ; h1[2]       ; 6.266 ; 6.266 ; 6.266 ; 6.266 ;
; sel[0]     ; h1[3]       ; 6.370 ; 6.370 ; 6.370 ; 6.370 ;
; sel[0]     ; h1[4]       ; 6.460 ; 6.460 ; 6.460 ; 6.460 ;
; sel[0]     ; h1[5]       ; 6.128 ; 6.128 ; 6.128 ; 6.128 ;
; sel[0]     ; h1[6]       ; 6.385 ; 6.385 ; 6.385 ; 6.385 ;
; sel[0]     ; h2[6]       ; 4.678 ; 4.752 ; 4.752 ; 4.678 ;
; sel[1]     ; Z           ; 4.793 ; 4.496 ; 4.496 ; 4.793 ;
; sel[1]     ; h0[0]       ; 4.971 ; 4.971 ; 4.971 ; 4.971 ;
; sel[1]     ; h0[1]       ; 5.314 ; 5.314 ; 5.314 ; 5.314 ;
; sel[1]     ; h0[2]       ; 5.032 ; 5.032 ; 5.032 ; 5.032 ;
; sel[1]     ; h0[3]       ; 5.105 ; 5.105 ; 5.105 ; 5.105 ;
; sel[1]     ; h0[4]       ; 5.036 ; 5.036 ; 5.036 ; 5.036 ;
; sel[1]     ; h0[5]       ; 5.011 ; 5.011 ; 5.011 ; 5.011 ;
; sel[1]     ; h0[6]       ; 4.971 ; 4.971 ; 4.971 ; 4.971 ;
; sel[1]     ; h1[0]       ; 5.909 ; 5.909 ; 5.909 ; 5.909 ;
; sel[1]     ; h1[1]       ; 5.946 ; 5.946 ; 5.946 ; 5.946 ;
; sel[1]     ; h1[2]       ; 5.998 ; 5.998 ; 5.998 ; 5.998 ;
; sel[1]     ; h1[3]       ; 6.102 ; 6.102 ; 6.102 ; 6.102 ;
; sel[1]     ; h1[4]       ; 6.192 ; 6.192 ; 6.192 ; 6.192 ;
; sel[1]     ; h1[5]       ; 5.860 ; 5.860 ; 5.860 ; 5.860 ;
; sel[1]     ; h1[6]       ; 6.117 ; 6.117 ; 6.117 ; 6.117 ;
; sel[1]     ; h2[6]       ; 4.622 ; 4.410 ; 4.410 ; 4.622 ;
; sel[2]     ; Z           ; 4.360 ; 4.774 ; 4.774 ; 4.360 ;
; sel[2]     ; h0[0]       ; 4.178 ; 4.178 ; 4.178 ; 4.178 ;
; sel[2]     ; h0[1]       ; 4.219 ; 4.219 ; 4.219 ; 4.219 ;
; sel[2]     ; h0[2]       ; 4.110 ; 4.110 ; 4.110 ; 4.110 ;
; sel[2]     ; h0[3]       ; 4.063 ; 4.063 ; 4.063 ; 4.063 ;
; sel[2]     ; h0[4]       ; 4.165 ; 4.165 ; 4.165 ; 4.165 ;
; sel[2]     ; h0[5]       ; 4.076 ; 4.076 ; 4.076 ; 4.076 ;
; sel[2]     ; h0[6]       ; 4.049 ; 4.049 ; 4.049 ; 4.049 ;
; sel[2]     ; h1[0]       ; 5.773 ; 4.125 ; 4.125 ; 5.773 ;
; sel[2]     ; h1[1]       ; 5.810 ; 4.035 ; 4.035 ; 5.810 ;
; sel[2]     ; h1[2]       ; 5.862 ; 4.217 ; 4.217 ; 5.862 ;
; sel[2]     ; h1[3]       ; 5.966 ; 4.174 ; 4.174 ; 5.966 ;
; sel[2]     ; h1[4]       ; 6.056 ; 4.269 ; 4.269 ; 6.056 ;
; sel[2]     ; h1[5]       ; 5.724 ; 3.940 ; 3.940 ; 5.724 ;
; sel[2]     ; h1[6]       ; 4.207 ; 5.981 ; 5.981 ; 4.207 ;
; sel[2]     ; h2[6]       ; 4.274 ;       ;       ; 4.274 ;
; x[0]       ; Z           ; 4.341 ; 4.341 ; 4.341 ; 4.341 ;
; x[0]       ; h0[0]       ; 4.453 ; 4.453 ; 4.453 ; 4.453 ;
; x[0]       ; h0[1]       ; 4.796 ; 4.796 ; 4.796 ; 4.796 ;
; x[0]       ; h0[2]       ; 4.514 ; 4.514 ; 4.514 ; 4.514 ;
; x[0]       ; h0[3]       ; 4.587 ; 4.587 ; 4.587 ; 4.587 ;
; x[0]       ; h0[4]       ; 4.518 ; 4.518 ; 4.518 ; 4.518 ;
; x[0]       ; h0[5]       ; 4.493 ; 4.493 ; 4.493 ; 4.493 ;
; x[0]       ; h0[6]       ; 4.453 ; 4.453 ; 4.453 ; 4.453 ;
; x[0]       ; h1[0]       ; 5.946 ; 5.946 ; 5.946 ; 5.946 ;
; x[0]       ; h1[1]       ; 5.983 ; 5.983 ; 5.983 ; 5.983 ;
; x[0]       ; h1[2]       ; 6.035 ; 6.035 ; 6.035 ; 6.035 ;
; x[0]       ; h1[3]       ; 6.139 ; 6.139 ; 6.139 ; 6.139 ;
; x[0]       ; h1[4]       ; 6.229 ; 6.229 ; 6.229 ; 6.229 ;
; x[0]       ; h1[5]       ; 5.897 ; 5.897 ; 5.897 ; 5.897 ;
; x[0]       ; h1[6]       ; 6.154 ; 6.154 ; 6.154 ; 6.154 ;
; x[0]       ; h2[6]       ; 4.574 ; 4.574 ; 4.574 ; 4.574 ;
; x[1]       ; Z           ; 4.514 ; 4.514 ; 4.514 ; 4.514 ;
; x[1]       ; h0[0]       ; 4.623 ; 4.623 ; 4.623 ; 4.623 ;
; x[1]       ; h0[1]       ; 4.966 ; 4.966 ; 4.966 ; 4.966 ;
; x[1]       ; h0[2]       ; 4.688 ; 4.688 ; 4.688 ; 4.688 ;
; x[1]       ; h0[3]       ; 4.758 ; 4.758 ; 4.758 ; 4.758 ;
; x[1]       ; h0[4]       ; 4.689 ; 4.689 ; 4.689 ; 4.689 ;
; x[1]       ; h0[5]       ; 4.662 ; 4.662 ; 4.662 ; 4.662 ;
; x[1]       ; h0[6]       ; 4.623 ; 4.623 ; 4.623 ; 4.623 ;
; x[1]       ; h1[0]       ; 5.758 ; 5.758 ; 5.758 ; 5.758 ;
; x[1]       ; h1[1]       ; 5.795 ; 5.795 ; 5.795 ; 5.795 ;
; x[1]       ; h1[2]       ; 5.847 ; 5.847 ; 5.847 ; 5.847 ;
; x[1]       ; h1[3]       ; 5.951 ; 5.951 ; 5.951 ; 5.951 ;
; x[1]       ; h1[4]       ; 6.041 ; 6.041 ; 6.041 ; 6.041 ;
; x[1]       ; h1[5]       ; 5.709 ; 5.709 ; 5.709 ; 5.709 ;
; x[1]       ; h1[6]       ; 5.966 ; 5.966 ; 5.966 ; 5.966 ;
; x[1]       ; h2[6]       ; 4.367 ; 4.367 ; 4.367 ; 4.367 ;
; x[2]       ; Z           ; 4.553 ; 4.553 ; 4.553 ; 4.553 ;
; x[2]       ; h0[0]       ; 4.670 ; 4.670 ; 4.670 ; 4.670 ;
; x[2]       ; h0[1]       ; 5.013 ; 5.013 ; 5.013 ; 5.013 ;
; x[2]       ; h0[2]       ; 4.735 ; 4.735 ; 4.735 ; 4.735 ;
; x[2]       ; h0[3]       ; 4.805 ; 4.805 ; 4.805 ; 4.805 ;
; x[2]       ; h0[4]       ; 4.736 ; 4.736 ; 4.736 ; 4.736 ;
; x[2]       ; h0[5]       ; 4.709 ; 4.709 ; 4.709 ; 4.709 ;
; x[2]       ; h0[6]       ; 4.670 ; 4.670 ; 4.670 ; 4.670 ;
; x[2]       ; h1[0]       ; 5.856 ; 5.856 ; 5.856 ; 5.856 ;
; x[2]       ; h1[1]       ; 5.893 ; 5.893 ; 5.893 ; 5.893 ;
; x[2]       ; h1[2]       ; 5.945 ; 5.945 ; 5.945 ; 5.945 ;
; x[2]       ; h1[3]       ; 6.049 ; 6.049 ; 6.049 ; 6.049 ;
; x[2]       ; h1[4]       ; 6.139 ; 6.139 ; 6.139 ; 6.139 ;
; x[2]       ; h1[5]       ; 5.807 ; 5.807 ; 5.807 ; 5.807 ;
; x[2]       ; h1[6]       ; 6.064 ; 6.064 ; 6.064 ; 6.064 ;
; x[2]       ; h2[6]       ; 4.382 ; 4.382 ; 4.382 ; 4.382 ;
; x[3]       ; Z           ; 5.208 ; 5.208 ; 5.208 ; 5.208 ;
; x[3]       ; h0[0]       ; 5.426 ; 5.426 ; 5.426 ; 5.426 ;
; x[3]       ; h0[1]       ; 5.770 ; 5.770 ; 5.770 ; 5.770 ;
; x[3]       ; h0[2]       ; 5.495 ; 5.495 ; 5.495 ; 5.495 ;
; x[3]       ; h0[3]       ; 5.563 ; 5.563 ; 5.563 ; 5.563 ;
; x[3]       ; h0[4]       ; 5.493 ; 5.493 ; 5.493 ; 5.493 ;
; x[3]       ; h0[5]       ; 5.467 ; 5.467 ; 5.467 ; 5.467 ;
; x[3]       ; h0[6]       ; 5.427 ; 5.427 ; 5.427 ; 5.427 ;
; x[3]       ; h1[0]       ; 6.518 ; 6.518 ; 6.518 ; 6.518 ;
; x[3]       ; h1[1]       ; 6.555 ; 6.555 ; 6.555 ; 6.555 ;
; x[3]       ; h1[2]       ; 6.607 ; 6.607 ; 6.607 ; 6.607 ;
; x[3]       ; h1[3]       ; 6.711 ; 6.711 ; 6.711 ; 6.711 ;
; x[3]       ; h1[4]       ; 6.801 ; 6.801 ; 6.801 ; 6.801 ;
; x[3]       ; h1[5]       ; 6.469 ; 6.469 ; 6.469 ; 6.469 ;
; x[3]       ; h1[6]       ; 6.726 ; 6.726 ; 6.726 ; 6.726 ;
; x[3]       ; h2[6]       ; 5.037 ; 5.037 ; 5.037 ; 5.037 ;
; y[0]       ; Z           ; 5.229 ; 4.931 ; 4.931 ; 5.229 ;
; y[0]       ; h0[0]       ; 5.043 ; 5.043 ; 5.043 ; 5.043 ;
; y[0]       ; h0[1]       ; 5.386 ; 5.386 ; 5.386 ; 5.386 ;
; y[0]       ; h0[2]       ; 5.402 ; 5.104 ; 5.104 ; 5.402 ;
; y[0]       ; h0[3]       ; 5.177 ; 5.177 ; 5.177 ; 5.177 ;
; y[0]       ; h0[4]       ; 5.108 ; 5.406 ; 5.406 ; 5.108 ;
; y[0]       ; h0[5]       ; 5.083 ; 5.381 ; 5.381 ; 5.083 ;
; y[0]       ; h0[6]       ; 5.043 ; 5.043 ; 5.043 ; 5.043 ;
; y[0]       ; h1[0]       ; 6.641 ; 6.641 ; 6.641 ; 6.641 ;
; y[0]       ; h1[1]       ; 6.678 ; 6.678 ; 6.678 ; 6.678 ;
; y[0]       ; h1[2]       ; 6.730 ; 6.730 ; 6.730 ; 6.730 ;
; y[0]       ; h1[3]       ; 6.834 ; 6.834 ; 6.834 ; 6.834 ;
; y[0]       ; h1[4]       ; 6.924 ; 6.924 ; 6.924 ; 6.924 ;
; y[0]       ; h1[5]       ; 6.592 ; 6.592 ; 6.592 ; 6.592 ;
; y[0]       ; h1[6]       ; 6.849 ; 6.849 ; 6.849 ; 6.849 ;
; y[0]       ; h2[6]       ; 5.239 ; 5.239 ; 5.239 ; 5.239 ;
; y[1]       ; Z           ; 4.955 ; 4.955 ; 4.955 ; 4.955 ;
; y[1]       ; h0[0]       ; 5.299 ; 5.299 ; 5.299 ; 5.299 ;
; y[1]       ; h0[1]       ; 5.642 ; 5.642 ; 5.642 ; 5.642 ;
; y[1]       ; h0[2]       ; 5.366 ; 5.366 ; 5.366 ; 5.366 ;
; y[1]       ; h0[3]       ; 5.430 ; 5.430 ; 5.430 ; 5.430 ;
; y[1]       ; h0[4]       ; 5.363 ; 5.363 ; 5.363 ; 5.363 ;
; y[1]       ; h0[5]       ; 5.338 ; 5.338 ; 5.338 ; 5.338 ;
; y[1]       ; h0[6]       ; 5.299 ; 5.299 ; 5.299 ; 5.299 ;
; y[1]       ; h1[0]       ; 6.421 ; 6.421 ; 6.421 ; 6.421 ;
; y[1]       ; h1[1]       ; 6.458 ; 6.458 ; 6.458 ; 6.458 ;
; y[1]       ; h1[2]       ; 6.510 ; 6.510 ; 6.510 ; 6.510 ;
; y[1]       ; h1[3]       ; 6.614 ; 6.614 ; 6.614 ; 6.614 ;
; y[1]       ; h1[4]       ; 6.704 ; 6.704 ; 6.704 ; 6.704 ;
; y[1]       ; h1[5]       ; 6.372 ; 6.372 ; 6.372 ; 6.372 ;
; y[1]       ; h1[6]       ; 6.629 ; 6.629 ; 6.629 ; 6.629 ;
; y[1]       ; h2[6]       ; 5.001 ; 5.059 ; 5.059 ; 5.001 ;
; y[2]       ; Z           ; 4.970 ; 4.970 ; 4.970 ; 4.970 ;
; y[2]       ; h0[0]       ; 5.079 ; 5.079 ; 5.079 ; 5.079 ;
; y[2]       ; h0[1]       ; 5.422 ; 5.422 ; 5.422 ; 5.422 ;
; y[2]       ; h0[2]       ; 5.144 ; 5.144 ; 5.144 ; 5.144 ;
; y[2]       ; h0[3]       ; 5.214 ; 5.214 ; 5.214 ; 5.214 ;
; y[2]       ; h0[4]       ; 5.145 ; 5.145 ; 5.145 ; 5.145 ;
; y[2]       ; h0[5]       ; 5.118 ; 5.118 ; 5.118 ; 5.118 ;
; y[2]       ; h0[6]       ; 5.079 ; 5.079 ; 5.079 ; 5.079 ;
; y[2]       ; h1[0]       ; 6.265 ; 6.265 ; 6.265 ; 6.265 ;
; y[2]       ; h1[1]       ; 6.302 ; 6.302 ; 6.302 ; 6.302 ;
; y[2]       ; h1[2]       ; 6.354 ; 6.354 ; 6.354 ; 6.354 ;
; y[2]       ; h1[3]       ; 6.458 ; 6.458 ; 6.458 ; 6.458 ;
; y[2]       ; h1[4]       ; 6.548 ; 6.548 ; 6.548 ; 6.548 ;
; y[2]       ; h1[5]       ; 6.216 ; 6.216 ; 6.216 ; 6.216 ;
; y[2]       ; h1[6]       ; 6.473 ; 6.473 ; 6.473 ; 6.473 ;
; y[2]       ; h2[6]       ; 5.047 ; 5.047 ; 5.047 ; 5.047 ;
; y[3]       ; Z           ; 4.436 ; 4.436 ; 4.436 ; 4.436 ;
; y[3]       ; h0[0]       ; 4.656 ; 4.656 ; 4.656 ; 4.656 ;
; y[3]       ; h0[1]       ; 5.000 ; 5.000 ; 5.000 ; 5.000 ;
; y[3]       ; h0[2]       ; 4.725 ; 4.725 ; 4.725 ; 4.725 ;
; y[3]       ; h0[3]       ; 4.793 ; 4.793 ; 4.793 ; 4.793 ;
; y[3]       ; h0[4]       ; 4.723 ; 4.723 ; 4.723 ; 4.723 ;
; y[3]       ; h0[5]       ; 4.697 ; 4.697 ; 4.697 ; 4.697 ;
; y[3]       ; h0[6]       ; 4.657 ; 4.657 ; 4.657 ; 4.657 ;
; y[3]       ; h1[0]       ; 5.748 ; 5.748 ; 5.748 ; 5.748 ;
; y[3]       ; h1[1]       ; 5.785 ; 5.785 ; 5.785 ; 5.785 ;
; y[3]       ; h1[2]       ; 5.837 ; 5.837 ; 5.837 ; 5.837 ;
; y[3]       ; h1[3]       ; 5.941 ; 5.941 ; 5.941 ; 5.941 ;
; y[3]       ; h1[4]       ; 6.031 ; 6.031 ; 6.031 ; 6.031 ;
; y[3]       ; h1[5]       ; 5.699 ; 5.699 ; 5.699 ; 5.699 ;
; y[3]       ; h1[6]       ; 5.956 ; 5.956 ; 5.956 ; 5.956 ;
; y[3]       ; h2[6]       ; 4.265 ; 4.265 ; 4.265 ; 4.265 ;
+------------+-------------+-------+-------+-------+-------+


+----------------------------------------------------------------------------+
; Multicorner Timing Analysis Summary                                        ;
+------------------+-------+------+----------+---------+---------------------+
; Clock            ; Setup ; Hold ; Recovery ; Removal ; Minimum Pulse Width ;
+------------------+-------+------+----------+---------+---------------------+
; Worst-case Slack ; N/A   ; N/A  ; N/A      ; N/A     ; N/A                 ;
; Design-wide TNS  ; 0.0   ; 0.0  ; 0.0      ; 0.0     ; 0.0                 ;
+------------------+-------+------+----------+---------+---------------------+


+--------------------------------------------------------------+
; Progagation Delay                                            ;
+------------+-------------+--------+--------+--------+--------+
; Input Port ; Output Port ; RR     ; RF     ; FR     ; FF     ;
+------------+-------------+--------+--------+--------+--------+
; sel[0]     ; Z           ; 11.088 ; 11.088 ; 11.088 ; 11.088 ;
; sel[0]     ; h0[0]       ; 22.582 ; 22.582 ; 22.582 ; 22.582 ;
; sel[0]     ; h0[1]       ; 22.893 ; 22.893 ; 22.893 ; 22.893 ;
; sel[0]     ; h0[2]       ; 22.731 ; 22.731 ; 22.731 ; 22.731 ;
; sel[0]     ; h0[3]       ; 22.673 ; 22.673 ; 22.673 ; 22.673 ;
; sel[0]     ; h0[4]       ; 22.650 ; 22.650 ; 22.650 ; 22.650 ;
; sel[0]     ; h0[5]       ; 22.668 ; 22.668 ; 22.668 ; 22.668 ;
; sel[0]     ; h0[6]       ; 22.640 ; 22.640 ; 22.640 ; 22.640 ;
; sel[0]     ; h1[0]       ; 22.691 ; 22.691 ; 22.691 ; 22.691 ;
; sel[0]     ; h1[1]       ; 22.817 ; 22.817 ; 22.817 ; 22.817 ;
; sel[0]     ; h1[2]       ; 23.145 ; 23.145 ; 23.145 ; 23.145 ;
; sel[0]     ; h1[3]       ; 23.402 ; 23.402 ; 23.402 ; 23.402 ;
; sel[0]     ; h1[4]       ; 23.500 ; 23.500 ; 23.500 ; 23.500 ;
; sel[0]     ; h1[5]       ; 22.740 ; 22.740 ; 22.740 ; 22.740 ;
; sel[0]     ; h1[6]       ; 23.396 ; 23.396 ; 23.396 ; 23.396 ;
; sel[0]     ; h2[6]       ; 9.583  ; 9.583  ; 9.583  ; 9.583  ;
; sel[1]     ; Z           ; 10.742 ; 10.742 ; 10.742 ; 10.742 ;
; sel[1]     ; h0[0]       ; 22.156 ; 22.156 ; 22.156 ; 22.156 ;
; sel[1]     ; h0[1]       ; 22.467 ; 22.467 ; 22.467 ; 22.467 ;
; sel[1]     ; h0[2]       ; 22.305 ; 22.305 ; 22.305 ; 22.305 ;
; sel[1]     ; h0[3]       ; 22.247 ; 22.247 ; 22.247 ; 22.247 ;
; sel[1]     ; h0[4]       ; 22.224 ; 22.224 ; 22.224 ; 22.224 ;
; sel[1]     ; h0[5]       ; 22.242 ; 22.242 ; 22.242 ; 22.242 ;
; sel[1]     ; h0[6]       ; 22.214 ; 22.214 ; 22.214 ; 22.214 ;
; sel[1]     ; h1[0]       ; 22.265 ; 22.265 ; 22.265 ; 22.265 ;
; sel[1]     ; h1[1]       ; 22.391 ; 22.391 ; 22.391 ; 22.391 ;
; sel[1]     ; h1[2]       ; 22.719 ; 22.719 ; 22.719 ; 22.719 ;
; sel[1]     ; h1[3]       ; 22.976 ; 22.976 ; 22.976 ; 22.976 ;
; sel[1]     ; h1[4]       ; 23.074 ; 23.074 ; 23.074 ; 23.074 ;
; sel[1]     ; h1[5]       ; 22.314 ; 22.314 ; 22.314 ; 22.314 ;
; sel[1]     ; h1[6]       ; 22.970 ; 22.970 ; 22.970 ; 22.970 ;
; sel[1]     ; h2[6]       ; 9.097  ; 9.097  ; 9.097  ; 9.097  ;
; sel[2]     ; Z           ; 9.808  ; 9.808  ; 9.808  ; 9.808  ;
; sel[2]     ; h0[0]       ; 22.250 ; 22.250 ; 22.250 ; 22.250 ;
; sel[2]     ; h0[1]       ; 22.561 ; 22.561 ; 22.561 ; 22.561 ;
; sel[2]     ; h0[2]       ; 22.399 ; 22.399 ; 22.399 ; 22.399 ;
; sel[2]     ; h0[3]       ; 22.341 ; 22.341 ; 22.341 ; 22.341 ;
; sel[2]     ; h0[4]       ; 22.318 ; 22.318 ; 22.318 ; 22.318 ;
; sel[2]     ; h0[5]       ; 22.336 ; 22.336 ; 22.336 ; 22.336 ;
; sel[2]     ; h0[6]       ; 22.308 ; 22.308 ; 22.308 ; 22.308 ;
; sel[2]     ; h1[0]       ; 22.359 ; 22.359 ; 22.359 ; 22.359 ;
; sel[2]     ; h1[1]       ; 22.485 ; 22.485 ; 22.485 ; 22.485 ;
; sel[2]     ; h1[2]       ; 22.813 ; 22.813 ; 22.813 ; 22.813 ;
; sel[2]     ; h1[3]       ; 23.070 ; 23.070 ; 23.070 ; 23.070 ;
; sel[2]     ; h1[4]       ; 23.168 ; 23.168 ; 23.168 ; 23.168 ;
; sel[2]     ; h1[5]       ; 22.408 ; 22.408 ; 22.408 ; 22.408 ;
; sel[2]     ; h1[6]       ; 23.064 ; 23.064 ; 23.064 ; 23.064 ;
; sel[2]     ; h2[6]       ; 8.533  ;        ;        ; 8.533  ;
; x[0]       ; Z           ; 12.171 ; 12.171 ; 12.171 ; 12.171 ;
; x[0]       ; h0[0]       ; 23.580 ; 23.580 ; 23.580 ; 23.580 ;
; x[0]       ; h0[1]       ; 23.891 ; 23.891 ; 23.891 ; 23.891 ;
; x[0]       ; h0[2]       ; 23.729 ; 23.729 ; 23.729 ; 23.729 ;
; x[0]       ; h0[3]       ; 23.671 ; 23.671 ; 23.671 ; 23.671 ;
; x[0]       ; h0[4]       ; 23.648 ; 23.648 ; 23.648 ; 23.648 ;
; x[0]       ; h0[5]       ; 23.666 ; 23.666 ; 23.666 ; 23.666 ;
; x[0]       ; h0[6]       ; 23.638 ; 23.638 ; 23.638 ; 23.638 ;
; x[0]       ; h1[0]       ; 23.689 ; 23.689 ; 23.689 ; 23.689 ;
; x[0]       ; h1[1]       ; 23.815 ; 23.815 ; 23.815 ; 23.815 ;
; x[0]       ; h1[2]       ; 24.143 ; 24.143 ; 24.143 ; 24.143 ;
; x[0]       ; h1[3]       ; 24.400 ; 24.400 ; 24.400 ; 24.400 ;
; x[0]       ; h1[4]       ; 24.498 ; 24.498 ; 24.498 ; 24.498 ;
; x[0]       ; h1[5]       ; 23.738 ; 23.738 ; 23.738 ; 23.738 ;
; x[0]       ; h1[6]       ; 24.394 ; 24.394 ; 24.394 ; 24.394 ;
; x[0]       ; h2[6]       ; 10.262 ; 10.262 ; 10.262 ; 10.262 ;
; x[1]       ; Z           ; 12.715 ; 12.715 ; 12.715 ; 12.715 ;
; x[1]       ; h0[0]       ; 24.066 ; 24.066 ; 24.066 ; 24.066 ;
; x[1]       ; h0[1]       ; 24.377 ; 24.377 ; 24.377 ; 24.377 ;
; x[1]       ; h0[2]       ; 24.215 ; 24.215 ; 24.215 ; 24.215 ;
; x[1]       ; h0[3]       ; 24.157 ; 24.157 ; 24.157 ; 24.157 ;
; x[1]       ; h0[4]       ; 24.134 ; 24.134 ; 24.134 ; 24.134 ;
; x[1]       ; h0[5]       ; 24.152 ; 24.152 ; 24.152 ; 24.152 ;
; x[1]       ; h0[6]       ; 24.124 ; 24.124 ; 24.124 ; 24.124 ;
; x[1]       ; h1[0]       ; 24.175 ; 24.175 ; 24.175 ; 24.175 ;
; x[1]       ; h1[1]       ; 24.301 ; 24.301 ; 24.301 ; 24.301 ;
; x[1]       ; h1[2]       ; 24.629 ; 24.629 ; 24.629 ; 24.629 ;
; x[1]       ; h1[3]       ; 24.886 ; 24.886 ; 24.886 ; 24.886 ;
; x[1]       ; h1[4]       ; 24.984 ; 24.984 ; 24.984 ; 24.984 ;
; x[1]       ; h1[5]       ; 24.224 ; 24.224 ; 24.224 ; 24.224 ;
; x[1]       ; h1[6]       ; 24.880 ; 24.880 ; 24.880 ; 24.880 ;
; x[1]       ; h2[6]       ; 10.961 ; 10.961 ; 10.961 ; 10.961 ;
; x[2]       ; Z           ; 12.793 ; 12.793 ; 12.793 ; 12.793 ;
; x[2]       ; h0[0]       ; 24.144 ; 24.144 ; 24.144 ; 24.144 ;
; x[2]       ; h0[1]       ; 24.455 ; 24.455 ; 24.455 ; 24.455 ;
; x[2]       ; h0[2]       ; 24.293 ; 24.293 ; 24.293 ; 24.293 ;
; x[2]       ; h0[3]       ; 24.235 ; 24.235 ; 24.235 ; 24.235 ;
; x[2]       ; h0[4]       ; 24.212 ; 24.212 ; 24.212 ; 24.212 ;
; x[2]       ; h0[5]       ; 24.230 ; 24.230 ; 24.230 ; 24.230 ;
; x[2]       ; h0[6]       ; 24.202 ; 24.202 ; 24.202 ; 24.202 ;
; x[2]       ; h1[0]       ; 24.253 ; 24.253 ; 24.253 ; 24.253 ;
; x[2]       ; h1[1]       ; 24.379 ; 24.379 ; 24.379 ; 24.379 ;
; x[2]       ; h1[2]       ; 24.707 ; 24.707 ; 24.707 ; 24.707 ;
; x[2]       ; h1[3]       ; 24.964 ; 24.964 ; 24.964 ; 24.964 ;
; x[2]       ; h1[4]       ; 25.062 ; 25.062 ; 25.062 ; 25.062 ;
; x[2]       ; h1[5]       ; 24.302 ; 24.302 ; 24.302 ; 24.302 ;
; x[2]       ; h1[6]       ; 24.958 ; 24.958 ; 24.958 ; 24.958 ;
; x[2]       ; h2[6]       ; 11.039 ; 11.039 ; 11.039 ; 11.039 ;
; x[3]       ; Z           ; 12.770 ; 12.770 ; 12.770 ; 12.770 ;
; x[3]       ; h0[0]       ; 24.139 ; 24.139 ; 24.139 ; 24.139 ;
; x[3]       ; h0[1]       ; 24.450 ; 24.450 ; 24.450 ; 24.450 ;
; x[3]       ; h0[2]       ; 24.288 ; 24.288 ; 24.288 ; 24.288 ;
; x[3]       ; h0[3]       ; 24.230 ; 24.230 ; 24.230 ; 24.230 ;
; x[3]       ; h0[4]       ; 24.207 ; 24.207 ; 24.207 ; 24.207 ;
; x[3]       ; h0[5]       ; 24.225 ; 24.225 ; 24.225 ; 24.225 ;
; x[3]       ; h0[6]       ; 24.197 ; 24.197 ; 24.197 ; 24.197 ;
; x[3]       ; h1[0]       ; 24.248 ; 24.248 ; 24.248 ; 24.248 ;
; x[3]       ; h1[1]       ; 24.374 ; 24.374 ; 24.374 ; 24.374 ;
; x[3]       ; h1[2]       ; 24.702 ; 24.702 ; 24.702 ; 24.702 ;
; x[3]       ; h1[3]       ; 24.959 ; 24.959 ; 24.959 ; 24.959 ;
; x[3]       ; h1[4]       ; 25.057 ; 25.057 ; 25.057 ; 25.057 ;
; x[3]       ; h1[5]       ; 24.297 ; 24.297 ; 24.297 ; 24.297 ;
; x[3]       ; h1[6]       ; 24.953 ; 24.953 ; 24.953 ; 24.953 ;
; x[3]       ; h2[6]       ; 11.217 ; 11.217 ; 11.217 ; 11.217 ;
; y[0]       ; Z           ; 13.527 ; 13.527 ; 13.527 ; 13.527 ;
; y[0]       ; h0[0]       ; 24.936 ; 24.936 ; 24.936 ; 24.936 ;
; y[0]       ; h0[1]       ; 25.247 ; 25.247 ; 25.247 ; 25.247 ;
; y[0]       ; h0[2]       ; 25.085 ; 25.085 ; 25.085 ; 25.085 ;
; y[0]       ; h0[3]       ; 25.027 ; 25.027 ; 25.027 ; 25.027 ;
; y[0]       ; h0[4]       ; 25.004 ; 25.004 ; 25.004 ; 25.004 ;
; y[0]       ; h0[5]       ; 25.022 ; 25.022 ; 25.022 ; 25.022 ;
; y[0]       ; h0[6]       ; 24.994 ; 24.994 ; 24.994 ; 24.994 ;
; y[0]       ; h1[0]       ; 25.045 ; 25.045 ; 25.045 ; 25.045 ;
; y[0]       ; h1[1]       ; 25.171 ; 25.171 ; 25.171 ; 25.171 ;
; y[0]       ; h1[2]       ; 25.499 ; 25.499 ; 25.499 ; 25.499 ;
; y[0]       ; h1[3]       ; 25.756 ; 25.756 ; 25.756 ; 25.756 ;
; y[0]       ; h1[4]       ; 25.854 ; 25.854 ; 25.854 ; 25.854 ;
; y[0]       ; h1[5]       ; 25.094 ; 25.094 ; 25.094 ; 25.094 ;
; y[0]       ; h1[6]       ; 25.750 ; 25.750 ; 25.750 ; 25.750 ;
; y[0]       ; h2[6]       ; 11.643 ; 11.643 ; 11.643 ; 11.643 ;
; y[1]       ; Z           ; 13.776 ; 13.776 ; 13.776 ; 13.776 ;
; y[1]       ; h0[0]       ; 25.185 ; 25.185 ; 25.185 ; 25.185 ;
; y[1]       ; h0[1]       ; 25.496 ; 25.496 ; 25.496 ; 25.496 ;
; y[1]       ; h0[2]       ; 25.334 ; 25.334 ; 25.334 ; 25.334 ;
; y[1]       ; h0[3]       ; 25.276 ; 25.276 ; 25.276 ; 25.276 ;
; y[1]       ; h0[4]       ; 25.253 ; 25.253 ; 25.253 ; 25.253 ;
; y[1]       ; h0[5]       ; 25.271 ; 25.271 ; 25.271 ; 25.271 ;
; y[1]       ; h0[6]       ; 25.243 ; 25.243 ; 25.243 ; 25.243 ;
; y[1]       ; h1[0]       ; 25.294 ; 25.294 ; 25.294 ; 25.294 ;
; y[1]       ; h1[1]       ; 25.420 ; 25.420 ; 25.420 ; 25.420 ;
; y[1]       ; h1[2]       ; 25.748 ; 25.748 ; 25.748 ; 25.748 ;
; y[1]       ; h1[3]       ; 26.005 ; 26.005 ; 26.005 ; 26.005 ;
; y[1]       ; h1[4]       ; 26.103 ; 26.103 ; 26.103 ; 26.103 ;
; y[1]       ; h1[5]       ; 25.343 ; 25.343 ; 25.343 ; 25.343 ;
; y[1]       ; h1[6]       ; 25.999 ; 25.999 ; 25.999 ; 25.999 ;
; y[1]       ; h2[6]       ; 11.668 ; 11.668 ; 11.668 ; 11.668 ;
; y[2]       ; Z           ; 13.233 ; 13.233 ; 13.233 ; 13.233 ;
; y[2]       ; h0[0]       ; 24.584 ; 24.584 ; 24.584 ; 24.584 ;
; y[2]       ; h0[1]       ; 24.895 ; 24.895 ; 24.895 ; 24.895 ;
; y[2]       ; h0[2]       ; 24.733 ; 24.733 ; 24.733 ; 24.733 ;
; y[2]       ; h0[3]       ; 24.675 ; 24.675 ; 24.675 ; 24.675 ;
; y[2]       ; h0[4]       ; 24.652 ; 24.652 ; 24.652 ; 24.652 ;
; y[2]       ; h0[5]       ; 24.670 ; 24.670 ; 24.670 ; 24.670 ;
; y[2]       ; h0[6]       ; 24.642 ; 24.642 ; 24.642 ; 24.642 ;
; y[2]       ; h1[0]       ; 24.693 ; 24.693 ; 24.693 ; 24.693 ;
; y[2]       ; h1[1]       ; 24.819 ; 24.819 ; 24.819 ; 24.819 ;
; y[2]       ; h1[2]       ; 25.147 ; 25.147 ; 25.147 ; 25.147 ;
; y[2]       ; h1[3]       ; 25.404 ; 25.404 ; 25.404 ; 25.404 ;
; y[2]       ; h1[4]       ; 25.502 ; 25.502 ; 25.502 ; 25.502 ;
; y[2]       ; h1[5]       ; 24.742 ; 24.742 ; 24.742 ; 24.742 ;
; y[2]       ; h1[6]       ; 25.398 ; 25.398 ; 25.398 ; 25.398 ;
; y[2]       ; h2[6]       ; 11.315 ; 11.315 ; 11.315 ; 11.315 ;
; y[3]       ; Z           ; 12.299 ; 12.299 ; 12.299 ; 12.299 ;
; y[3]       ; h0[0]       ; 23.650 ; 23.650 ; 23.650 ; 23.650 ;
; y[3]       ; h0[1]       ; 23.961 ; 23.961 ; 23.961 ; 23.961 ;
; y[3]       ; h0[2]       ; 23.799 ; 23.799 ; 23.799 ; 23.799 ;
; y[3]       ; h0[3]       ; 23.741 ; 23.741 ; 23.741 ; 23.741 ;
; y[3]       ; h0[4]       ; 23.718 ; 23.718 ; 23.718 ; 23.718 ;
; y[3]       ; h0[5]       ; 23.736 ; 23.736 ; 23.736 ; 23.736 ;
; y[3]       ; h0[6]       ; 23.708 ; 23.708 ; 23.708 ; 23.708 ;
; y[3]       ; h1[0]       ; 23.759 ; 23.759 ; 23.759 ; 23.759 ;
; y[3]       ; h1[1]       ; 23.885 ; 23.885 ; 23.885 ; 23.885 ;
; y[3]       ; h1[2]       ; 24.213 ; 24.213 ; 24.213 ; 24.213 ;
; y[3]       ; h1[3]       ; 24.470 ; 24.470 ; 24.470 ; 24.470 ;
; y[3]       ; h1[4]       ; 24.568 ; 24.568 ; 24.568 ; 24.568 ;
; y[3]       ; h1[5]       ; 23.808 ; 23.808 ; 23.808 ; 23.808 ;
; y[3]       ; h1[6]       ; 24.464 ; 24.464 ; 24.464 ; 24.464 ;
; y[3]       ; h2[6]       ; 10.326 ; 10.326 ; 10.326 ; 10.326 ;
+------------+-------------+--------+--------+--------+--------+


+----------------------------------------------------------+
; Minimum Progagation Delay                                ;
+------------+-------------+-------+-------+-------+-------+
; Input Port ; Output Port ; RR    ; RF    ; FR    ; FF    ;
+------------+-------------+-------+-------+-------+-------+
; sel[0]     ; Z           ; 4.764 ; 4.923 ; 4.923 ; 4.764 ;
; sel[0]     ; h0[0]       ; 5.083 ; 5.083 ; 5.083 ; 5.083 ;
; sel[0]     ; h0[1]       ; 5.426 ; 5.426 ; 5.426 ; 5.426 ;
; sel[0]     ; h0[2]       ; 5.144 ; 5.144 ; 5.144 ; 5.144 ;
; sel[0]     ; h0[3]       ; 5.217 ; 5.217 ; 5.217 ; 5.217 ;
; sel[0]     ; h0[4]       ; 5.148 ; 5.148 ; 5.148 ; 5.148 ;
; sel[0]     ; h0[5]       ; 5.123 ; 5.123 ; 5.123 ; 5.123 ;
; sel[0]     ; h0[6]       ; 5.083 ; 5.083 ; 5.083 ; 5.083 ;
; sel[0]     ; h1[0]       ; 6.177 ; 6.177 ; 6.177 ; 6.177 ;
; sel[0]     ; h1[1]       ; 6.214 ; 6.214 ; 6.214 ; 6.214 ;
; sel[0]     ; h1[2]       ; 6.266 ; 6.266 ; 6.266 ; 6.266 ;
; sel[0]     ; h1[3]       ; 6.370 ; 6.370 ; 6.370 ; 6.370 ;
; sel[0]     ; h1[4]       ; 6.460 ; 6.460 ; 6.460 ; 6.460 ;
; sel[0]     ; h1[5]       ; 6.128 ; 6.128 ; 6.128 ; 6.128 ;
; sel[0]     ; h1[6]       ; 6.385 ; 6.385 ; 6.385 ; 6.385 ;
; sel[0]     ; h2[6]       ; 4.678 ; 4.752 ; 4.752 ; 4.678 ;
; sel[1]     ; Z           ; 4.793 ; 4.496 ; 4.496 ; 4.793 ;
; sel[1]     ; h0[0]       ; 4.971 ; 4.971 ; 4.971 ; 4.971 ;
; sel[1]     ; h0[1]       ; 5.314 ; 5.314 ; 5.314 ; 5.314 ;
; sel[1]     ; h0[2]       ; 5.032 ; 5.032 ; 5.032 ; 5.032 ;
; sel[1]     ; h0[3]       ; 5.105 ; 5.105 ; 5.105 ; 5.105 ;
; sel[1]     ; h0[4]       ; 5.036 ; 5.036 ; 5.036 ; 5.036 ;
; sel[1]     ; h0[5]       ; 5.011 ; 5.011 ; 5.011 ; 5.011 ;
; sel[1]     ; h0[6]       ; 4.971 ; 4.971 ; 4.971 ; 4.971 ;
; sel[1]     ; h1[0]       ; 5.909 ; 5.909 ; 5.909 ; 5.909 ;
; sel[1]     ; h1[1]       ; 5.946 ; 5.946 ; 5.946 ; 5.946 ;
; sel[1]     ; h1[2]       ; 5.998 ; 5.998 ; 5.998 ; 5.998 ;
; sel[1]     ; h1[3]       ; 6.102 ; 6.102 ; 6.102 ; 6.102 ;
; sel[1]     ; h1[4]       ; 6.192 ; 6.192 ; 6.192 ; 6.192 ;
; sel[1]     ; h1[5]       ; 5.860 ; 5.860 ; 5.860 ; 5.860 ;
; sel[1]     ; h1[6]       ; 6.117 ; 6.117 ; 6.117 ; 6.117 ;
; sel[1]     ; h2[6]       ; 4.622 ; 4.410 ; 4.410 ; 4.622 ;
; sel[2]     ; Z           ; 4.360 ; 4.774 ; 4.774 ; 4.360 ;
; sel[2]     ; h0[0]       ; 4.178 ; 4.178 ; 4.178 ; 4.178 ;
; sel[2]     ; h0[1]       ; 4.219 ; 4.219 ; 4.219 ; 4.219 ;
; sel[2]     ; h0[2]       ; 4.110 ; 4.110 ; 4.110 ; 4.110 ;
; sel[2]     ; h0[3]       ; 4.063 ; 4.063 ; 4.063 ; 4.063 ;
; sel[2]     ; h0[4]       ; 4.165 ; 4.165 ; 4.165 ; 4.165 ;
; sel[2]     ; h0[5]       ; 4.076 ; 4.076 ; 4.076 ; 4.076 ;
; sel[2]     ; h0[6]       ; 4.049 ; 4.049 ; 4.049 ; 4.049 ;
; sel[2]     ; h1[0]       ; 5.773 ; 4.125 ; 4.125 ; 5.773 ;
; sel[2]     ; h1[1]       ; 5.810 ; 4.035 ; 4.035 ; 5.810 ;
; sel[2]     ; h1[2]       ; 5.862 ; 4.217 ; 4.217 ; 5.862 ;
; sel[2]     ; h1[3]       ; 5.966 ; 4.174 ; 4.174 ; 5.966 ;
; sel[2]     ; h1[4]       ; 6.056 ; 4.269 ; 4.269 ; 6.056 ;
; sel[2]     ; h1[5]       ; 5.724 ; 3.940 ; 3.940 ; 5.724 ;
; sel[2]     ; h1[6]       ; 4.207 ; 5.981 ; 5.981 ; 4.207 ;
; sel[2]     ; h2[6]       ; 4.274 ;       ;       ; 4.274 ;
; x[0]       ; Z           ; 4.341 ; 4.341 ; 4.341 ; 4.341 ;
; x[0]       ; h0[0]       ; 4.453 ; 4.453 ; 4.453 ; 4.453 ;
; x[0]       ; h0[1]       ; 4.796 ; 4.796 ; 4.796 ; 4.796 ;
; x[0]       ; h0[2]       ; 4.514 ; 4.514 ; 4.514 ; 4.514 ;
; x[0]       ; h0[3]       ; 4.587 ; 4.587 ; 4.587 ; 4.587 ;
; x[0]       ; h0[4]       ; 4.518 ; 4.518 ; 4.518 ; 4.518 ;
; x[0]       ; h0[5]       ; 4.493 ; 4.493 ; 4.493 ; 4.493 ;
; x[0]       ; h0[6]       ; 4.453 ; 4.453 ; 4.453 ; 4.453 ;
; x[0]       ; h1[0]       ; 5.946 ; 5.946 ; 5.946 ; 5.946 ;
; x[0]       ; h1[1]       ; 5.983 ; 5.983 ; 5.983 ; 5.983 ;
; x[0]       ; h1[2]       ; 6.035 ; 6.035 ; 6.035 ; 6.035 ;
; x[0]       ; h1[3]       ; 6.139 ; 6.139 ; 6.139 ; 6.139 ;
; x[0]       ; h1[4]       ; 6.229 ; 6.229 ; 6.229 ; 6.229 ;
; x[0]       ; h1[5]       ; 5.897 ; 5.897 ; 5.897 ; 5.897 ;
; x[0]       ; h1[6]       ; 6.154 ; 6.154 ; 6.154 ; 6.154 ;
; x[0]       ; h2[6]       ; 4.574 ; 4.574 ; 4.574 ; 4.574 ;
; x[1]       ; Z           ; 4.514 ; 4.514 ; 4.514 ; 4.514 ;
; x[1]       ; h0[0]       ; 4.623 ; 4.623 ; 4.623 ; 4.623 ;
; x[1]       ; h0[1]       ; 4.966 ; 4.966 ; 4.966 ; 4.966 ;
; x[1]       ; h0[2]       ; 4.688 ; 4.688 ; 4.688 ; 4.688 ;
; x[1]       ; h0[3]       ; 4.758 ; 4.758 ; 4.758 ; 4.758 ;
; x[1]       ; h0[4]       ; 4.689 ; 4.689 ; 4.689 ; 4.689 ;
; x[1]       ; h0[5]       ; 4.662 ; 4.662 ; 4.662 ; 4.662 ;
; x[1]       ; h0[6]       ; 4.623 ; 4.623 ; 4.623 ; 4.623 ;
; x[1]       ; h1[0]       ; 5.758 ; 5.758 ; 5.758 ; 5.758 ;
; x[1]       ; h1[1]       ; 5.795 ; 5.795 ; 5.795 ; 5.795 ;
; x[1]       ; h1[2]       ; 5.847 ; 5.847 ; 5.847 ; 5.847 ;
; x[1]       ; h1[3]       ; 5.951 ; 5.951 ; 5.951 ; 5.951 ;
; x[1]       ; h1[4]       ; 6.041 ; 6.041 ; 6.041 ; 6.041 ;
; x[1]       ; h1[5]       ; 5.709 ; 5.709 ; 5.709 ; 5.709 ;
; x[1]       ; h1[6]       ; 5.966 ; 5.966 ; 5.966 ; 5.966 ;
; x[1]       ; h2[6]       ; 4.367 ; 4.367 ; 4.367 ; 4.367 ;
; x[2]       ; Z           ; 4.553 ; 4.553 ; 4.553 ; 4.553 ;
; x[2]       ; h0[0]       ; 4.670 ; 4.670 ; 4.670 ; 4.670 ;
; x[2]       ; h0[1]       ; 5.013 ; 5.013 ; 5.013 ; 5.013 ;
; x[2]       ; h0[2]       ; 4.735 ; 4.735 ; 4.735 ; 4.735 ;
; x[2]       ; h0[3]       ; 4.805 ; 4.805 ; 4.805 ; 4.805 ;
; x[2]       ; h0[4]       ; 4.736 ; 4.736 ; 4.736 ; 4.736 ;
; x[2]       ; h0[5]       ; 4.709 ; 4.709 ; 4.709 ; 4.709 ;
; x[2]       ; h0[6]       ; 4.670 ; 4.670 ; 4.670 ; 4.670 ;
; x[2]       ; h1[0]       ; 5.856 ; 5.856 ; 5.856 ; 5.856 ;
; x[2]       ; h1[1]       ; 5.893 ; 5.893 ; 5.893 ; 5.893 ;
; x[2]       ; h1[2]       ; 5.945 ; 5.945 ; 5.945 ; 5.945 ;
; x[2]       ; h1[3]       ; 6.049 ; 6.049 ; 6.049 ; 6.049 ;
; x[2]       ; h1[4]       ; 6.139 ; 6.139 ; 6.139 ; 6.139 ;
; x[2]       ; h1[5]       ; 5.807 ; 5.807 ; 5.807 ; 5.807 ;
; x[2]       ; h1[6]       ; 6.064 ; 6.064 ; 6.064 ; 6.064 ;
; x[2]       ; h2[6]       ; 4.382 ; 4.382 ; 4.382 ; 4.382 ;
; x[3]       ; Z           ; 5.208 ; 5.208 ; 5.208 ; 5.208 ;
; x[3]       ; h0[0]       ; 5.426 ; 5.426 ; 5.426 ; 5.426 ;
; x[3]       ; h0[1]       ; 5.770 ; 5.770 ; 5.770 ; 5.770 ;
; x[3]       ; h0[2]       ; 5.495 ; 5.495 ; 5.495 ; 5.495 ;
; x[3]       ; h0[3]       ; 5.563 ; 5.563 ; 5.563 ; 5.563 ;
; x[3]       ; h0[4]       ; 5.493 ; 5.493 ; 5.493 ; 5.493 ;
; x[3]       ; h0[5]       ; 5.467 ; 5.467 ; 5.467 ; 5.467 ;
; x[3]       ; h0[6]       ; 5.427 ; 5.427 ; 5.427 ; 5.427 ;
; x[3]       ; h1[0]       ; 6.518 ; 6.518 ; 6.518 ; 6.518 ;
; x[3]       ; h1[1]       ; 6.555 ; 6.555 ; 6.555 ; 6.555 ;
; x[3]       ; h1[2]       ; 6.607 ; 6.607 ; 6.607 ; 6.607 ;
; x[3]       ; h1[3]       ; 6.711 ; 6.711 ; 6.711 ; 6.711 ;
; x[3]       ; h1[4]       ; 6.801 ; 6.801 ; 6.801 ; 6.801 ;
; x[3]       ; h1[5]       ; 6.469 ; 6.469 ; 6.469 ; 6.469 ;
; x[3]       ; h1[6]       ; 6.726 ; 6.726 ; 6.726 ; 6.726 ;
; x[3]       ; h2[6]       ; 5.037 ; 5.037 ; 5.037 ; 5.037 ;
; y[0]       ; Z           ; 5.229 ; 4.931 ; 4.931 ; 5.229 ;
; y[0]       ; h0[0]       ; 5.043 ; 5.043 ; 5.043 ; 5.043 ;
; y[0]       ; h0[1]       ; 5.386 ; 5.386 ; 5.386 ; 5.386 ;
; y[0]       ; h0[2]       ; 5.402 ; 5.104 ; 5.104 ; 5.402 ;
; y[0]       ; h0[3]       ; 5.177 ; 5.177 ; 5.177 ; 5.177 ;
; y[0]       ; h0[4]       ; 5.108 ; 5.406 ; 5.406 ; 5.108 ;
; y[0]       ; h0[5]       ; 5.083 ; 5.381 ; 5.381 ; 5.083 ;
; y[0]       ; h0[6]       ; 5.043 ; 5.043 ; 5.043 ; 5.043 ;
; y[0]       ; h1[0]       ; 6.641 ; 6.641 ; 6.641 ; 6.641 ;
; y[0]       ; h1[1]       ; 6.678 ; 6.678 ; 6.678 ; 6.678 ;
; y[0]       ; h1[2]       ; 6.730 ; 6.730 ; 6.730 ; 6.730 ;
; y[0]       ; h1[3]       ; 6.834 ; 6.834 ; 6.834 ; 6.834 ;
; y[0]       ; h1[4]       ; 6.924 ; 6.924 ; 6.924 ; 6.924 ;
; y[0]       ; h1[5]       ; 6.592 ; 6.592 ; 6.592 ; 6.592 ;
; y[0]       ; h1[6]       ; 6.849 ; 6.849 ; 6.849 ; 6.849 ;
; y[0]       ; h2[6]       ; 5.239 ; 5.239 ; 5.239 ; 5.239 ;
; y[1]       ; Z           ; 4.955 ; 4.955 ; 4.955 ; 4.955 ;
; y[1]       ; h0[0]       ; 5.299 ; 5.299 ; 5.299 ; 5.299 ;
; y[1]       ; h0[1]       ; 5.642 ; 5.642 ; 5.642 ; 5.642 ;
; y[1]       ; h0[2]       ; 5.366 ; 5.366 ; 5.366 ; 5.366 ;
; y[1]       ; h0[3]       ; 5.430 ; 5.430 ; 5.430 ; 5.430 ;
; y[1]       ; h0[4]       ; 5.363 ; 5.363 ; 5.363 ; 5.363 ;
; y[1]       ; h0[5]       ; 5.338 ; 5.338 ; 5.338 ; 5.338 ;
; y[1]       ; h0[6]       ; 5.299 ; 5.299 ; 5.299 ; 5.299 ;
; y[1]       ; h1[0]       ; 6.421 ; 6.421 ; 6.421 ; 6.421 ;
; y[1]       ; h1[1]       ; 6.458 ; 6.458 ; 6.458 ; 6.458 ;
; y[1]       ; h1[2]       ; 6.510 ; 6.510 ; 6.510 ; 6.510 ;
; y[1]       ; h1[3]       ; 6.614 ; 6.614 ; 6.614 ; 6.614 ;
; y[1]       ; h1[4]       ; 6.704 ; 6.704 ; 6.704 ; 6.704 ;
; y[1]       ; h1[5]       ; 6.372 ; 6.372 ; 6.372 ; 6.372 ;
; y[1]       ; h1[6]       ; 6.629 ; 6.629 ; 6.629 ; 6.629 ;
; y[1]       ; h2[6]       ; 5.001 ; 5.059 ; 5.059 ; 5.001 ;
; y[2]       ; Z           ; 4.970 ; 4.970 ; 4.970 ; 4.970 ;
; y[2]       ; h0[0]       ; 5.079 ; 5.079 ; 5.079 ; 5.079 ;
; y[2]       ; h0[1]       ; 5.422 ; 5.422 ; 5.422 ; 5.422 ;
; y[2]       ; h0[2]       ; 5.144 ; 5.144 ; 5.144 ; 5.144 ;
; y[2]       ; h0[3]       ; 5.214 ; 5.214 ; 5.214 ; 5.214 ;
; y[2]       ; h0[4]       ; 5.145 ; 5.145 ; 5.145 ; 5.145 ;
; y[2]       ; h0[5]       ; 5.118 ; 5.118 ; 5.118 ; 5.118 ;
; y[2]       ; h0[6]       ; 5.079 ; 5.079 ; 5.079 ; 5.079 ;
; y[2]       ; h1[0]       ; 6.265 ; 6.265 ; 6.265 ; 6.265 ;
; y[2]       ; h1[1]       ; 6.302 ; 6.302 ; 6.302 ; 6.302 ;
; y[2]       ; h1[2]       ; 6.354 ; 6.354 ; 6.354 ; 6.354 ;
; y[2]       ; h1[3]       ; 6.458 ; 6.458 ; 6.458 ; 6.458 ;
; y[2]       ; h1[4]       ; 6.548 ; 6.548 ; 6.548 ; 6.548 ;
; y[2]       ; h1[5]       ; 6.216 ; 6.216 ; 6.216 ; 6.216 ;
; y[2]       ; h1[6]       ; 6.473 ; 6.473 ; 6.473 ; 6.473 ;
; y[2]       ; h2[6]       ; 5.047 ; 5.047 ; 5.047 ; 5.047 ;
; y[3]       ; Z           ; 4.436 ; 4.436 ; 4.436 ; 4.436 ;
; y[3]       ; h0[0]       ; 4.656 ; 4.656 ; 4.656 ; 4.656 ;
; y[3]       ; h0[1]       ; 5.000 ; 5.000 ; 5.000 ; 5.000 ;
; y[3]       ; h0[2]       ; 4.725 ; 4.725 ; 4.725 ; 4.725 ;
; y[3]       ; h0[3]       ; 4.793 ; 4.793 ; 4.793 ; 4.793 ;
; y[3]       ; h0[4]       ; 4.723 ; 4.723 ; 4.723 ; 4.723 ;
; y[3]       ; h0[5]       ; 4.697 ; 4.697 ; 4.697 ; 4.697 ;
; y[3]       ; h0[6]       ; 4.657 ; 4.657 ; 4.657 ; 4.657 ;
; y[3]       ; h1[0]       ; 5.748 ; 5.748 ; 5.748 ; 5.748 ;
; y[3]       ; h1[1]       ; 5.785 ; 5.785 ; 5.785 ; 5.785 ;
; y[3]       ; h1[2]       ; 5.837 ; 5.837 ; 5.837 ; 5.837 ;
; y[3]       ; h1[3]       ; 5.941 ; 5.941 ; 5.941 ; 5.941 ;
; y[3]       ; h1[4]       ; 6.031 ; 6.031 ; 6.031 ; 6.031 ;
; y[3]       ; h1[5]       ; 5.699 ; 5.699 ; 5.699 ; 5.699 ;
; y[3]       ; h1[6]       ; 5.956 ; 5.956 ; 5.956 ; 5.956 ;
; y[3]       ; h2[6]       ; 4.265 ; 4.265 ; 4.265 ; 4.265 ;
+------------+-------------+-------+-------+-------+-------+


-------------------
; Clock Transfers ;
-------------------
Nothing to report.


---------------
; Report TCCS ;
---------------
No dedicated SERDES Transmitter circuitry present in device or used in design


---------------
; Report RSKM ;
---------------
No dedicated SERDES Receiver circuitry present in device or used in design


+------------------------------------------------+
; Unconstrained Paths                            ;
+---------------------------------+-------+------+
; Property                        ; Setup ; Hold ;
+---------------------------------+-------+------+
; Illegal Clocks                  ; 0     ; 0    ;
; Unconstrained Clocks            ; 0     ; 0    ;
; Unconstrained Input Ports       ; 11    ; 11   ;
; Unconstrained Input Port Paths  ; 176   ; 176  ;
; Unconstrained Output Ports      ; 16    ; 16   ;
; Unconstrained Output Port Paths ; 176   ; 176  ;
+---------------------------------+-------+------+


+------------------------------------+
; TimeQuest Timing Analyzer Messages ;
+------------------------------------+
Info: *******************************************************************
Info: Running Quartus II 64-Bit TimeQuest Timing Analyzer
    Info: Version 13.0.1 Build 232 06/12/2013 Service Pack 1 SJ Full Version
    Info: Processing started: Thu Mar 31 11:51:56 2016
Info: Command: quartus_sta lab7 -c lab7
Info: qsta_default_script.tcl version: #1
Info (11104): Parallel Compilation has detected 8 hyper-threaded processors. However, the extra hyper-threaded processors will not be used by default. Parallel Compilation will use 4 of the 4 physical processors detected instead.
Info (21077): Low junction temperature is 0 degrees C
Info (21077): High junction temperature is 85 degrees C
Critical Warning (332012): Synopsys Design Constraints File file not found: 'lab7.sdc'. A Synopsys Design Constraints File is required by the TimeQuest Timing Analyzer to get proper timing constraints. Without it, the Compiler will not properly optimize the design.
Info (332142): No user constrained base clocks found in the design. Calling "derive_clocks -period 1.0"
Info (332096): The command derive_clocks did not find any clocks to derive.  No clocks were created or changed.
Warning (332068): No clocks defined in design.
Info: Found TIMEQUEST_REPORT_SCRIPT_INCLUDE_DEFAULT_ANALYSIS = ON
Info (332159): No clocks to report
Info: Analyzing Slow Model
Info (332140): No fmax paths to report
Info (332140): No Setup paths to report
Info (332140): No Hold paths to report
Info (332140): No Recovery paths to report
Info (332140): No Removal paths to report
Info (332140): No Minimum Pulse Width paths to report
Info (332001): The selected device family is not supported by the report_metastability command.
Info: Analyzing Fast Model
Info (332142): No user constrained base clocks found in the design. Calling "derive_clocks -period 1.0"
Info (332096): The command derive_clocks did not find any clocks to derive.  No clocks were created or changed.
Warning (332068): No clocks defined in design.
Info (332140): No Setup paths to report
Info (332140): No Hold paths to report
Info (332140): No Recovery paths to report
Info (332140): No Removal paths to report
Info (332140): No Minimum Pulse Width paths to report
Info (332001): The selected device family is not supported by the report_metastability command.
Info (332102): Design is not fully constrained for setup requirements
Info (332102): Design is not fully constrained for hold requirements
Info: Quartus II 64-Bit TimeQuest Timing Analyzer was successful. 0 errors, 3 warnings
    Info: Peak virtual memory: 446 megabytes
    Info: Processing ended: Thu Mar 31 11:52:04 2016
    Info: Elapsed time: 00:00:08
    Info: Total CPU time (on all processors): 00:00:02


